********************************************************************************
* Unified simulation Tcl App stack trace dump
*
* File: .usf.tcl_error.log (Thu Jun  6 14:29:38 2024)
*
* This file is generated by the unified simulation automation and contains the
* tcl stack trace of error returned by the simulator App for the current run.
*
********************************************************************************
1
    while executing
"catch {open_run $synth_run -name $netlist} open_err"
    (procedure "xcs_write_design_netlist" line 48)
    invoked from within
"xcs_write_design_netlist $a_sim_vars(s_simset)           $a_sim_vars(s_simulation_flow)  $a_sim_vars(s_type)             $a_sim_vars(s_sim_top)       ..."
    (procedure "usf_modelsim_setup_simulation" line 33)
    invoked from within
"usf_modelsim_setup_simulation"
    (procedure "tclapp::xilinx::modelsim::setup" line 19)
    invoked from within
"tclapp::xilinx::modelsim::setup { -simset sim_1 -mode post-synthesis -type functional -run_dir F:/Git_Repository/DVB-S/FPGA_BU01/FPGA_BU01.sim/sim_1/s..."
