Vivado Simulator v2023.2
Copyright 1986-2022 Xilinx, Inc. All Rights Reserved.
Copyright 2022-2023 Advanced Micro Devices, Inc. All Rights Reserved.
Running: F:/FPGA/Vivado23/Vivado/2023.2/bin/unwrapped/win64.o/xelab.exe --incr --debug typical --relax --mt 2 -L xil_defaultlib -L xbip_utils_v3_0_11 -L axi_utils_v2_0_7 -L xbip_pipe_v3_0_7 -L xbip_bram18k_v3_0_7 -L mult_gen_v12_0_19 -L xbip_dsp48_wrapper_v3_0_5 -L xbip_dsp48_addsub_v3_0_7 -L xbip_dsp48_multadd_v3_0_7 -L dds_compiler_v6_0_23 -L c_reg_fd_v12_0_7 -L xbip_addsub_v3_0_7 -L c_addsub_v12_0_16 -L fir_compiler_v7_2_20 -L unisims_ver -L unimacro_ver -L secureip -L xpm --snapshot top_tb_behav xil_defaultlib.top_tb xil_defaultlib.glbl -log elaborate.log 
Using 2 slave threads.
Starting static elaboration
Pass Through NonSizing Optimizer
WARNING: [VRFC 10-5021] port 'm_axis_data_tvalid' is not connected on this instance [F:/Git_Repository/FPGA_myself/DVB-S/Vivado2/Vivado2.ip_user_files/bd/top/sim/top.v:104]
WARNING: [VRFC 10-5021] port 'm_axis_data_tvalid' is not connected on this instance [F:/Git_Repository/FPGA_myself/DVB-S/Vivado2/Vivado2.ip_user_files/bd/top/sim/top.v:107]
WARNING: [VRFC 10-5021] port 's_axis_data_tready' is not connected on this instance [F:/Git_Repository/FPGA_myself/DVB-S/Vivado2/Vivado2.ip_user_files/bd/top/sim/top.v:117]
WARNING: [VRFC 10-5021] port 's_axis_data_tready' is not connected on this instance [F:/Git_Repository/FPGA_myself/DVB-S/Vivado2/Vivado2.ip_user_files/bd/top/sim/top.v:122]
Completed static elaboration
Starting simulation data flow analysis
Completed simulation data flow analysis
Time Resolution for simulation is 1ps
Compiling package std.standard
Compiling package std.textio
Compiling package ieee.std_logic_1164
Compiling package ieee.numeric_std
Compiling package c_addsub_v12_0_16.c_addsub_v12_0_16_viv_comp
Compiling package xbip_utils_v3_0_11.xbip_utils_v3_0_11_pkg
Compiling package xbip_pipe_v3_0_7.xbip_pipe_v3_0_7_viv_comp
Compiling package xbip_addsub_v3_0_7.xbip_addsub_v3_0_7_viv_comp
Compiling package c_addsub_v12_0_16.c_addsub_v12_0_16_pkg
Compiling package c_addsub_v12_0_16.c_addsub_v12_0_16_pkg_legacy
Compiling package c_reg_fd_v12_0_7.c_reg_fd_v12_0_7_viv_comp
Compiling package unisim.vcomponents
Compiling package xbip_utils_v3_0_11.xcc_utils_v3_0
Compiling package dds_compiler_v6_0_23.dds_compiler_v6_0_23_viv_comp
Compiling package ieee.std_logic_arith
Compiling package ieee.std_logic_signed
Compiling package dds_compiler_v6_0_23.pkg_dds_compiler_v6_0_23
Compiling package dds_compiler_v6_0_23.dds_compiler_v6_0_23_hdl_comps
Compiling package axi_utils_v2_0_7.axi_utils_v2_0_7_pkg
Compiling package ieee.math_real
Compiling package axi_utils_v2_0_7.global_util_pkg
Compiling package axi_utils_v2_0_7.axi_utils_comps
Compiling package ieee.std_logic_unsigned
Compiling package dds_compiler_v6_0_23.pkg_betas
Compiling package dds_compiler_v6_0_23.pkg_alphas
Compiling package fir_compiler_v7_2_20.fir_compiler_v7_2_20_viv_comp
Compiling package ieee.std_logic_textio
Compiling package fir_compiler_v7_2_20.globals_pkg
Compiling package fir_compiler_v7_2_20.components
Compiling package ieee.vital_timing
Compiling package ieee.vital_primitives
Compiling package unisim.vpkg
Compiling package mult_gen_v12_0_19.mult_gen_v12_0_19_viv_comp
Compiling package mult_gen_v12_0_19.mult_gen_v12_0_19_pkg
Compiling package mult_gen_v12_0_19.dsp_pkg
Compiling module xil_defaultlib.Convolutional_Encoder2
Compiling module xil_defaultlib.Con_Encoder
Compiling module xil_defaultlib.top_Con_Encoder_0_0
Compiling module xil_defaultlib.Convolutional_Interleaver
Compiling module xil_defaultlib.Con_Interleaver
Compiling module xil_defaultlib.top_Con_Interleaver_0_0
Compiling module xil_defaultlib.EN_Gen
Compiling module xil_defaultlib.top_EN_Gen_0_0
Compiling module xil_defaultlib.PolarityShift
Compiling module xil_defaultlib.top_PolarityShift_0_0
Compiling module xil_defaultlib.top_PolarityShift_1_0
Compiling module xil_defaultlib.Integer_Input_RS_Encoder_HDL_Opt...
Compiling module xil_defaultlib.RS
Compiling module xil_defaultlib.top_RS_0_0
Compiling module xil_defaultlib.alphaScramble
Compiling module xil_defaultlib.top_alphaScramble_0_0
Compiling architecture structural of entity c_reg_fd_v12_0_7.c_reg_fd_v12_0_7_viv [\c_reg_fd_v12_0_7_viv(c_width=52...]
Compiling architecture muxcy_v of entity unisim.MUXCY [muxcy_default]
Compiling architecture xorcy_v of entity unisim.XORCY [xorcy_default]
Compiling architecture rtl of entity c_addsub_v12_0_16.c_addsub_v12_0_16_lut6_legacy [\c_addsub_v12_0_16_lut6_legacy(c...]
Compiling architecture synth of entity c_addsub_v12_0_16.c_addsub_v12_0_16_fabric_legacy [\c_addsub_v12_0_16_fabric_legacy...]
Compiling architecture synth of entity c_addsub_v12_0_16.c_addsub_v12_0_16_legacy [\c_addsub_v12_0_16_legacy(c_fami...]
Compiling architecture synth of entity c_addsub_v12_0_16.c_addsub_v12_0_16_viv [\c_addsub_v12_0_16_viv(c_xdevice...]
Compiling architecture xilinx of entity c_addsub_v12_0_16.c_addsub_v12_0_16 [\c_addsub_v12_0_16(c_xdevicefami...]
Compiling architecture top_c_addsub_0_0_arch of entity xil_defaultlib.top_c_addsub_0_0 [top_c_addsub_0_0_default]
Compiling architecture synth of entity xbip_pipe_v3_0_7.xbip_pipe_v3_0_7_viv [\xbip_pipe_v3_0_7_viv(c_latency=...]
Compiling architecture synth of entity xbip_pipe_v3_0_7.xbip_pipe_v3_0_7_viv [\xbip_pipe_v3_0_7_viv(c_latency=...]
Compiling architecture synth of entity dds_compiler_v6_0_23.dds_compiler_v6_0_23_rdy [\dds_compiler_v6_0_23_rdy(c_has_...]
Compiling architecture synth of entity dds_compiler_v6_0_23.dither_wrap [\dither_wrap(ci_phase_err_width=...]
Compiling architecture synth of entity xbip_pipe_v3_0_7.xbip_pipe_v3_0_7_viv [\xbip_pipe_v3_0_7_viv(c_has_ce=1...]
Compiling architecture synth of entity xbip_pipe_v3_0_7.xbip_pipe_v3_0_7_viv [\xbip_pipe_v3_0_7_viv(c_has_ce=1...]
Compiling architecture synth of entity xbip_pipe_v3_0_7.xbip_pipe_v3_0_7_viv [\xbip_pipe_v3_0_7_viv(c_has_ce=1...]
Compiling architecture synth of entity xbip_pipe_v3_0_7.xbip_pipe_v3_0_7_viv [\xbip_pipe_v3_0_7_viv(c_latency=...]
Compiling architecture synth of entity dds_compiler_v6_0_23.pipe_add [\pipe_add(c_width=29,c_seg_width...]
Compiling architecture synth of entity dds_compiler_v6_0_23.accum [\accum(c_xdevicefamily="zynq",c_...]
Compiling architecture synth of entity xbip_pipe_v3_0_7.xbip_pipe_v3_0_7_viv [\xbip_pipe_v3_0_7_viv(c_latency=...]
Compiling architecture synth of entity xbip_pipe_v3_0_7.xbip_pipe_v3_0_7_viv [\xbip_pipe_v3_0_7_viv(c_latency=...]
Compiling architecture synth of entity xbip_pipe_v3_0_7.xbip_pipe_v3_0_7_viv [\xbip_pipe_v3_0_7_viv(c_latency=...]
Compiling architecture synth of entity xbip_pipe_v3_0_7.xbip_pipe_v3_0_7_viv [\xbip_pipe_v3_0_7_viv(c_latency=...]
Compiling architecture synth of entity dds_compiler_v6_0_23.sin_cos [\sin_cos(c_xdevicefamily="zynq",...]
Compiling architecture synth of entity xbip_pipe_v3_0_7.xbip_pipe_v3_0_7_viv [\xbip_pipe_v3_0_7_viv(c_has_ce=1...]
Compiling architecture synth of entity xbip_pipe_v3_0_7.xbip_pipe_v3_0_7_viv [\xbip_pipe_v3_0_7_viv(c_has_ce=1...]
Compiling architecture synth of entity dds_compiler_v6_0_23.dds_compiler_v6_0_23_core [\dds_compiler_v6_0_23_core(c_xde...]
Compiling architecture synth of entity dds_compiler_v6_0_23.dds_compiler_v6_0_23_viv [\dds_compiler_v6_0_23_viv(c_xdev...]
Compiling architecture xilinx of entity dds_compiler_v6_0_23.dds_compiler_v6_0_23 [\dds_compiler_v6_0_23(c_xdevicef...]
Compiling architecture top_dds_compiler_0_0_arch of entity xil_defaultlib.top_dds_compiler_0_0 [top_dds_compiler_0_0_default]
Compiling architecture synth of entity dds_compiler_v6_0_23.sin_cos [\sin_cos(c_xdevicefamily="zynq",...]
Compiling architecture synth of entity dds_compiler_v6_0_23.dds_compiler_v6_0_23_core [\dds_compiler_v6_0_23_core(c_xde...]
Compiling architecture synth of entity dds_compiler_v6_0_23.dds_compiler_v6_0_23_viv [\dds_compiler_v6_0_23_viv(c_xdev...]
Compiling architecture xilinx of entity dds_compiler_v6_0_23.dds_compiler_v6_0_23 [\dds_compiler_v6_0_23(c_xdevicef...]
Compiling architecture top_dds_compiler_0_1_arch of entity xil_defaultlib.top_dds_compiler_0_1 [top_dds_compiler_0_1_default]
Compiling module xil_defaultlib.dec2bin_tc
Compiling module xil_defaultlib.Increment_Real_World
Compiling module xil_defaultlib.Wrap_To_Zero
Compiling module xil_defaultlib.Counter_Limited
Compiling module xil_defaultlib.dec2bin
Compiling module xil_defaultlib.top_dec2bin_0_0
Compiling architecture synth of entity fir_compiler_v7_2_20.cntrl_delay [\cntrl_delay(c_delay_len=0,c_mem...]
Compiling architecture synth of entity fir_compiler_v7_2_20.sp_mem [\sp_mem(c_xdevicefamily="zynq",c...]
Compiling architecture synth of entity fir_compiler_v7_2_20.sp_mem [\sp_mem(c_xdevicefamily="zynq",c...]
Compiling architecture synth of entity fir_compiler_v7_2_20.filt_mem [\filt_mem(c_xdevicefamily="zynq"...]
Compiling architecture synth of entity fir_compiler_v7_2_20.sp_mem [\sp_mem(c_xdevicefamily="zynq",c...]
Compiling architecture synth of entity fir_compiler_v7_2_20.sp_mem [\sp_mem(c_xdevicefamily="zynq",c...]
Compiling architecture synth of entity fir_compiler_v7_2_20.filt_mem [\filt_mem(c_xdevicefamily="zynq"...]
Compiling architecture synth of entity fir_compiler_v7_2_20.sp_mem [\sp_mem(c_xdevicefamily="zynq",c...]
Compiling architecture synth of entity fir_compiler_v7_2_20.sp_mem [\sp_mem(c_xdevicefamily="zynq",c...]
Compiling architecture synth of entity fir_compiler_v7_2_20.filt_mem [\filt_mem(c_xdevicefamily="zynq"...]
Compiling architecture synth of entity fir_compiler_v7_2_20.sp_mem [\sp_mem(c_xdevicefamily="zynq",c...]
Compiling architecture synth of entity fir_compiler_v7_2_20.sp_mem [\sp_mem(c_xdevicefamily="zynq",c...]
Compiling architecture synth of entity fir_compiler_v7_2_20.filt_mem [\filt_mem(c_xdevicefamily="zynq"...]
Compiling architecture synth of entity fir_compiler_v7_2_20.sp_mem [\sp_mem(c_xdevicefamily="zynq",c...]
Compiling architecture synth of entity fir_compiler_v7_2_20.sp_mem [\sp_mem(c_xdevicefamily="zynq",c...]
Compiling architecture synth of entity fir_compiler_v7_2_20.filt_mem [\filt_mem(c_xdevicefamily="zynq"...]
Compiling architecture synth of entity fir_compiler_v7_2_20.sp_mem [\sp_mem(c_xdevicefamily="zynq",c...]
Compiling architecture synth of entity fir_compiler_v7_2_20.sp_mem [\sp_mem(c_xdevicefamily="zynq",c...]
Compiling architecture synth of entity fir_compiler_v7_2_20.filt_mem [\filt_mem(c_xdevicefamily="zynq"...]
Compiling architecture synth of entity fir_compiler_v7_2_20.sp_mem [\sp_mem(c_xdevicefamily="zynq",c...]
Compiling architecture synth of entity fir_compiler_v7_2_20.sp_mem [\sp_mem(c_xdevicefamily="zynq",c...]
Compiling architecture synth of entity fir_compiler_v7_2_20.filt_mem [\filt_mem(c_xdevicefamily="zynq"...]
Compiling architecture synth of entity fir_compiler_v7_2_20.sp_mem [\sp_mem(c_xdevicefamily="zynq",c...]
Compiling architecture synth of entity fir_compiler_v7_2_20.sp_mem [\sp_mem(c_xdevicefamily="zynq",c...]
Compiling architecture synth of entity fir_compiler_v7_2_20.filt_mem [\filt_mem(c_xdevicefamily="zynq"...]
Compiling architecture synth of entity fir_compiler_v7_2_20.sp_mem [\sp_mem(c_xdevicefamily="zynq",c...]
Compiling architecture synth of entity fir_compiler_v7_2_20.sp_mem [\sp_mem(c_xdevicefamily="zynq",c...]
Compiling architecture synth of entity fir_compiler_v7_2_20.filt_mem [\filt_mem(c_xdevicefamily="zynq"...]
Compiling architecture synth of entity fir_compiler_v7_2_20.sp_mem [\sp_mem(c_xdevicefamily="zynq",c...]
Compiling architecture synth of entity fir_compiler_v7_2_20.sp_mem [\sp_mem(c_xdevicefamily="zynq",c...]
Compiling architecture synth of entity fir_compiler_v7_2_20.filt_mem [\filt_mem(c_xdevicefamily="zynq"...]
Compiling architecture synth of entity fir_compiler_v7_2_20.sp_mem [\sp_mem(c_xdevicefamily="zynq",c...]
Compiling architecture synth of entity fir_compiler_v7_2_20.sp_mem [\sp_mem(c_xdevicefamily="zynq",c...]
Compiling architecture synth of entity fir_compiler_v7_2_20.filt_mem [\filt_mem(c_xdevicefamily="zynq"...]
Compiling architecture synth of entity fir_compiler_v7_2_20.sp_mem [\sp_mem(c_xdevicefamily="zynq",c...]
Compiling architecture synth of entity fir_compiler_v7_2_20.sp_mem [\sp_mem(c_xdevicefamily="zynq",c...]
Compiling architecture synth of entity fir_compiler_v7_2_20.filt_mem [\filt_mem(c_xdevicefamily="zynq"...]
Compiling architecture synth of entity fir_compiler_v7_2_20.sp_mem [\sp_mem(c_xdevicefamily="zynq",c...]
Compiling architecture synth of entity fir_compiler_v7_2_20.sp_mem [\sp_mem(c_xdevicefamily="zynq",c...]
Compiling architecture synth of entity fir_compiler_v7_2_20.filt_mem [\filt_mem(c_xdevicefamily="zynq"...]
Compiling architecture synth of entity fir_compiler_v7_2_20.sp_mem [\sp_mem(c_xdevicefamily="zynq",c...]
Compiling architecture synth of entity fir_compiler_v7_2_20.sp_mem [\sp_mem(c_xdevicefamily="zynq",c...]
Compiling architecture synth of entity fir_compiler_v7_2_20.filt_mem [\filt_mem(c_xdevicefamily="zynq"...]
Compiling architecture synth of entity fir_compiler_v7_2_20.sp_mem [\sp_mem(c_xdevicefamily="zynq",c...]
Compiling architecture synth of entity fir_compiler_v7_2_20.sp_mem [\sp_mem(c_xdevicefamily="zynq",c...]
Compiling architecture synth of entity fir_compiler_v7_2_20.filt_mem [\filt_mem(c_xdevicefamily="zynq"...]
Compiling architecture synth of entity fir_compiler_v7_2_20.sp_mem [\sp_mem(c_xdevicefamily="zynq",c...]
Compiling architecture synth of entity fir_compiler_v7_2_20.sp_mem [\sp_mem(c_xdevicefamily="zynq",c...]
Compiling architecture synth of entity fir_compiler_v7_2_20.filt_mem [\filt_mem(c_xdevicefamily="zynq"...]
Compiling architecture synth of entity fir_compiler_v7_2_20.sp_mem [\sp_mem(c_xdevicefamily="zynq",c...]
Compiling architecture synth of entity fir_compiler_v7_2_20.sp_mem [\sp_mem(c_xdevicefamily="zynq",c...]
Compiling architecture synth of entity fir_compiler_v7_2_20.filt_mem [\filt_mem(c_xdevicefamily="zynq"...]
Compiling architecture synth of entity fir_compiler_v7_2_20.sp_mem [\sp_mem(c_xdevicefamily="zynq",c...]
Compiling architecture synth of entity fir_compiler_v7_2_20.sp_mem [\sp_mem(c_xdevicefamily="zynq",c...]
Compiling architecture synth of entity fir_compiler_v7_2_20.filt_mem [\filt_mem(c_xdevicefamily="zynq"...]
Compiling architecture synth of entity fir_compiler_v7_2_20.sp_mem [\sp_mem(c_xdevicefamily="zynq",c...]
Compiling architecture synth of entity fir_compiler_v7_2_20.sp_mem [\sp_mem(c_xdevicefamily="zynq",c...]
Compiling architecture synth of entity fir_compiler_v7_2_20.filt_mem [\filt_mem(c_xdevicefamily="zynq"...]
Compiling architecture synth of entity fir_compiler_v7_2_20.sp_mem [\sp_mem(c_xdevicefamily="zynq",c...]
Compiling architecture synth of entity fir_compiler_v7_2_20.sp_mem [\sp_mem(c_xdevicefamily="zynq",c...]
Compiling architecture synth of entity fir_compiler_v7_2_20.filt_mem [\filt_mem(c_xdevicefamily="zynq"...]
Compiling architecture synth of entity fir_compiler_v7_2_20.sp_mem [\sp_mem(c_xdevicefamily="zynq",c...]
Compiling architecture synth of entity fir_compiler_v7_2_20.filt_mem [\filt_mem(c_xdevicefamily="zynq"...]
Compiling architecture synth of entity fir_compiler_v7_2_20.delay [\delay(c_delay_len=1,c_xdevicefa...]
Compiling architecture synth of entity fir_compiler_v7_2_20.buff [\buff(c_xdevicefamily="zynq",c_d...]
Compiling architecture synth of entity fir_compiler_v7_2_20.delay [\delay(c_delay_len=40,c_xdevicef...]
Compiling architecture synth of entity fir_compiler_v7_2_20.delay [\delay(c_delay_len=39,c_xdevicef...]
Compiling architecture synth of entity fir_compiler_v7_2_20.delay [\delay(c_delay_len=38,c_xdevicef...]
Compiling architecture synth of entity fir_compiler_v7_2_20.delay [\delay(c_delay_len=37,c_xdevicef...]
Compiling architecture synth of entity fir_compiler_v7_2_20.delay [\delay(c_delay_len=36,c_xdevicef...]
Compiling architecture synth of entity fir_compiler_v7_2_20.delay [\delay(c_delay_len=35,c_xdevicef...]
Compiling architecture synth of entity fir_compiler_v7_2_20.delay [\delay(c_delay_len=34,c_xdevicef...]
Compiling architecture synth of entity fir_compiler_v7_2_20.delay [\delay(c_delay_len=33,c_xdevicef...]
Compiling architecture synth of entity fir_compiler_v7_2_20.delay [\delay(c_delay_len=32,c_xdevicef...]
Compiling architecture synth of entity fir_compiler_v7_2_20.delay [\delay(c_delay_len=31,c_xdevicef...]
Compiling architecture synth of entity fir_compiler_v7_2_20.delay [\delay(c_delay_len=30,c_xdevicef...]
Compiling architecture synth of entity fir_compiler_v7_2_20.delay [\delay(c_delay_len=29,c_xdevicef...]
Compiling architecture synth of entity fir_compiler_v7_2_20.delay [\delay(c_delay_len=28,c_xdevicef...]
Compiling architecture synth of entity fir_compiler_v7_2_20.delay [\delay(c_delay_len=27,c_xdevicef...]
Compiling architecture synth of entity fir_compiler_v7_2_20.delay [\delay(c_delay_len=26,c_xdevicef...]
Compiling architecture synth of entity fir_compiler_v7_2_20.delay [\delay(c_delay_len=25,c_xdevicef...]
Compiling architecture synth of entity fir_compiler_v7_2_20.delay [\delay(c_delay_len=24,c_xdevicef...]
Compiling architecture synth of entity fir_compiler_v7_2_20.delay [\delay(c_delay_len=23,c_xdevicef...]
Compiling architecture synth of entity fir_compiler_v7_2_20.delay [\delay(c_delay_len=22,c_xdevicef...]
Compiling architecture synth of entity fir_compiler_v7_2_20.delay [\delay(c_delay_len=21,c_xdevicef...]
Compiling architecture synth of entity fir_compiler_v7_2_20.delay [\delay(c_delay_len=20,c_xdevicef...]
Compiling architecture synth of entity fir_compiler_v7_2_20.delay [\delay(c_delay_len=19,c_xdevicef...]
Compiling architecture synth of entity fir_compiler_v7_2_20.delay [\delay(c_delay_len=18,c_xdevicef...]
Compiling architecture synth of entity fir_compiler_v7_2_20.delay [\delay(c_delay_len=17,c_xdevicef...]
Compiling architecture synth of entity fir_compiler_v7_2_20.delay [\delay(c_delay_len=16,c_xdevicef...]
Compiling architecture synth of entity fir_compiler_v7_2_20.delay [\delay(c_delay_len=15,c_xdevicef...]
Compiling architecture synth of entity fir_compiler_v7_2_20.delay [\delay(c_delay_len=14,c_xdevicef...]
Compiling architecture synth of entity fir_compiler_v7_2_20.delay [\delay(c_delay_len=13,c_xdevicef...]
Compiling architecture synth of entity fir_compiler_v7_2_20.delay [\delay(c_delay_len=12,c_xdevicef...]
Compiling architecture synth of entity fir_compiler_v7_2_20.delay [\delay(c_delay_len=11,c_xdevicef...]
Compiling architecture synth of entity fir_compiler_v7_2_20.delay [\delay(c_delay_len=10,c_xdevicef...]
Compiling architecture synth of entity fir_compiler_v7_2_20.delay [\delay(c_delay_len=9,c_xdevicefa...]
Compiling architecture synth of entity fir_compiler_v7_2_20.delay [\delay(c_delay_len=8,c_xdevicefa...]
Compiling architecture synth of entity fir_compiler_v7_2_20.delay [\delay(c_delay_len=7,c_xdevicefa...]
Compiling architecture synth of entity fir_compiler_v7_2_20.delay [\delay(c_delay_len=6,c_xdevicefa...]
Compiling architecture synth of entity fir_compiler_v7_2_20.delay [\delay(c_delay_len=5,c_xdevicefa...]
Compiling architecture synth of entity fir_compiler_v7_2_20.delay [\delay(c_delay_len=4,c_xdevicefa...]
Compiling architecture synth of entity fir_compiler_v7_2_20.delay [\delay(c_delay_len=3,c_xdevicefa...]
Compiling architecture synth of entity fir_compiler_v7_2_20.delay [\delay(c_delay_len=0,c_xdevicefa...]
Compiling architecture synth of entity fir_compiler_v7_2_20.buff [\buff(c_xdevicefamily="zynq",c_d...]
Compiling architecture synth of entity fir_compiler_v7_2_20.delay [\delay(c_delay_len=0,c_xdevicefa...]
Compiling architecture dsp48e1_v of entity unisim.DSP48E1 [\DSP48E1(mask="11111111111111111...]
Compiling architecture synth of entity fir_compiler_v7_2_20.calc [\calc(c_xdevicefamily="zynq",c_p...]
Compiling architecture synth of entity fir_compiler_v7_2_20.addsub_mult_add [\addsub_mult_add(c_xdevicefamily...]
Compiling architecture synth of entity fir_compiler_v7_2_20.delay [\delay(c_delay_len=0,c_xdevicefa...]
Compiling architecture synth of entity fir_compiler_v7_2_20.addsub_mult_add [\addsub_mult_add(c_xdevicefamily...]
Compiling architecture synth of entity fir_compiler_v7_2_20.sp_mem [\sp_mem(c_xdevicefamily="zynq",c...]
Compiling architecture synth of entity fir_compiler_v7_2_20.sp_mem [\sp_mem(c_xdevicefamily="zynq",c...]
Compiling architecture synth of entity fir_compiler_v7_2_20.filt_mem [\filt_mem(c_xdevicefamily="zynq"...]
Compiling architecture synth of entity fir_compiler_v7_2_20.sp_mem [\sp_mem(c_xdevicefamily="zynq",c...]
Compiling architecture synth of entity fir_compiler_v7_2_20.sp_mem [\sp_mem(c_xdevicefamily="zynq",c...]
Compiling architecture synth of entity fir_compiler_v7_2_20.filt_mem [\filt_mem(c_xdevicefamily="zynq"...]
Compiling architecture synth of entity fir_compiler_v7_2_20.sp_mem [\sp_mem(c_xdevicefamily="zynq",c...]
Compiling architecture synth of entity fir_compiler_v7_2_20.sp_mem [\sp_mem(c_xdevicefamily="zynq",c...]
Compiling architecture synth of entity fir_compiler_v7_2_20.filt_mem [\filt_mem(c_xdevicefamily="zynq"...]
Compiling architecture synth of entity fir_compiler_v7_2_20.sp_mem [\sp_mem(c_xdevicefamily="zynq",c...]
Compiling architecture synth of entity fir_compiler_v7_2_20.sp_mem [\sp_mem(c_xdevicefamily="zynq",c...]
Compiling architecture synth of entity fir_compiler_v7_2_20.filt_mem [\filt_mem(c_xdevicefamily="zynq"...]
Compiling architecture synth of entity fir_compiler_v7_2_20.sp_mem [\sp_mem(c_xdevicefamily="zynq",c...]
Compiling architecture synth of entity fir_compiler_v7_2_20.sp_mem [\sp_mem(c_xdevicefamily="zynq",c...]
Compiling architecture synth of entity fir_compiler_v7_2_20.filt_mem [\filt_mem(c_xdevicefamily="zynq"...]
Compiling architecture synth of entity fir_compiler_v7_2_20.sp_mem [\sp_mem(c_xdevicefamily="zynq",c...]
Compiling architecture synth of entity fir_compiler_v7_2_20.sp_mem [\sp_mem(c_xdevicefamily="zynq",c...]
Compiling architecture synth of entity fir_compiler_v7_2_20.filt_mem [\filt_mem(c_xdevicefamily="zynq"...]
Compiling architecture synth of entity fir_compiler_v7_2_20.sp_mem [\sp_mem(c_xdevicefamily="zynq",c...]
Compiling architecture synth of entity fir_compiler_v7_2_20.sp_mem [\sp_mem(c_xdevicefamily="zynq",c...]
Compiling architecture synth of entity fir_compiler_v7_2_20.filt_mem [\filt_mem(c_xdevicefamily="zynq"...]
Compiling architecture synth of entity fir_compiler_v7_2_20.sp_mem [\sp_mem(c_xdevicefamily="zynq",c...]
Compiling architecture synth of entity fir_compiler_v7_2_20.sp_mem [\sp_mem(c_xdevicefamily="zynq",c...]
Compiling architecture synth of entity fir_compiler_v7_2_20.filt_mem [\filt_mem(c_xdevicefamily="zynq"...]
Compiling architecture synth of entity fir_compiler_v7_2_20.sp_mem [\sp_mem(c_xdevicefamily="zynq",c...]
Compiling architecture synth of entity fir_compiler_v7_2_20.sp_mem [\sp_mem(c_xdevicefamily="zynq",c...]
Compiling architecture synth of entity fir_compiler_v7_2_20.filt_mem [\filt_mem(c_xdevicefamily="zynq"...]
Compiling architecture synth of entity fir_compiler_v7_2_20.sp_mem [\sp_mem(c_xdevicefamily="zynq",c...]
Compiling architecture synth of entity fir_compiler_v7_2_20.sp_mem [\sp_mem(c_xdevicefamily="zynq",c...]
Compiling architecture synth of entity fir_compiler_v7_2_20.filt_mem [\filt_mem(c_xdevicefamily="zynq"...]
Compiling architecture synth of entity fir_compiler_v7_2_20.sp_mem [\sp_mem(c_xdevicefamily="zynq",c...]
Compiling architecture synth of entity fir_compiler_v7_2_20.sp_mem [\sp_mem(c_xdevicefamily="zynq",c...]
Compiling architecture synth of entity fir_compiler_v7_2_20.filt_mem [\filt_mem(c_xdevicefamily="zynq"...]
Compiling architecture synth of entity fir_compiler_v7_2_20.sp_mem [\sp_mem(c_xdevicefamily="zynq",c...]
Compiling architecture synth of entity fir_compiler_v7_2_20.sp_mem [\sp_mem(c_xdevicefamily="zynq",c...]
Compiling architecture synth of entity fir_compiler_v7_2_20.filt_mem [\filt_mem(c_xdevicefamily="zynq"...]
Compiling architecture synth of entity fir_compiler_v7_2_20.sp_mem [\sp_mem(c_xdevicefamily="zynq",c...]
Compiling architecture synth of entity fir_compiler_v7_2_20.sp_mem [\sp_mem(c_xdevicefamily="zynq",c...]
Compiling architecture synth of entity fir_compiler_v7_2_20.filt_mem [\filt_mem(c_xdevicefamily="zynq"...]
Compiling architecture synth of entity fir_compiler_v7_2_20.sp_mem [\sp_mem(c_xdevicefamily="zynq",c...]
Compiling architecture synth of entity fir_compiler_v7_2_20.sp_mem [\sp_mem(c_xdevicefamily="zynq",c...]
Compiling architecture synth of entity fir_compiler_v7_2_20.filt_mem [\filt_mem(c_xdevicefamily="zynq"...]
Compiling architecture synth of entity fir_compiler_v7_2_20.sp_mem [\sp_mem(c_xdevicefamily="zynq",c...]
Compiling architecture synth of entity fir_compiler_v7_2_20.sp_mem [\sp_mem(c_xdevicefamily="zynq",c...]
Compiling architecture synth of entity fir_compiler_v7_2_20.filt_mem [\filt_mem(c_xdevicefamily="zynq"...]
Compiling architecture synth of entity fir_compiler_v7_2_20.sp_mem [\sp_mem(c_xdevicefamily="zynq",c...]
Compiling architecture synth of entity fir_compiler_v7_2_20.sp_mem [\sp_mem(c_xdevicefamily="zynq",c...]
Compiling architecture synth of entity fir_compiler_v7_2_20.filt_mem [\filt_mem(c_xdevicefamily="zynq"...]
Compiling architecture synth of entity fir_compiler_v7_2_20.sp_mem [\sp_mem(c_xdevicefamily="zynq",c...]
Compiling architecture synth of entity fir_compiler_v7_2_20.sp_mem [\sp_mem(c_xdevicefamily="zynq",c...]
Compiling architecture synth of entity fir_compiler_v7_2_20.filt_mem [\filt_mem(c_xdevicefamily="zynq"...]
Compiling architecture synth of entity fir_compiler_v7_2_20.sp_mem [\sp_mem(c_xdevicefamily="zynq",c...]
Compiling architecture synth of entity fir_compiler_v7_2_20.sp_mem [\sp_mem(c_xdevicefamily="zynq",c...]
Compiling architecture synth of entity fir_compiler_v7_2_20.filt_mem [\filt_mem(c_xdevicefamily="zynq"...]
Compiling architecture synth of entity fir_compiler_v7_2_20.sp_mem [\sp_mem(c_xdevicefamily="zynq",c...]
Compiling architecture synth of entity fir_compiler_v7_2_20.sp_mem [\sp_mem(c_xdevicefamily="zynq",c...]
Compiling architecture synth of entity fir_compiler_v7_2_20.filt_mem [\filt_mem(c_xdevicefamily="zynq"...]
Compiling architecture synth of entity fir_compiler_v7_2_20.sp_mem [\sp_mem(c_xdevicefamily="zynq",c...]
Compiling architecture synth of entity fir_compiler_v7_2_20.sp_mem [\sp_mem(c_xdevicefamily="zynq",c...]
Compiling architecture synth of entity fir_compiler_v7_2_20.filt_mem [\filt_mem(c_xdevicefamily="zynq"...]
Compiling architecture synth of entity fir_compiler_v7_2_20.sp_mem [\sp_mem(c_xdevicefamily="zynq",c...]
Compiling architecture synth of entity fir_compiler_v7_2_20.filt_mem [\filt_mem(c_xdevicefamily="zynq"...]
Compiling architecture synth of entity fir_compiler_v7_2_20.delay [\delay(c_delay_len=0,c_xdevicefa...]
Compiling architecture synth of entity fir_compiler_v7_2_20.calc [\calc(c_xdevicefamily="zynq",c_p...]
Compiling architecture synth of entity fir_compiler_v7_2_20.addsub_mult_add [\addsub_mult_add(c_xdevicefamily...]
Compiling architecture synth of entity fir_compiler_v7_2_20.addsub_mult_add [\addsub_mult_add(c_xdevicefamily...]
Compiling architecture synth of entity fir_compiler_v7_2_20.delay [\delay(c_delay_len=2,c_xdevicefa...]
Compiling architecture synth of entity fir_compiler_v7_2_20.delay [\delay(c_delay_len=1,c_xdevicefa...]
Compiling architecture synth of entity fir_compiler_v7_2_20.delay [\delay(c_delay_len=47,c_xdevicef...]
Compiling architecture synth of entity fir_compiler_v7_2_20.delay [\delay(c_delay_len=0,c_xdevicefa...]
Compiling architecture synth of entity fir_compiler_v7_2_20.delay [\delay(c_delay_len=0,c_xdevicefa...]
Compiling architecture dsp48e1_v of entity unisim.DSP48E1 [\DSP48E1(inmodereg=0,mask="11111...]
Compiling architecture synth of entity fir_compiler_v7_2_20.delay [\delay(c_delay_len=0,c_xdevicefa...]
Compiling architecture synth of entity fir_compiler_v7_2_20.calc [\calc(c_xdevicefamily="zynq",c_p...]
Compiling architecture synth of entity fir_compiler_v7_2_20.add_accum [\add_accum(c_xdevicefamily="zynq...]
Compiling architecture synth of entity fir_compiler_v7_2_20.delay [\delay(c_delay_len=2,c_xdevicefa...]
Compiling architecture synth of entity fir_compiler_v7_2_20.delay [\delay(c_delay_len=2,c_xdevicefa...]
Compiling architecture synth of entity fir_compiler_v7_2_20.ext_mult [\ext_mult(c_xdevicefamily="zynq"...]
Compiling architecture synth of entity fir_compiler_v7_2_20.single_rate [\single_rate(c_xdevicefamily="zy...]
Compiling architecture synth of entity fir_compiler_v7_2_20.fir_compiler_v7_2_20_viv [\fir_compiler_v7_2_20_viv(c_xdev...]
Compiling architecture xilinx of entity fir_compiler_v7_2_20.fir_compiler_v7_2_20 [\fir_compiler_v7_2_20(c_xdevicef...]
Compiling architecture top_fir_compiler_0_0_arch of entity xil_defaultlib.top_fir_compiler_0_0 [top_fir_compiler_0_0_default]
Compiling architecture synth of entity fir_compiler_v7_2_20.single_rate [\single_rate(c_xdevicefamily="zy...]
Compiling architecture synth of entity fir_compiler_v7_2_20.fir_compiler_v7_2_20_viv [\fir_compiler_v7_2_20_viv(c_xdev...]
Compiling architecture xilinx of entity fir_compiler_v7_2_20.fir_compiler_v7_2_20 [\fir_compiler_v7_2_20(c_xdevicef...]
Compiling architecture top_fir_compiler_0_1_arch of entity xil_defaultlib.top_fir_compiler_0_1 [top_fir_compiler_0_1_default]
Compiling architecture xilinx of entity mult_gen_v12_0_19.delay_line [\delay_line(c_xdevicefamily="zyn...]
Compiling architecture xilinx of entity mult_gen_v12_0_19.delay_line [\delay_line(c_xdevicefamily="zyn...]
Compiling architecture xilinx of entity mult_gen_v12_0_19.delay_line [\delay_line(c_xdevicefamily="zyn...]
Compiling architecture dsp48e1_v of entity unisim.DSP48E1 [\DSP48E1(alumodereg=0,carryinreg...]
Compiling architecture xilinx of entity mult_gen_v12_0_19.delay_line [\delay_line(c_xdevicefamily="zyn...]
Compiling architecture dsp48e1_v of entity unisim.DSP48E1 [\DSP48E1(acascreg=2,areg=2,b_inp...]
Compiling architecture xilinx of entity mult_gen_v12_0_19.delay_line [\delay_line(c_xdevicefamily="zyn...]
Compiling architecture xilinx of entity mult_gen_v12_0_19.op_resize [\op_resize(ai_width=32,ao_width=...]
Compiling architecture xilinx of entity mult_gen_v12_0_19.dsp [\dsp(c_xdevicefamily="zynq",c_a_...]
Compiling architecture xilinx of entity mult_gen_v12_0_19.mult_gen_v12_0_19_viv [\mult_gen_v12_0_19_viv(c_verbosi...]
Compiling architecture xilinx of entity mult_gen_v12_0_19.mult_gen_v12_0_19 [\mult_gen_v12_0_19(c_xdevicefami...]
Compiling architecture top_mult_gen_0_0_arch of entity xil_defaultlib.top_mult_gen_0_0 [top_mult_gen_0_0_default]
Compiling architecture top_mult_gen_0_3_arch of entity xil_defaultlib.top_mult_gen_0_3 [top_mult_gen_0_3_default]
Compiling module xil_defaultlib.MATLAB_Function
Compiling module xil_defaultlib.sigSource
Compiling module xil_defaultlib.top_sigSource_0_0
Compiling module xil_defaultlib.terminal
Compiling module xil_defaultlib.top_terminal_0_0
Compiling module xil_defaultlib.top
Compiling module xil_defaultlib.top_wrapper
Compiling module xil_defaultlib.top_tb
Compiling module xil_defaultlib.glbl
Built simulation snapshot top_tb_behav
