INFO: [VRFC 10-2263] Analyzing Verilog file "D:/desktop/FPGA/DVB/DVBS/hdl_prj/hdlsrc/DVBS/alpharandomization.v" into library xil_defaultlib
INFO: [VRFC 10-311] analyzing module alpharandomization
INFO: [VRFC 10-2263] Analyzing Verilog file "D:/desktop/FPGA/DVB/DVBS/hdl_prj/hdlsrc/DVBS/Integer_Input_RS_Encoder_HDL_Optimized.v" into library xil_defaultlib
INFO: [VRFC 10-311] analyzing module Integer_Input_RS_Encoder_HDL_Optimized
INFO: [VRFC 10-2263] Analyzing Verilog file "D:/desktop/FPGA/DVB/DVBS/hdl_prj/hdlsrc/DVBS/RS1.v" into library xil_defaultlib
INFO: [VRFC 10-311] analyzing module RS1
INFO: [VRFC 10-2263] Analyzing Verilog file "D:/desktop/FPGA/DVB/DVBS/hdl_prj/hdlsrc/dbvs/dbvs.srcs/sources_1/new/RS_EN_GEN.v" into library xil_defaultlib
INFO: [VRFC 10-311] analyzing module RS_EN_GEN
WARNING: [VRFC 10-3676] redeclaration of ansi port 'simstart' is not allowed [D:/desktop/FPGA/DVB/DVBS/hdl_prj/hdlsrc/dbvs/dbvs.srcs/sources_1/new/RS_EN_GEN.v:33]
WARNING: [VRFC 10-3676] redeclaration of ansi port 'simend' is not allowed [D:/desktop/FPGA/DVB/DVBS/hdl_prj/hdlsrc/dbvs/dbvs.srcs/sources_1/new/RS_EN_GEN.v:34]
WARNING: [VRFC 10-3676] redeclaration of ansi port 'load' is not allowed [D:/desktop/FPGA/DVB/DVBS/hdl_prj/hdlsrc/dbvs/dbvs.srcs/sources_1/new/RS_EN_GEN.v:35]
INFO: [VRFC 10-2263] Analyzing Verilog file "D:/desktop/FPGA/DVB/DVBS/hdl_prj/hdlsrc/dbvs/dbvs.srcs/sources_1/new/Random_Gen_8.v" into library xil_defaultlib
INFO: [VRFC 10-311] analyzing module Rand_Gen_8
INFO: [VRFC 10-2263] Analyzing Verilog file "D:/desktop/FPGA/DVB/DVBS/hdl_prj/hdlsrc/dbvs/dbvs.ip_user_files/bd/top/ip/top_sim_clk_gen_0_0/sim/top_sim_clk_gen_0_0.v" into library xil_defaultlib
INFO: [VRFC 10-311] analyzing module top_sim_clk_gen_0_0
INFO: [VRFC 10-2263] Analyzing Verilog file "D:/desktop/FPGA/DVB/DVBS/hdl_prj/hdlsrc/dbvs/dbvs.ip_user_files/bd/top/sim/top.v" into library xil_defaultlib
INFO: [VRFC 10-311] analyzing module top
INFO: [VRFC 10-2263] Analyzing Verilog file "D:/desktop/FPGA/DVB/DVBS/hdl_prj/hdlsrc/dbvs/dbvs.ip_user_files/bd/top/ip/top_alpharandomization_0_0/sim/top_alpharandomization_0_0.v" into library xil_defaultlib
INFO: [VRFC 10-311] analyzing module top_alpharandomization_0_0
INFO: [VRFC 10-2263] Analyzing Verilog file "D:/desktop/FPGA/DVB/DVBS/hdl_prj/hdlsrc/dbvs/dbvs.ip_user_files/bd/top/ip/top_xlconstant_0_0/sim/top_xlconstant_0_0.v" into library xil_defaultlib
INFO: [VRFC 10-311] analyzing module top_xlconstant_0_0
INFO: [VRFC 10-2263] Analyzing Verilog file "D:/desktop/FPGA/DVB/DVBS/hdl_prj/hdlsrc/dbvs/dbvs.ip_user_files/bd/top/ip/top_RS1_0_0/sim/top_RS1_0_0.v" into library xil_defaultlib
INFO: [VRFC 10-311] analyzing module top_RS1_0_0
INFO: [VRFC 10-2263] Analyzing Verilog file "D:/desktop/FPGA/DVB/DVBS/hdl_prj/hdlsrc/dbvs/dbvs.ip_user_files/bd/top/ip/top_RS_EN_GEN_0_0/sim/top_RS_EN_GEN_0_0.v" into library xil_defaultlib
INFO: [VRFC 10-311] analyzing module top_RS_EN_GEN_0_0
INFO: [VRFC 10-2263] Analyzing Verilog file "D:/desktop/FPGA/DVB/DVBS/hdl_prj/hdlsrc/dbvs/dbvs.ip_user_files/bd/top/ip/top_Rand_Gen_8_0_0/sim/top_Rand_Gen_8_0_0.v" into library xil_defaultlib
INFO: [VRFC 10-311] analyzing module top_Rand_Gen_8_0_0
INFO: [VRFC 10-2263] Analyzing Verilog file "D:/desktop/FPGA/DVB/DVBS/hdl_prj/hdlsrc/dbvs/dbvs.ip_user_files/bd/top/ip/top_xlconstant_0_1/sim/top_xlconstant_0_1.v" into library xil_defaultlib
INFO: [VRFC 10-311] analyzing module top_xlconstant_0_1
INFO: [VRFC 10-2263] Analyzing Verilog file "D:/desktop/FPGA/DVB/DVBS/hdl_prj/hdlsrc/dbvs/dbvs.srcs/sources_1/bd/top/hdl/top_wrapper.v" into library xil_defaultlib
INFO: [VRFC 10-311] analyzing module top_wrapper
