# do {top_tb_compile.do}
# Model Technology ModelSim SE-64 vmap 2020.4 Lib Mapping Utility 2020.10 Oct 13 2020
# vmap xil_defaultlib modelsim_lib/msim/xil_defaultlib 
# Modifying modelsim.ini
# Model Technology ModelSim SE-64 vlog 2020.4 Compiler 2020.10 Oct 13 2020
# Start time: 14:29:55 on Jun 06,2024
# vlog -incr -mfcu -work xil_defaultlib top_tb_time_synth.v ../../../../../FPGA_BU01.srcs/sim_1/new/top_tb.v 
# -- Compiling module top
# -- Compiling module top_Con_Encoder_0_0
# -- Compiling module top_Con_Encoder_0_0_Con_Encoder
# -- Compiling module top_Con_Encoder_0_0_Convolutional_Encoder2
# -- Compiling module top_DataSource_Scrambler_0_1
# -- Compiling module top_DataSource_Scrambler_0_1_CLKdivide
# -- Compiling module top_DataSource_Scrambler_0_1_DataSource_Scrambler
# -- Compiling module top_DataSource_Scrambler_0_1_Detect_Rise_Positive
# -- Compiling module top_DataSource_Scrambler_0_1_Detect_Rise_Positive1
# -- Compiling module top_DataSource_Scrambler_0_1_Detect_Rise_Positive_block
# -- Compiling module top_DataSource_Scrambler_0_1_HeaderProcess
# -- Compiling module top_DataSource_Scrambler_0_1_MATLAB_Function
# -- Compiling module top_DataSource_Scrambler_0_1_RS_Gen
# -- Compiling module top_DataSource_Scrambler_0_1_myScrambler
# -- Compiling module top_DataSource_Scrambler_0_1_sigSource
# -- Compiling module top_Interleaver_0_0
# -- Compiling module top_Interleaver_0_0_Con_Interleaver
# -- Compiling module top_Interleaver_0_0_Convolutional_Interleaver
# -- Compiling module top_Interleaver_0_0_Interleaver
# -- Compiling module top_PolarityShift_0_0
# -- Compiling module top_PolarityShift_0_0_PolarityShift
# -- Compiling module top_PolarityShift_1_0
# -- Compiling module top_PolarityShift_1_0_PolarityShift
# -- Compiling module top_RS_Enc_0_0
# -- Compiling module top_RS_Enc_0_0_Integer_Input_RS_Encoder_HDL_Optimized
# -- Compiling module top_RS_Enc_0_0_RS
# -- Compiling module top_RS_Enc_0_0_RS_Enc
# -- Compiling module top_c_addsub_0_0
# -- Compiling module top_dds_compiler_0_0
# -- Compiling module top_dds_compiler_0_1
# -- Compiling module top_dec2bin_0_3
# -- Compiling module top_dec2bin_0_3_dec2bin
# -- Compiling module top_fir_compiler_0_0
# -- Compiling module top_fir_compiler_0_2
# -- Compiling module top_mult_gen_0_0
# -- Compiling module top_mult_gen_0_1
# -- Compiling module top_terminal_0_0
# -- Compiling module top_terminal_0_0_terminal
# -- Compiling module top_util_ds_buf_0_0
# -- Compiling module top_util_ds_buf_0_0_util_ds_buf
# -- Compiling module top_wrapper
# -- Compiling module glbl
# -- Compiling module top_tb
# 
# Top level modules:
# 	glbl
# 	top_tb
# End time: 14:29:56 on Jun 06,2024, Elapsed time: 0:00:01
# Errors: 0, Warnings: 0
