# //  ModelSim SE-64 2020.4 Oct 13 2020
# //
# //  Copyright 1991-2020 Mentor Graphics Corporation
# //  All Rights Reserved.
# //
# //  ModelSim SE-64 and its associated documentation contain trade
# //  secrets and commercial or financial information that are the property of
# //  Mentor Graphics Corporation and are privileged, confidential,
# //  and exempt from disclosure under the Freedom of Information Act,
# //  5 U.S.C. Section 552. Furthermore, this information
# //  is prohibited from disclosure under the Trade Secrets Act,
# //  18 U.S.C. Section 1905.
# //
# do {top_tb_simulate.do}
# vsim -voptargs=""+acc"" -L xil_defaultlib -L xlconstant_v1_1_8 -L sim_clk_gen_v1_0_3 -L unisims_ver -L unimacro_ver -L secureip -L xpm -lib xil_defaultlib xil_defaultlib.top_tb xil_defaultlib.glbl 
# Start time: 11:22:07 on May 15,2024
# ** Note: (vsim-3812) Design is being optimized...
# ** Error (suppressible): ../../../../vivado.srcs/sim_1/new/top_tb.v(35): (vopt-2912) Port 'clk_0' not found in module 'top_wrapper' (3rd connection).
# ** Error (suppressible): ../../../../vivado.srcs/sim_1/new/top_tb.v(35): (vopt-2912) Port 'reset_n_0' not found in module 'top_wrapper' (4th connection).
# Optimization failed
# ** Note: (vsim-12126) Error and warning message counts have been restored: Errors=2, Warnings=0.
# Error loading design
# Error: Error loading design
#        Pausing macro execution
# MACRO ./top_tb_simulate.do PAUSED at line 9
dataset reload -f
# Dataset not found: 
# End time: 11:22:48 on May 15,2024, Elapsed time: 0:00:41
# Errors: 2, Warnings: 0
