# do {top_wrapper_compile.do}
# ** Warning: (vlib-34) Library already exists at "modelsim_lib/work".
# ** Warning: (vlib-34) Library already exists at "modelsim_lib/msim".
# ** Warning: (vlib-34) Library already exists at "modelsim_lib/msim/xil_defaultlib".
# Model Technology ModelSim SE-64 vmap 10.6d Lib Mapping Utility 2018.02 Feb 24 2018
# vmap xil_defaultlib modelsim_lib/msim/xil_defaultlib 
# Modifying F:\EDA\modeltech64_10.6d\vivado_sim\modelsim.ini
# ** Warning: (vlog-159) Mode option -64 is not supported in this context and will be ignored.
# Model Technology ModelSim SE-64 vlog 10.6d Compiler 2018.02 Feb 24 2018
# Start time: 15:48:17 on Apr 18,2024
# vlog -64 -incr -work xil_defaultlib ../../../../../DVBS/alpharandomization.v ../../../../../DVBS/Integer_Input_RS_Encoder_HDL_Optimized.v ../../../../../DVBS/RS1.v ../../../../dbvs.srcs/sources_1/new/RS_EN_GEN.v ../../../../dbvs.srcs/sources_1/new/Random_Gen_8.v ../../../../dbvs.ip_user_files/bd/top/ip/top_sim_clk_gen_0_0/sim/top_sim_clk_gen_0_0.v ../../../../dbvs.ip_user_files/bd/top/sim/top.v ../../../../dbvs.ip_user_files/bd/top/ip/top_alpharandomization_0_0/sim/top_alpharandomization_0_0.v ../../../../dbvs.ip_user_files/bd/top/ip/top_xlconstant_0_0/sim/top_xlconstant_0_0.v ../../../../dbvs.ip_user_files/bd/top/ip/top_RS1_0_0/sim/top_RS1_0_0.v ../../../../dbvs.ip_user_files/bd/top/ip/top_RS_EN_GEN_0_0/sim/top_RS_EN_GEN_0_0.v ../../../../dbvs.ip_user_files/bd/top/ip/top_Rand_Gen_8_0_0/sim/top_Rand_Gen_8_0_0.v ../../../../dbvs.ip_user_files/bd/top/ip/top_xlconstant_0_1/sim/top_xlconstant_0_1.v ../../../../dbvs.srcs/sources_1/bd/top/hdl/top_wrapper.v 
# -- Skipping module alpharandomization
# -- Skipping module Integer_Input_RS_Encoder_HDL_Optimized
# -- Skipping module RS1
# -- Compiling module RS_EN_GEN
# -- Skipping module Rand_Gen_8
# -- Skipping module top_sim_clk_gen_0_0
# -- Skipping module top
# -- Skipping module top_alpharandomization_0_0
# -- Skipping module top_xlconstant_0_0
# -- Skipping module top_RS1_0_0
# -- Skipping module top_RS_EN_GEN_0_0
# -- Skipping module top_Rand_Gen_8_0_0
# -- Skipping module top_xlconstant_0_1
# -- Skipping module top_wrapper
# 
# Top level modules:
# 	top_wrapper
# End time: 15:48:18 on Apr 18,2024, Elapsed time: 0:00:01
# Errors: 0, Warnings: 1
# Model Technology ModelSim SE-64 vlog 10.6d Compiler 2018.02 Feb 24 2018
# Start time: 15:48:18 on Apr 18,2024
# vlog -work xil_defaultlib glbl.v 
# -- Compiling module glbl
# 
# Top level modules:
# 	glbl
# End time: 15:48:18 on Apr 18,2024, Elapsed time: 0:00:00
# Errors: 0, Warnings: 0
