
*** Running vivado
    with args -log top_wrapper.vds -m64 -product Vivado -mode batch -messageDb vivado.pb -notrace -source top_wrapper.tcl


ECHO 处于关闭状态。
ECHO 处于关闭状态。

****** Vivado v2023.2 (64-bit)
  **** SW Build 4029153 on Fri Oct 13 20:14:34 MDT 2023
  **** IP Build 4028589 on Sat Oct 14 00:45:43 MDT 2023
  **** SharedData Build 4025554 on Tue Oct 10 17:18:54 MDT 2023
    ** Copyright 1986-2022 Xilinx, Inc. All Rights Reserved.
    ** Copyright 2022-2023 Advanced Micro Devices, Inc. All Rights Reserved.

source top_wrapper.tcl -notrace
create_project: Time (s): cpu = 00:00:06 ; elapsed = 00:00:06 . Memory (MB): peak = 465.219 ; gain = 184.363
INFO: [IP_Flow 19-234] Refreshing IP repositories
INFO: [IP_Flow 19-1704] No user IP repositories specified
INFO: [IP_Flow 19-2313] Loaded Vivado IP repository 'F:/FPGA/Vivado23/Vivado/2023.2/data/ip'.
Command: read_checkpoint -auto_incremental -incremental F:/Git_Repository/FPGA_myself/DVB-S/vivado/vivado.srcs/utils_1/imports/synth_1/top_wrapper.dcp
INFO: [Vivado 12-5825] Read reference checkpoint from F:/Git_Repository/FPGA_myself/DVB-S/vivado/vivado.srcs/utils_1/imports/synth_1/top_wrapper.dcp for incremental synthesis
INFO: [Vivado 12-7989] Please ensure there are no constraint changes
Command: synth_design -top top_wrapper -part xc7z020clg400-3
Starting synth_design
Attempting to get a license for feature 'Synthesis' and/or device 'xc7z020'
INFO: [Common 17-349] Got license for feature 'Synthesis' and/or device 'xc7z020'
INFO: [Device 21-403] Loading part xc7z020clg400-3
INFO: [Designutils 20-5440] No compile time benefit to using incremental synthesis; A full resynthesis will be run
INFO: [Designutils 20-4379] Flow is switching to default flow due to incremental criteria not met. If you would like to alter this behaviour and have the flow terminate instead, please set the following parameter config_implementation {autoIncr.Synth.RejectBehavior Terminate}
INFO: [Synth 8-7079] Multithreading enabled for synth_design using a maximum of 2 processes.
INFO: [Synth 8-7078] Launching helper process for spawning children vivado processes
INFO: [Synth 8-7075] Helper process launched with PID 20356
---------------------------------------------------------------------------------
Starting RTL Elaboration : Time (s): cpu = 00:00:05 ; elapsed = 00:00:06 . Memory (MB): peak = 1366.430 ; gain = 446.633
---------------------------------------------------------------------------------
INFO: [Synth 8-6157] synthesizing module 'top_wrapper' [F:/Git_Repository/FPGA_myself/DVB-S/vivado/vivado.gen/sources_1/bd/top/hdl/top_wrapper.v:13]
INFO: [Synth 8-6157] synthesizing module 'top' [f:/Git_Repository/FPGA_myself/DVB-S/vivado/vivado.gen/sources_1/bd/top/synth/top.v:13]
INFO: [Synth 8-6157] synthesizing module 'top_RS_0_0' [F:/Git_Repository/FPGA_myself/DVB-S/vivado/vivado.runs/synth_1/.Xil/Vivado-31360-MOERJIE_PC/realtime/top_RS_0_0_stub.v:6]
INFO: [Synth 8-6155] done synthesizing module 'top_RS_0_0' (0#1) [F:/Git_Repository/FPGA_myself/DVB-S/vivado/vivado.runs/synth_1/.Xil/Vivado-31360-MOERJIE_PC/realtime/top_RS_0_0_stub.v:6]
INFO: [Synth 8-6157] synthesizing module 'top_SimDataAndCtrlIN1_0_0' [F:/Git_Repository/FPGA_myself/DVB-S/vivado/vivado.runs/synth_1/.Xil/Vivado-31360-MOERJIE_PC/realtime/top_SimDataAndCtrlIN1_0_0_stub.v:6]
INFO: [Synth 8-6155] done synthesizing module 'top_SimDataAndCtrlIN1_0_0' (0#1) [F:/Git_Repository/FPGA_myself/DVB-S/vivado/vivado.runs/synth_1/.Xil/Vivado-31360-MOERJIE_PC/realtime/top_SimDataAndCtrlIN1_0_0_stub.v:6]
INFO: [Synth 8-6157] synthesizing module 'top_alphaScramble_0_0' [F:/Git_Repository/FPGA_myself/DVB-S/vivado/vivado.runs/synth_1/.Xil/Vivado-31360-MOERJIE_PC/realtime/top_alphaScramble_0_0_stub.v:6]
INFO: [Synth 8-6155] done synthesizing module 'top_alphaScramble_0_0' (0#1) [F:/Git_Repository/FPGA_myself/DVB-S/vivado/vivado.runs/synth_1/.Xil/Vivado-31360-MOERJIE_PC/realtime/top_alphaScramble_0_0_stub.v:6]
WARNING: [Synth 8-4446] all outputs are unconnected for this instance and logic may be removed [f:/Git_Repository/FPGA_myself/DVB-S/vivado/vivado.gen/sources_1/bd/top/synth/top.v:75]
INFO: [Synth 8-6157] synthesizing module 'top_ila_0_0' [F:/Git_Repository/FPGA_myself/DVB-S/vivado/vivado.runs/synth_1/.Xil/Vivado-31360-MOERJIE_PC/realtime/top_ila_0_0_stub.v:6]
INFO: [Synth 8-6155] done synthesizing module 'top_ila_0_0' (0#1) [F:/Git_Repository/FPGA_myself/DVB-S/vivado/vivado.runs/synth_1/.Xil/Vivado-31360-MOERJIE_PC/realtime/top_ila_0_0_stub.v:6]
INFO: [Synth 8-6157] synthesizing module 'top_xlconstant_0_0' [f:/Git_Repository/FPGA_myself/DVB-S/vivado/vivado.gen/sources_1/bd/top/ip/top_xlconstant_0_0/synth/top_xlconstant_0_0.v:53]
INFO: [Synth 8-6157] synthesizing module 'xlconstant_v1_1_8_xlconstant' [f:/Git_Repository/FPGA_myself/DVB-S/vivado/vivado.gen/sources_1/bd/top/ipshared/d390/hdl/xlconstant_v1_1_vl_rfs.v:68]
INFO: [Synth 8-6155] done synthesizing module 'xlconstant_v1_1_8_xlconstant' (0#1) [f:/Git_Repository/FPGA_myself/DVB-S/vivado/vivado.gen/sources_1/bd/top/ipshared/d390/hdl/xlconstant_v1_1_vl_rfs.v:68]
INFO: [Synth 8-6155] done synthesizing module 'top_xlconstant_0_0' (0#1) [f:/Git_Repository/FPGA_myself/DVB-S/vivado/vivado.gen/sources_1/bd/top/ip/top_xlconstant_0_0/synth/top_xlconstant_0_0.v:53]
INFO: [Synth 8-6155] done synthesizing module 'top' (0#1) [f:/Git_Repository/FPGA_myself/DVB-S/vivado/vivado.gen/sources_1/bd/top/synth/top.v:13]
INFO: [Synth 8-6155] done synthesizing module 'top_wrapper' (0#1) [F:/Git_Repository/FPGA_myself/DVB-S/vivado/vivado.gen/sources_1/bd/top/hdl/top_wrapper.v:13]
INFO: [Synth 8-6071] Mark debug on the nets applies keep_hierarchy on instance 'alphaScramble_0'. This will prevent further optimization [f:/Git_Repository/FPGA_myself/DVB-S/vivado/vivado.gen/sources_1/bd/top/synth/top.v:68]
INFO: [Synth 8-6071] Mark debug on the nets applies keep_hierarchy on instance 'ila_0'. This will prevent further optimization [f:/Git_Repository/FPGA_myself/DVB-S/vivado/vivado.gen/sources_1/bd/top/synth/top.v:75]
INFO: [Synth 8-6071] Mark debug on the nets applies keep_hierarchy on instance 'RS_0'. This will prevent further optimization [f:/Git_Repository/FPGA_myself/DVB-S/vivado/vivado.gen/sources_1/bd/top/synth/top.v:48]
---------------------------------------------------------------------------------
Finished RTL Elaboration : Time (s): cpu = 00:00:06 ; elapsed = 00:00:07 . Memory (MB): peak = 1475.977 ; gain = 556.180
---------------------------------------------------------------------------------
---------------------------------------------------------------------------------
Start Handling Custom Attributes
---------------------------------------------------------------------------------
---------------------------------------------------------------------------------
Finished Handling Custom Attributes : Time (s): cpu = 00:00:07 ; elapsed = 00:00:07 . Memory (MB): peak = 1475.977 ; gain = 556.180
---------------------------------------------------------------------------------
---------------------------------------------------------------------------------
Finished RTL Optimization Phase 1 : Time (s): cpu = 00:00:07 ; elapsed = 00:00:07 . Memory (MB): peak = 1475.977 ; gain = 556.180
---------------------------------------------------------------------------------
Netlist sorting complete. Time (s): cpu = 00:00:00 ; elapsed = 00:00:00.001 . Memory (MB): peak = 1475.977 ; gain = 0.000
INFO: [Project 1-570] Preparing netlist for logic optimization

Processing XDC Constraints
Initializing timing engine
Parsing XDC File [f:/Git_Repository/FPGA_myself/DVB-S/vivado/vivado.gen/sources_1/bd/top/ip/top_alphaScramble_0_0/top_alphaScramble_0_0/top_alphaScramble_0_0_in_context.xdc] for cell 'top_i/alphaScramble_0'
Finished Parsing XDC File [f:/Git_Repository/FPGA_myself/DVB-S/vivado/vivado.gen/sources_1/bd/top/ip/top_alphaScramble_0_0/top_alphaScramble_0_0/top_alphaScramble_0_0_in_context.xdc] for cell 'top_i/alphaScramble_0'
Parsing XDC File [f:/Git_Repository/FPGA_myself/DVB-S/vivado/vivado.gen/sources_1/bd/top/ip/top_ila_0_0/top_ila_0_0/top_ila_0_0_in_context.xdc] for cell 'top_i/ila_0'
Finished Parsing XDC File [f:/Git_Repository/FPGA_myself/DVB-S/vivado/vivado.gen/sources_1/bd/top/ip/top_ila_0_0/top_ila_0_0/top_ila_0_0_in_context.xdc] for cell 'top_i/ila_0'
Parsing XDC File [f:/Git_Repository/FPGA_myself/DVB-S/vivado/vivado.gen/sources_1/bd/top/ip/top_SimDataAndCtrlIN1_0_0/top_SimDataAndCtrlIN1_0_0/top_SimDataAndCtrlIN1_0_0_in_context.xdc] for cell 'top_i/SimDataAndCtrlIN1_0'
Finished Parsing XDC File [f:/Git_Repository/FPGA_myself/DVB-S/vivado/vivado.gen/sources_1/bd/top/ip/top_SimDataAndCtrlIN1_0_0/top_SimDataAndCtrlIN1_0_0/top_SimDataAndCtrlIN1_0_0_in_context.xdc] for cell 'top_i/SimDataAndCtrlIN1_0'
Parsing XDC File [f:/Git_Repository/FPGA_myself/DVB-S/vivado/vivado.gen/sources_1/bd/top/ip/top_RS_0_0/top_RS_0_0/top_RS_0_0_in_context.xdc] for cell 'top_i/RS_0'
Finished Parsing XDC File [f:/Git_Repository/FPGA_myself/DVB-S/vivado/vivado.gen/sources_1/bd/top/ip/top_RS_0_0/top_RS_0_0/top_RS_0_0_in_context.xdc] for cell 'top_i/RS_0'
Parsing XDC File [F:/Git_Repository/FPGA_myself/DVB-S/vivado/vivado.srcs/constrs_1/new/pin_set.xdc]
Finished Parsing XDC File [F:/Git_Repository/FPGA_myself/DVB-S/vivado/vivado.srcs/constrs_1/new/pin_set.xdc]
INFO: [Project 1-236] Implementation specific constraints were found while reading constraint file [F:/Git_Repository/FPGA_myself/DVB-S/vivado/vivado.srcs/constrs_1/new/pin_set.xdc]. These constraints will be ignored for synthesis but will be used in implementation. Impacted constraints are listed in the file [.Xil/top_wrapper_propImpl.xdc].
Resolution: To avoid this warning, move constraints listed in [.Xil/top_wrapper_propImpl.xdc] to another XDC file and exclude this new file from synthesis with the used_in_synthesis property (File Properties dialog in GUI) and re-run elaboration/synthesis.
Parsing XDC File [F:/Git_Repository/FPGA_myself/DVB-S/vivado/vivado.runs/synth_1/dont_touch.xdc]
Finished Parsing XDC File [F:/Git_Repository/FPGA_myself/DVB-S/vivado/vivado.runs/synth_1/dont_touch.xdc]
Completed Processing XDC Constraints

Netlist sorting complete. Time (s): cpu = 00:00:00 ; elapsed = 00:00:00 . Memory (MB): peak = 1501.250 ; gain = 0.000
INFO: [Project 1-111] Unisim Transformation Summary:
No Unisim elements were transformed.

系统找不到指定的路径。
Constraint Validation Runtime : Time (s): cpu = 00:00:00 ; elapsed = 00:00:00.003 . Memory (MB): peak = 1501.250 ; gain = 0.000
INFO: [Designutils 20-5440] No compile time benefit to using incremental synthesis; A full resynthesis will be run
INFO: [Designutils 20-4379] Flow is switching to default flow due to incremental criteria not met. If you would like to alter this behaviour and have the flow terminate instead, please set the following parameter config_implementation {autoIncr.Synth.RejectBehavior Terminate}
---------------------------------------------------------------------------------
Finished Constraint Validation : Time (s): cpu = 00:00:14 ; elapsed = 00:00:15 . Memory (MB): peak = 1501.250 ; gain = 581.453
---------------------------------------------------------------------------------
---------------------------------------------------------------------------------
Start Loading Part and Timing Information
---------------------------------------------------------------------------------
Loading part: xc7z020clg400-3
---------------------------------------------------------------------------------
Finished Loading Part and Timing Information : Time (s): cpu = 00:00:14 ; elapsed = 00:00:15 . Memory (MB): peak = 1501.250 ; gain = 581.453
---------------------------------------------------------------------------------
---------------------------------------------------------------------------------
Start Applying 'set_property' XDC Constraints
---------------------------------------------------------------------------------
Applied set_property KEEP_HIERARCHY = SOFT for top_i. (constraint file  auto generated constraint).
Applied set_property KEEP_HIERARCHY = SOFT for top_i/alphaScramble_0. (constraint file  auto generated constraint).
Applied set_property KEEP_HIERARCHY = SOFT for top_i/xlconstant_0. (constraint file  auto generated constraint).
Applied set_property KEEP_HIERARCHY = SOFT for top_i/ila_0. (constraint file  auto generated constraint).
Applied set_property KEEP_HIERARCHY = SOFT for top_i/SimDataAndCtrlIN1_0. (constraint file  auto generated constraint).
Applied set_property KEEP_HIERARCHY = SOFT for top_i/RS_0. (constraint file  auto generated constraint).
---------------------------------------------------------------------------------
Finished applying 'set_property' XDC Constraints : Time (s): cpu = 00:00:14 ; elapsed = 00:00:15 . Memory (MB): peak = 1501.250 ; gain = 581.453
---------------------------------------------------------------------------------
---------------------------------------------------------------------------------
Finished RTL Optimization Phase 2 : Time (s): cpu = 00:00:14 ; elapsed = 00:00:15 . Memory (MB): peak = 1501.250 ; gain = 581.453
---------------------------------------------------------------------------------
---------------------------------------------------------------------------------
Start RTL Component Statistics 
---------------------------------------------------------------------------------
Detailed RTL Component Info : 
---------------------------------------------------------------------------------
Finished RTL Component Statistics 
---------------------------------------------------------------------------------
---------------------------------------------------------------------------------
Start Part Resource Summary
---------------------------------------------------------------------------------
Part Resources:
DSPs: 220 (col length:60)
BRAMs: 280 (col length: RAMB18 60 RAMB36 30)
---------------------------------------------------------------------------------
Finished Part Resource Summary
---------------------------------------------------------------------------------
---------------------------------------------------------------------------------
Start Cross Boundary and Area Optimization
---------------------------------------------------------------------------------
WARNING: [Synth 8-7080] Parallel synthesis criteria is not met
---------------------------------------------------------------------------------
Finished Cross Boundary and Area Optimization : Time (s): cpu = 00:00:15 ; elapsed = 00:00:17 . Memory (MB): peak = 1501.250 ; gain = 581.453
---------------------------------------------------------------------------------
---------------------------------------------------------------------------------
Start Applying XDC Timing Constraints
---------------------------------------------------------------------------------
---------------------------------------------------------------------------------
Finished Applying XDC Timing Constraints : Time (s): cpu = 00:00:20 ; elapsed = 00:00:22 . Memory (MB): peak = 1501.250 ; gain = 581.453
---------------------------------------------------------------------------------
---------------------------------------------------------------------------------
Start Timing Optimization
---------------------------------------------------------------------------------
---------------------------------------------------------------------------------
Finished Timing Optimization : Time (s): cpu = 00:00:20 ; elapsed = 00:00:22 . Memory (MB): peak = 1501.250 ; gain = 581.453
---------------------------------------------------------------------------------
---------------------------------------------------------------------------------
Start Technology Mapping
---------------------------------------------------------------------------------
---------------------------------------------------------------------------------
Finished Technology Mapping : Time (s): cpu = 00:00:20 ; elapsed = 00:00:22 . Memory (MB): peak = 1501.250 ; gain = 581.453
---------------------------------------------------------------------------------
---------------------------------------------------------------------------------
Start IO Insertion
---------------------------------------------------------------------------------
---------------------------------------------------------------------------------
Start Flattening Before IO Insertion
---------------------------------------------------------------------------------
---------------------------------------------------------------------------------
Finished Flattening Before IO Insertion
---------------------------------------------------------------------------------
---------------------------------------------------------------------------------
Start Final Netlist Cleanup
---------------------------------------------------------------------------------
---------------------------------------------------------------------------------
Finished Final Netlist Cleanup
---------------------------------------------------------------------------------
---------------------------------------------------------------------------------
Finished IO Insertion : Time (s): cpu = 00:00:24 ; elapsed = 00:00:26 . Memory (MB): peak = 1501.250 ; gain = 581.453
---------------------------------------------------------------------------------
---------------------------------------------------------------------------------
Start Renaming Generated Instances
---------------------------------------------------------------------------------
---------------------------------------------------------------------------------
Finished Renaming Generated Instances : Time (s): cpu = 00:00:24 ; elapsed = 00:00:26 . Memory (MB): peak = 1501.250 ; gain = 581.453
---------------------------------------------------------------------------------
---------------------------------------------------------------------------------
Start Rebuilding User Hierarchy
---------------------------------------------------------------------------------
---------------------------------------------------------------------------------
Finished Rebuilding User Hierarchy : Time (s): cpu = 00:00:24 ; elapsed = 00:00:26 . Memory (MB): peak = 1501.250 ; gain = 581.453
---------------------------------------------------------------------------------
---------------------------------------------------------------------------------
Start Renaming Generated Ports
---------------------------------------------------------------------------------
---------------------------------------------------------------------------------
Finished Renaming Generated Ports : Time (s): cpu = 00:00:24 ; elapsed = 00:00:26 . Memory (MB): peak = 1501.250 ; gain = 581.453
---------------------------------------------------------------------------------
---------------------------------------------------------------------------------
Start Handling Custom Attributes
---------------------------------------------------------------------------------
---------------------------------------------------------------------------------
Finished Handling Custom Attributes : Time (s): cpu = 00:00:24 ; elapsed = 00:00:26 . Memory (MB): peak = 1501.250 ; gain = 581.453
---------------------------------------------------------------------------------
---------------------------------------------------------------------------------
Start Renaming Generated Nets
---------------------------------------------------------------------------------
---------------------------------------------------------------------------------
Finished Renaming Generated Nets : Time (s): cpu = 00:00:24 ; elapsed = 00:00:26 . Memory (MB): peak = 1501.250 ; gain = 581.453
---------------------------------------------------------------------------------
---------------------------------------------------------------------------------
Start Writing Synthesis Report
---------------------------------------------------------------------------------

Report BlackBoxes: 
+------+--------------------------+----------+
|      |BlackBox name             |Instances |
+------+--------------------------+----------+
|1     |top_RS_0_0                |         1|
|2     |top_SimDataAndCtrlIN1_0_0 |         1|
|3     |top_alphaScramble_0_0     |         1|
|4     |top_ila_0_0               |         1|
+------+--------------------------+----------+

Report Cell Usage: 
+------+------------------------+------+
|      |Cell                    |Count |
+------+------------------------+------+
|1     |top_RS_0                |     1|
|2     |top_SimDataAndCtrlIN1_0 |     1|
|3     |top_alphaScramble_0     |     1|
|4     |top_ila_0               |     1|
|5     |IBUF                    |     2|
|6     |OBUF                    |    18|
+------+------------------------+------+
---------------------------------------------------------------------------------
Finished Writing Synthesis Report : Time (s): cpu = 00:00:24 ; elapsed = 00:00:26 . Memory (MB): peak = 1501.250 ; gain = 581.453
---------------------------------------------------------------------------------
Synthesis finished with 0 errors, 0 critical warnings and 1 warnings.
Synthesis Optimization Runtime : Time (s): cpu = 00:00:16 ; elapsed = 00:00:24 . Memory (MB): peak = 1501.250 ; gain = 556.180
Synthesis Optimization Complete : Time (s): cpu = 00:00:24 ; elapsed = 00:00:26 . Memory (MB): peak = 1501.250 ; gain = 581.453
INFO: [Project 1-571] Translating synthesized netlist
Netlist sorting complete. Time (s): cpu = 00:00:00 ; elapsed = 00:00:00 . Memory (MB): peak = 1501.250 ; gain = 0.000
INFO: [Project 1-570] Preparing netlist for logic optimization
INFO: [Opt 31-138] Pushed 0 inverter(s) to 0 load pin(s).
Netlist sorting complete. Time (s): cpu = 00:00:00 ; elapsed = 00:00:00 . Memory (MB): peak = 1501.980 ; gain = 0.000
INFO: [Project 1-111] Unisim Transformation Summary:
No Unisim elements were transformed.

系统找不到指定的路径。
Synth Design complete | Checksum: 2d1b9fc2
INFO: [Common 17-83] Releasing license: Synthesis
41 Infos, 2 Warnings, 0 Critical Warnings and 0 Errors encountered.
synth_design completed successfully
synth_design: Time (s): cpu = 00:00:29 ; elapsed = 00:00:31 . Memory (MB): peak = 1501.980 ; gain = 996.363
Write ShapeDB Complete: Time (s): cpu = 00:00:00 ; elapsed = 00:00:00.001 . Memory (MB): peak = 1501.980 ; gain = 0.000
INFO: [Common 17-1381] The checkpoint 'F:/Git_Repository/FPGA_myself/DVB-S/vivado/vivado.runs/synth_1/top_wrapper.dcp' has been generated.
INFO: [runtcl-4] Executing : report_utilization -file top_wrapper_utilization_synth.rpt -pb top_wrapper_utilization_synth.pb
INFO: [Common 17-206] Exiting Vivado at Wed May 15 19:21:24 2024...
