
*** Running vivado
    with args -log top_wrapper.vdi -applog -m64 -product Vivado -messageDb vivado.pb -mode batch -source top_wrapper.tcl -notrace


ECHO 处于关闭状态。
ECHO 处于关闭状态。

****** Vivado v2023.2 (64-bit)
  **** SW Build 4029153 on Fri Oct 13 20:14:34 MDT 2023
  **** IP Build 4028589 on Sat Oct 14 00:45:43 MDT 2023
  **** SharedData Build 4025554 on Tue Oct 10 17:18:54 MDT 2023
    ** Copyright 1986-2022 Xilinx, Inc. All Rights Reserved.
    ** Copyright 2022-2023 Advanced Micro Devices, Inc. All Rights Reserved.

source top_wrapper.tcl -notrace
create_project: Time (s): cpu = 00:00:06 ; elapsed = 00:00:06 . Memory (MB): peak = 475.285 ; gain = 175.504
INFO: [IP_Flow 19-234] Refreshing IP repositories
INFO: [IP_Flow 19-1704] No user IP repositories specified
INFO: [IP_Flow 19-2313] Loaded Vivado IP repository 'F:/FPGA/Vivado23/Vivado/2023.2/data/ip'.
Command: link_design -top top_wrapper -part xc7k325tffg900-2
Design is defaulting to srcset: sources_1
Design is defaulting to constrset: constrs_1
INFO: [Device 21-403] Loading part xc7k325tffg900-2
INFO: [Project 1-454] Reading design checkpoint 'f:/Git_Repository/DVB-S/FPGA_BU01/FPGA_BU01.gen/sources_1/bd/top/ip/top_Con_Encoder_0_0/top_Con_Encoder_0_0.dcp' for cell 'top_i/Con_Encoder_0'
INFO: [Project 1-454] Reading design checkpoint 'f:/Git_Repository/DVB-S/FPGA_BU01/FPGA_BU01.gen/sources_1/bd/top/ip/top_DataSource_Scrambler_0_1/top_DataSource_Scrambler_0_1.dcp' for cell 'top_i/DataSource_Scrambler_0'
INFO: [Project 1-454] Reading design checkpoint 'f:/Git_Repository/DVB-S/FPGA_BU01/FPGA_BU01.gen/sources_1/bd/top/ip/top_Interleaver_0_0/top_Interleaver_0_0.dcp' for cell 'top_i/Interleaver_0'
INFO: [Project 1-454] Reading design checkpoint 'f:/Git_Repository/DVB-S/FPGA_BU01/FPGA_BU01.gen/sources_1/bd/top/ip/top_PolarityShift_0_0/top_PolarityShift_0_0.dcp' for cell 'top_i/PolarityShift_0'
INFO: [Project 1-454] Reading design checkpoint 'f:/Git_Repository/DVB-S/FPGA_BU01/FPGA_BU01.gen/sources_1/bd/top/ip/top_PolarityShift_1_0/top_PolarityShift_1_0.dcp' for cell 'top_i/PolarityShift_1'
INFO: [Project 1-454] Reading design checkpoint 'f:/Git_Repository/DVB-S/FPGA_BU01/FPGA_BU01.gen/sources_1/bd/top/ip/top_RS_Enc_0_0/top_RS_Enc_0_0.dcp' for cell 'top_i/RS_Enc_0'
INFO: [Project 1-454] Reading design checkpoint 'f:/Git_Repository/DVB-S/FPGA_BU01/FPGA_BU01.gen/sources_1/bd/top/ip/top_c_addsub_0_0/top_c_addsub_0_0.dcp' for cell 'top_i/c_addsub_0'
INFO: [Project 1-454] Reading design checkpoint 'f:/Git_Repository/DVB-S/FPGA_BU01/FPGA_BU01.gen/sources_1/bd/top/ip/top_dds_compiler_0_0/top_dds_compiler_0_0.dcp' for cell 'top_i/dds_compiler_0'
INFO: [Project 1-454] Reading design checkpoint 'f:/Git_Repository/DVB-S/FPGA_BU01/FPGA_BU01.gen/sources_1/bd/top/ip/top_dds_compiler_0_1/top_dds_compiler_0_1.dcp' for cell 'top_i/dds_compiler_1'
INFO: [Project 1-454] Reading design checkpoint 'f:/Git_Repository/DVB-S/FPGA_BU01/FPGA_BU01.gen/sources_1/bd/top/ip/top_dec2bin_0_3/top_dec2bin_0_3.dcp' for cell 'top_i/dec2bin_0'
INFO: [Project 1-454] Reading design checkpoint 'f:/Git_Repository/DVB-S/FPGA_BU01/FPGA_BU01.gen/sources_1/bd/top/ip/top_fir_compiler_0_0/top_fir_compiler_0_0.dcp' for cell 'top_i/fir_compiler_0'
INFO: [Project 1-454] Reading design checkpoint 'f:/Git_Repository/DVB-S/FPGA_BU01/FPGA_BU01.gen/sources_1/bd/top/ip/top_fir_compiler_0_2/top_fir_compiler_0_2.dcp' for cell 'top_i/fir_compiler_1'
INFO: [Project 1-454] Reading design checkpoint 'f:/Git_Repository/DVB-S/FPGA_BU01/FPGA_BU01.gen/sources_1/bd/top/ip/top_mult_gen_0_0/top_mult_gen_0_0.dcp' for cell 'top_i/mult_gen_0'
INFO: [Project 1-454] Reading design checkpoint 'f:/Git_Repository/DVB-S/FPGA_BU01/FPGA_BU01.gen/sources_1/bd/top/ip/top_mult_gen_0_1/top_mult_gen_0_1.dcp' for cell 'top_i/mult_gen_1'
INFO: [Project 1-454] Reading design checkpoint 'f:/Git_Repository/DVB-S/FPGA_BU01/FPGA_BU01.gen/sources_1/bd/top/ip/top_terminal_0_0/top_terminal_0_0.dcp' for cell 'top_i/terminal_0'
INFO: [Project 1-454] Reading design checkpoint 'f:/Git_Repository/DVB-S/FPGA_BU01/FPGA_BU01.gen/sources_1/bd/top/ip/top_util_ds_buf_0_0/top_util_ds_buf_0_0.dcp' for cell 'top_i/util_ds_buf_0'
Netlist sorting complete. Time (s): cpu = 00:00:00 ; elapsed = 00:00:00.119 . Memory (MB): peak = 1014.371 ; gain = 0.000
INFO: [Netlist 29-17] Analyzing 145 Unisim elements for replacement
INFO: [Netlist 29-28] Unisim Transformation completed in 0 CPU seconds
WARNING: [Netlist 29-1115] Found multi-term driver net: top_i/util_ds_buf_0/U0/<const0>.
INFO: [Project 1-479] Netlist was created with Vivado 2023.2
INFO: [Project 1-570] Preparing netlist for logic optimization
WARNING: [Constraints 18-550] Could not create 'DIFF_TERM' constraint because net 'top_i/util_ds_buf_0/IBUF_OUT[0]' is not directly connected to top level port. 'DIFF_TERM' is ignored for synthesis but preserved for implementation.
WARNING: [Constraints 18-550] Could not create 'IBUF_LOW_PWR' constraint because net 'top_i/util_ds_buf_0/IBUF_OUT[0]' is not directly connected to top level port. 'IBUF_LOW_PWR' is ignored for synthesis but preserved for implementation.
Parsing XDC File [f:/Git_Repository/DVB-S/FPGA_BU01/FPGA_BU01.gen/sources_1/bd/top/ip/top_util_ds_buf_0_0/top_util_ds_buf_0_0_board.xdc] for cell 'top_i/util_ds_buf_0/U0'
Finished Parsing XDC File [f:/Git_Repository/DVB-S/FPGA_BU01/FPGA_BU01.gen/sources_1/bd/top/ip/top_util_ds_buf_0_0/top_util_ds_buf_0_0_board.xdc] for cell 'top_i/util_ds_buf_0/U0'
Parsing XDC File [f:/Git_Repository/DVB-S/FPGA_BU01/FPGA_BU01.gen/sources_1/bd/top/ip/top_fir_compiler_0_0/constraints/fir_compiler_v7_2.xdc] for cell 'top_i/fir_compiler_0/U0'
Finished Parsing XDC File [f:/Git_Repository/DVB-S/FPGA_BU01/FPGA_BU01.gen/sources_1/bd/top/ip/top_fir_compiler_0_0/constraints/fir_compiler_v7_2.xdc] for cell 'top_i/fir_compiler_0/U0'
Parsing XDC File [f:/Git_Repository/DVB-S/FPGA_BU01/FPGA_BU01.gen/sources_1/bd/top/ip/top_fir_compiler_0_2/constraints/fir_compiler_v7_2.xdc] for cell 'top_i/fir_compiler_1/U0'
Finished Parsing XDC File [f:/Git_Repository/DVB-S/FPGA_BU01/FPGA_BU01.gen/sources_1/bd/top/ip/top_fir_compiler_0_2/constraints/fir_compiler_v7_2.xdc] for cell 'top_i/fir_compiler_1/U0'
Parsing XDC File [F:/Git_Repository/DVB-S/FPGA_BU01/FPGA_BU01.srcs/constrs_1/new/topConstrain.xdc]
Finished Parsing XDC File [F:/Git_Repository/DVB-S/FPGA_BU01/FPGA_BU01.srcs/constrs_1/new/topConstrain.xdc]
INFO: [Opt 31-138] Pushed 0 inverter(s) to 0 load pin(s).
Netlist sorting complete. Time (s): cpu = 00:00:00 ; elapsed = 00:00:00.004 . Memory (MB): peak = 1159.684 ; gain = 0.000
INFO: [Project 1-111] Unisim Transformation Summary:
No Unisim elements were transformed.

系统找不到指定的路径。
26 Infos, 3 Warnings, 0 Critical Warnings and 0 Errors encountered.
link_design completed successfully
link_design: Time (s): cpu = 00:00:10 ; elapsed = 00:00:11 . Memory (MB): peak = 1159.684 ; gain = 668.633
Command: opt_design
Attempting to get a license for feature 'Implementation' and/or device 'xc7k325t'
INFO: [Common 17-349] Got license for feature 'Implementation' and/or device 'xc7k325t'
Running DRC as a precondition to command opt_design

Starting DRC Task
INFO: [DRC 23-27] Running DRC with 2 threads
INFO: [Project 1-461] DRC finished with 0 Errors
INFO: [Project 1-462] Please refer to the DRC report (report_drc) for more information.

Time (s): cpu = 00:00:02 ; elapsed = 00:00:00.930 . Memory (MB): peak = 1185.699 ; gain = 26.016

Starting Cache Timing Information Task
INFO: [Timing 38-35] Done setting XDC timing constraints.
Ending Cache Timing Information Task | Checksum: 1abd1b8d7

Time (s): cpu = 00:00:08 ; elapsed = 00:00:08 . Memory (MB): peak = 1786.184 ; gain = 600.484

Starting Logic Optimization Task

Phase 1 Initialization

Phase 1.1 Core Generation And Design Setup
Phase 1.1 Core Generation And Design Setup | Checksum: 1abd1b8d7

Time (s): cpu = 00:00:00 ; elapsed = 00:00:00.002 . Memory (MB): peak = 2153.684 ; gain = 0.000

Phase 1.2 Setup Constraints And Sort Netlist
Phase 1.2 Setup Constraints And Sort Netlist | Checksum: 1abd1b8d7

Time (s): cpu = 00:00:00 ; elapsed = 00:00:00.007 . Memory (MB): peak = 2153.684 ; gain = 0.000
Phase 1 Initialization | Checksum: 1abd1b8d7

Time (s): cpu = 00:00:00 ; elapsed = 00:00:00.008 . Memory (MB): peak = 2153.684 ; gain = 0.000

Phase 2 Timer Update And Timing Data Collection

Phase 2.1 Timer Update
Phase 2.1 Timer Update | Checksum: 1abd1b8d7

Time (s): cpu = 00:00:00 ; elapsed = 00:00:00.133 . Memory (MB): peak = 2153.684 ; gain = 0.000

Phase 2.2 Timing Data Collection
Phase 2.2 Timing Data Collection | Checksum: 1abd1b8d7

Time (s): cpu = 00:00:00 ; elapsed = 00:00:00.151 . Memory (MB): peak = 2153.684 ; gain = 0.000
Phase 2 Timer Update And Timing Data Collection | Checksum: 1abd1b8d7

Time (s): cpu = 00:00:00 ; elapsed = 00:00:00.152 . Memory (MB): peak = 2153.684 ; gain = 0.000

Phase 3 Retarget
INFO: [Opt 31-138] Pushed 0 inverter(s) to 0 load pin(s).
INFO: [Opt 31-49] Retargeted 0 cell(s).
Phase 3 Retarget | Checksum: 20c6dd782

Time (s): cpu = 00:00:00 ; elapsed = 00:00:00.292 . Memory (MB): peak = 2153.684 ; gain = 0.000
Retarget | Checksum: 20c6dd782
INFO: [Opt 31-389] Phase Retarget created 88 cells and removed 96 cells

Phase 4 Constant propagation
INFO: [Opt 31-138] Pushed 0 inverter(s) to 0 load pin(s).
Phase 4 Constant propagation | Checksum: 178f3dbb4

Time (s): cpu = 00:00:00 ; elapsed = 00:00:00.349 . Memory (MB): peak = 2153.684 ; gain = 0.000
Constant propagation | Checksum: 178f3dbb4
INFO: [Opt 31-389] Phase Constant propagation created 26 cells and removed 58 cells

Phase 5 Sweep
Phase 5 Sweep | Checksum: 21cbab761

Time (s): cpu = 00:00:00 ; elapsed = 00:00:00.630 . Memory (MB): peak = 2153.684 ; gain = 0.000
Sweep | Checksum: 21cbab761
INFO: [Opt 31-389] Phase Sweep created 0 cells and removed 211 cells

Phase 6 BUFG optimization
INFO: [Opt 31-194] Inserted BUFG top_i/util_ds_buf_0/U0/IBUF_OUT[0]_BUFG_inst to drive 3376 load(s) on clock net top_i/util_ds_buf_0/U0/IBUF_OUT_BUFG[0]
INFO: [Opt 31-193] Inserted 1 BUFG(s) on clock nets
Phase 6 BUFG optimization | Checksum: 2117cec48

Time (s): cpu = 00:00:01 ; elapsed = 00:00:00.749 . Memory (MB): peak = 2153.684 ; gain = 0.000
BUFG optimization | Checksum: 2117cec48
INFO: [Opt 31-662] Phase BUFG optimization created 1 cells of which 1 are BUFGs and removed 0 cells.

Phase 7 Shift Register Optimization
WARNING: [Opt 31-1131] Can not pull register out from top_i/fir_compiler_0/U0/i_synth/g_single_rate.i_single_rate/g_s_data_chan_fifo.i_s_data_chan_fifo/fifo0/fifo_1_reg[15][0]_srl16 due to none static srl address bits
WARNING: [Opt 31-1131] Can not pull register out from top_i/fir_compiler_0/U0/i_synth/g_single_rate.i_single_rate/g_s_data_chan_fifo.i_s_data_chan_fifo/fifo0/fifo_1_reg[15][1]_srl16 due to none static srl address bits
WARNING: [Opt 31-1131] Can not pull register out from top_i/fir_compiler_1/U0/i_synth/g_single_rate.i_single_rate/g_s_data_chan_fifo.i_s_data_chan_fifo/fifo0/fifo_1_reg[15][0]_srl16 due to none static srl address bits
WARNING: [Opt 31-1131] Can not pull register out from top_i/fir_compiler_1/U0/i_synth/g_single_rate.i_single_rate/g_s_data_chan_fifo.i_s_data_chan_fifo/fifo0/fifo_1_reg[15][1]_srl16 due to none static srl address bits
INFO: [Opt 31-1064] SRL Remap converted 0 SRLs to 0 registers and converted 0 registers of register chains to 0 SRLs
Phase 7 Shift Register Optimization | Checksum: 210ef6ddb

Time (s): cpu = 00:00:01 ; elapsed = 00:00:00.787 . Memory (MB): peak = 2153.684 ; gain = 0.000
Shift Register Optimization | Checksum: 210ef6ddb
INFO: [Opt 31-389] Phase Shift Register Optimization created 0 cells and removed 0 cells

Phase 8 Post Processing Netlist
Phase 8 Post Processing Netlist | Checksum: 227e2238f

Time (s): cpu = 00:00:01 ; elapsed = 00:00:00.808 . Memory (MB): peak = 2153.684 ; gain = 0.000
Post Processing Netlist | Checksum: 227e2238f
INFO: [Opt 31-389] Phase Post Processing Netlist created 0 cells and removed 0 cells

Phase 9 Finalization

Phase 9.1 Finalizing Design Cores and Updating Shapes
Phase 9.1 Finalizing Design Cores and Updating Shapes | Checksum: 13182574c

Time (s): cpu = 00:00:01 ; elapsed = 00:00:00.996 . Memory (MB): peak = 2153.684 ; gain = 0.000

Phase 9.2 Verifying Netlist Connectivity

Starting Connectivity Check Task

Time (s): cpu = 00:00:00 ; elapsed = 00:00:00.008 . Memory (MB): peak = 2153.684 ; gain = 0.000
Phase 9.2 Verifying Netlist Connectivity | Checksum: 13182574c

Time (s): cpu = 00:00:01 ; elapsed = 00:00:01 . Memory (MB): peak = 2153.684 ; gain = 0.000
Phase 9 Finalization | Checksum: 13182574c

Time (s): cpu = 00:00:01 ; elapsed = 00:00:01 . Memory (MB): peak = 2153.684 ; gain = 0.000
Opt_design Change Summary
=========================


-------------------------------------------------------------------------------------------------------------------------
|  Phase                        |  #Cells created  |  #Cells Removed  |  #Constrained objects preventing optimizations  |
-------------------------------------------------------------------------------------------------------------------------
|  Retarget                     |              88  |              96  |                                              0  |
|  Constant propagation         |              26  |              58  |                                              0  |
|  Sweep                        |               0  |             211  |                                              0  |
|  BUFG optimization            |               1  |               0  |                                              0  |
|  Shift Register Optimization  |               0  |               0  |                                              0  |
|  Post Processing Netlist      |               0  |               0  |                                              0  |
-------------------------------------------------------------------------------------------------------------------------


Ending Logic Optimization Task | Checksum: 13182574c

Time (s): cpu = 00:00:01 ; elapsed = 00:00:01 . Memory (MB): peak = 2153.684 ; gain = 0.000
INFO: [Constraints 18-11670] Building netlist checker database with flags, 0x8
Done building netlist checker database: Time (s): cpu = 00:00:00 ; elapsed = 00:00:00.003 . Memory (MB): peak = 2153.684 ; gain = 0.000

Starting Power Optimization Task
INFO: [Pwropt 34-132] Skipping clock gating for clocks with a period < 2.00 ns.
INFO: [Pwropt 34-9] Applying IDT optimizations ...
INFO: [Pwropt 34-10] Applying ODC optimizations ...
INFO: [Timing 38-35] Done setting XDC timing constraints.
Running Vector-less Activity Propagation...

Finished Running Vector-less Activity Propagation


Starting PowerOpt Patch Enables Task
INFO: [Pwropt 34-162] WRITE_MODE attribute of 0 BRAM(s) out of a total of 25 has been updated to save power. Run report_power_opt to get a complete listing of the BRAMs updated.
INFO: [Pwropt 34-201] Structural ODC has moved 0 WE to EN ports
Number of BRAM Ports augmented: 0 newly gated: 0 Total Ports: 50
Ending PowerOpt Patch Enables Task | Checksum: 13182574c

Time (s): cpu = 00:00:00 ; elapsed = 00:00:00.059 . Memory (MB): peak = 2242.066 ; gain = 0.000
Ending Power Optimization Task | Checksum: 13182574c

Time (s): cpu = 00:00:04 ; elapsed = 00:00:03 . Memory (MB): peak = 2242.066 ; gain = 88.383

Starting Final Cleanup Task
Ending Final Cleanup Task | Checksum: 13182574c

Time (s): cpu = 00:00:00 ; elapsed = 00:00:00.001 . Memory (MB): peak = 2242.066 ; gain = 0.000

Starting Netlist Obfuscation Task
Netlist sorting complete. Time (s): cpu = 00:00:00 ; elapsed = 00:00:00.003 . Memory (MB): peak = 2242.066 ; gain = 0.000
Ending Netlist Obfuscation Task | Checksum: 13182574c

Time (s): cpu = 00:00:00 ; elapsed = 00:00:00.004 . Memory (MB): peak = 2242.066 ; gain = 0.000
INFO: [Common 17-83] Releasing license: Implementation
51 Infos, 7 Warnings, 0 Critical Warnings and 0 Errors encountered.
opt_design completed successfully
opt_design: Time (s): cpu = 00:00:18 ; elapsed = 00:00:16 . Memory (MB): peak = 2242.066 ; gain = 1082.383
INFO: [runtcl-4] Executing : report_drc -file top_wrapper_drc_opted.rpt -pb top_wrapper_drc_opted.pb -rpx top_wrapper_drc_opted.rpx
Command: report_drc -file top_wrapper_drc_opted.rpt -pb top_wrapper_drc_opted.pb -rpx top_wrapper_drc_opted.rpx
INFO: [IP_Flow 19-1839] IP Catalog is up to date.
INFO: [DRC 23-27] Running DRC with 2 threads
INFO: [Vivado_Tcl 2-168] The results of DRC are in file F:/Git_Repository/DVB-S/FPGA_BU01/FPGA_BU01.runs/impl_1/top_wrapper_drc_opted.rpt.
report_drc completed successfully
INFO: [Timing 38-480] Writing timing data to binary archive.
Wrote PlaceDB: Time (s): cpu = 00:00:00 ; elapsed = 00:00:00 . Memory (MB): peak = 2242.066 ; gain = 0.000
Wrote PulsedLatchDB: Time (s): cpu = 00:00:00 ; elapsed = 00:00:00 . Memory (MB): peak = 2242.066 ; gain = 0.000
Writing XDEF routing.
Write ShapeDB Complete: Time (s): cpu = 00:00:00 ; elapsed = 00:00:00.008 . Memory (MB): peak = 2242.066 ; gain = 0.000
Writing XDEF routing logical nets.
Writing XDEF routing special nets.
Wrote RouteStorage: Time (s): cpu = 00:00:00 ; elapsed = 00:00:00.023 . Memory (MB): peak = 2242.066 ; gain = 0.000
Wrote Netlist Cache: Time (s): cpu = 00:00:00 ; elapsed = 00:00:00 . Memory (MB): peak = 2242.066 ; gain = 0.000
Wrote Device Cache: Time (s): cpu = 00:00:00 ; elapsed = 00:00:00.006 . Memory (MB): peak = 2242.066 ; gain = 0.000
Write Physdb Complete: Time (s): cpu = 00:00:00 ; elapsed = 00:00:00.035 . Memory (MB): peak = 2242.066 ; gain = 0.000
INFO: [Common 17-1381] The checkpoint 'F:/Git_Repository/DVB-S/FPGA_BU01/FPGA_BU01.runs/impl_1/top_wrapper_opt.dcp' has been generated.
Command: place_design
Attempting to get a license for feature 'Implementation' and/or device 'xc7k325t'
INFO: [Common 17-349] Got license for feature 'Implementation' and/or device 'xc7k325t'
INFO: [Common 17-83] Releasing license: Implementation
INFO: [DRC 23-27] Running DRC with 2 threads
INFO: [Vivado_Tcl 4-198] DRC finished with 0 Errors
INFO: [Vivado_Tcl 4-199] Please refer to the DRC report (report_drc) for more information.
Running DRC as a precondition to command place_design
INFO: [DRC 23-27] Running DRC with 2 threads
INFO: [Vivado_Tcl 4-198] DRC finished with 0 Errors, 42 Warnings
INFO: [Vivado_Tcl 4-199] Please refer to the DRC report (report_drc) for more information.
INFO: [Place 30-611] Multithreading enabled for place_design using a maximum of 2 CPUs

Starting Placer Task

Phase 1 Placer Initialization

Phase 1.1 Placer Initialization Netlist Sorting
Netlist sorting complete. Time (s): cpu = 00:00:00 ; elapsed = 00:00:00.003 . Memory (MB): peak = 2242.066 ; gain = 0.000
Phase 1.1 Placer Initialization Netlist Sorting | Checksum: 10dbd0df8

Time (s): cpu = 00:00:00 ; elapsed = 00:00:00.005 . Memory (MB): peak = 2242.066 ; gain = 0.000
Netlist sorting complete. Time (s): cpu = 00:00:00 ; elapsed = 00:00:00.003 . Memory (MB): peak = 2242.066 ; gain = 0.000

Phase 1.2 IO Placement/ Clock Placement/ Build Placer Device
INFO: [Timing 38-35] Done setting XDC timing constraints.
Phase 1.2 IO Placement/ Clock Placement/ Build Placer Device | Checksum: 146b71efd

Time (s): cpu = 00:00:02 ; elapsed = 00:00:01 . Memory (MB): peak = 2242.066 ; gain = 0.000

Phase 1.3 Build Placer Netlist Model
Phase 1.3 Build Placer Netlist Model | Checksum: 20bc2340d

Time (s): cpu = 00:00:03 ; elapsed = 00:00:03 . Memory (MB): peak = 2242.066 ; gain = 0.000

Phase 1.4 Constrain Clocks/Macros
Phase 1.4 Constrain Clocks/Macros | Checksum: 20bc2340d

Time (s): cpu = 00:00:03 ; elapsed = 00:00:03 . Memory (MB): peak = 2242.066 ; gain = 0.000
Phase 1 Placer Initialization | Checksum: 20bc2340d

Time (s): cpu = 00:00:03 ; elapsed = 00:00:03 . Memory (MB): peak = 2242.066 ; gain = 0.000

Phase 2 Global Placement

Phase 2.1 Floorplanning
Phase 2.1 Floorplanning | Checksum: 17c2a554e

Time (s): cpu = 00:00:04 ; elapsed = 00:00:03 . Memory (MB): peak = 2242.066 ; gain = 0.000

Phase 2.2 Update Timing before SLR Path Opt
Phase 2.2 Update Timing before SLR Path Opt | Checksum: 16c263e17

Time (s): cpu = 00:00:04 ; elapsed = 00:00:03 . Memory (MB): peak = 2242.066 ; gain = 0.000

Phase 2.3 Post-Processing in Floorplanning
Phase 2.3 Post-Processing in Floorplanning | Checksum: 16c263e17

Time (s): cpu = 00:00:04 ; elapsed = 00:00:03 . Memory (MB): peak = 2242.066 ; gain = 0.000

Phase 2.4 Global Placement Core

Phase 2.4.1 UpdateTiming Before Physical Synthesis
Phase 2.4.1 UpdateTiming Before Physical Synthesis | Checksum: 12bcecf13

Time (s): cpu = 00:00:10 ; elapsed = 00:00:07 . Memory (MB): peak = 2242.066 ; gain = 0.000

Phase 2.4.2 Physical Synthesis In Placer
INFO: [Physopt 32-1035] Found 0 LUTNM shape to break, 44 LUT instances to create LUTNM shape
INFO: [Physopt 32-1044] Break lutnm for timing: one critical 0, two critical 0, total 0, new lutff created 0
INFO: [Physopt 32-1138] End 1 Pass. Optimized 13 nets or LUTs. Breaked 0 LUT, combined 13 existing LUTs and moved 0 existing LUT
INFO: [Physopt 32-65] No nets found for high-fanout optimization.
INFO: [Physopt 32-232] Optimized 0 net. Created 0 new instance.
INFO: [Physopt 32-775] End 1 Pass. Optimized 0 net or cell. Created 0 new cell, deleted 0 existing cell and moved 0 existing cell
INFO: [Physopt 32-670] No setup violation found.  DSP Register Optimization was not performed.
INFO: [Physopt 32-670] No setup violation found.  Shift Register to Pipeline Optimization was not performed.
INFO: [Physopt 32-670] No setup violation found.  Shift Register Optimization was not performed.
INFO: [Physopt 32-670] No setup violation found.  BRAM Register Optimization was not performed.
INFO: [Physopt 32-670] No setup violation found.  URAM Register Optimization was not performed.
INFO: [Physopt 32-949] No candidate nets found for dynamic/static region interface net replication
INFO: [Physopt 32-775] End 1 Pass. Optimized 0 net or cell. Created 0 new cell, deleted 0 existing cell and moved 0 existing cell
Netlist sorting complete. Time (s): cpu = 00:00:00 ; elapsed = 00:00:00.003 . Memory (MB): peak = 2242.066 ; gain = 0.000

Summary of Physical Synthesis Optimizations
============================================


-----------------------------------------------------------------------------------------------------------------------------------------------------------
|  Optimization                                     |  Added Cells  |  Removed Cells  |  Optimized Cells/Nets  |  Dont Touch  |  Iterations  |  Elapsed   |
-----------------------------------------------------------------------------------------------------------------------------------------------------------
|  LUT Combining                                    |            0  |             13  |                    13  |           0  |           1  |  00:00:00  |
|  Retime                                           |            0  |              0  |                     0  |           0  |           1  |  00:00:00  |
|  Very High Fanout                                 |            0  |              0  |                     0  |           0  |           1  |  00:00:00  |
|  DSP Register                                     |            0  |              0  |                     0  |           0  |           0  |  00:00:00  |
|  Shift Register to Pipeline                       |            0  |              0  |                     0  |           0  |           0  |  00:00:00  |
|  Shift Register                                   |            0  |              0  |                     0  |           0  |           0  |  00:00:00  |
|  BRAM Register                                    |            0  |              0  |                     0  |           0  |           0  |  00:00:00  |
|  URAM Register                                    |            0  |              0  |                     0  |           0  |           0  |  00:00:00  |
|  Dynamic/Static Region Interface Net Replication  |            0  |              0  |                     0  |           0  |           1  |  00:00:00  |
|  Total                                            |            0  |             13  |                    13  |           0  |           4  |  00:00:00  |
-----------------------------------------------------------------------------------------------------------------------------------------------------------


Phase 2.4.2 Physical Synthesis In Placer | Checksum: 19b222f2c

Time (s): cpu = 00:00:11 ; elapsed = 00:00:07 . Memory (MB): peak = 2242.066 ; gain = 0.000
Phase 2.4 Global Placement Core | Checksum: 14b6015d6

Time (s): cpu = 00:00:11 ; elapsed = 00:00:08 . Memory (MB): peak = 2242.066 ; gain = 0.000
Phase 2 Global Placement | Checksum: 14b6015d6

Time (s): cpu = 00:00:12 ; elapsed = 00:00:08 . Memory (MB): peak = 2242.066 ; gain = 0.000

Phase 3 Detail Placement

Phase 3.1 Commit Multi Column Macros
Phase 3.1 Commit Multi Column Macros | Checksum: 1c99493b9

Time (s): cpu = 00:00:12 ; elapsed = 00:00:08 . Memory (MB): peak = 2242.066 ; gain = 0.000

Phase 3.2 Commit Most Macros & LUTRAMs
Phase 3.2 Commit Most Macros & LUTRAMs | Checksum: 1e66b252b

Time (s): cpu = 00:00:13 ; elapsed = 00:00:09 . Memory (MB): peak = 2242.066 ; gain = 0.000

Phase 3.3 Area Swap Optimization
Phase 3.3 Area Swap Optimization | Checksum: 142d58aaa

Time (s): cpu = 00:00:13 ; elapsed = 00:00:09 . Memory (MB): peak = 2242.066 ; gain = 0.000

Phase 3.4 Pipeline Register Optimization
Phase 3.4 Pipeline Register Optimization | Checksum: 1e7b062ca

Time (s): cpu = 00:00:13 ; elapsed = 00:00:09 . Memory (MB): peak = 2242.066 ; gain = 0.000

Phase 3.5 Small Shape Detail Placement
Phase 3.5 Small Shape Detail Placement | Checksum: f3ade49b

Time (s): cpu = 00:00:14 ; elapsed = 00:00:10 . Memory (MB): peak = 2242.066 ; gain = 0.000

Phase 3.6 Re-assign LUT pins
Phase 3.6 Re-assign LUT pins | Checksum: 16f3b3d49

Time (s): cpu = 00:00:14 ; elapsed = 00:00:10 . Memory (MB): peak = 2242.066 ; gain = 0.000

Phase 3.7 Pipeline Register Optimization
Phase 3.7 Pipeline Register Optimization | Checksum: 19713dae1

Time (s): cpu = 00:00:14 ; elapsed = 00:00:10 . Memory (MB): peak = 2242.066 ; gain = 0.000
Phase 3 Detail Placement | Checksum: 19713dae1

Time (s): cpu = 00:00:14 ; elapsed = 00:00:10 . Memory (MB): peak = 2242.066 ; gain = 0.000

Phase 4 Post Placement Optimization and Clean-Up

Phase 4.1 Post Commit Optimization
INFO: [Timing 38-35] Done setting XDC timing constraints.

Phase 4.1.1 Post Placement Optimization
Post Placement Optimization Initialization | Checksum: 198324ffc

Phase 4.1.1.1 BUFG Insertion

Starting Physical Synthesis Task

Phase 1 Physical Synthesis Initialization
INFO: [Physopt 32-721] Multithreading enabled for phys_opt_design using a maximum of 2 CPUs
INFO: [Physopt 32-619] Estimated Timing Summary | WNS=0.811 | TNS=0.000 |
Phase 1 Physical Synthesis Initialization | Checksum: 13f8f73a3

Time (s): cpu = 00:00:00 ; elapsed = 00:00:00.283 . Memory (MB): peak = 2242.066 ; gain = 0.000
INFO: [Place 46-33] Processed net top_i/Interleaver_0/inst/u_Con_Interleaver/u_Convolutional_Interleaver/reset_n_0, BUFG insertion was skipped due to placement/routing conflicts.
INFO: [Place 46-56] BUFG insertion identified 1 candidate nets. Inserted BUFG: 0, Replicated BUFG Driver: 0, Skipped due to Placement/Routing Conflicts: 1, Skipped due to Timing Degradation: 0, Skipped due to netlist editing failed: 0.
Ending Physical Synthesis Task | Checksum: 13f8f73a3

Time (s): cpu = 00:00:00 ; elapsed = 00:00:00.400 . Memory (MB): peak = 2242.066 ; gain = 0.000
Phase 4.1.1.1 BUFG Insertion | Checksum: 198324ffc

Time (s): cpu = 00:00:17 ; elapsed = 00:00:12 . Memory (MB): peak = 2242.066 ; gain = 0.000

Phase 4.1.1.2 Post Placement Timing Optimization
INFO: [Place 30-746] Post Placement Timing Summary WNS=0.811. For the most accurate timing information please run report_timing.
Phase 4.1.1.2 Post Placement Timing Optimization | Checksum: 1468b0419

Time (s): cpu = 00:00:17 ; elapsed = 00:00:12 . Memory (MB): peak = 2242.066 ; gain = 0.000

Time (s): cpu = 00:00:17 ; elapsed = 00:00:12 . Memory (MB): peak = 2242.066 ; gain = 0.000
Phase 4.1 Post Commit Optimization | Checksum: 1468b0419

Time (s): cpu = 00:00:17 ; elapsed = 00:00:12 . Memory (MB): peak = 2242.066 ; gain = 0.000

Phase 4.2 Post Placement Cleanup
Phase 4.2 Post Placement Cleanup | Checksum: 1468b0419

Time (s): cpu = 00:00:17 ; elapsed = 00:00:12 . Memory (MB): peak = 2242.066 ; gain = 0.000

Phase 4.3 Placer Reporting

Phase 4.3.1 Print Estimated Congestion
INFO: [Place 30-612] Post-Placement Estimated Congestion 
 ____________________________________________________
|           | Global Congestion | Short Congestion  |
| Direction | Region Size       | Region Size       |
|___________|___________________|___________________|
|      North|                1x1|                1x1|
|___________|___________________|___________________|
|      South|                1x1|                1x1|
|___________|___________________|___________________|
|       East|                1x1|                1x1|
|___________|___________________|___________________|
|       West|                1x1|                1x1|
|___________|___________________|___________________|

Phase 4.3.1 Print Estimated Congestion | Checksum: 1468b0419

Time (s): cpu = 00:00:17 ; elapsed = 00:00:12 . Memory (MB): peak = 2242.066 ; gain = 0.000
Phase 4.3 Placer Reporting | Checksum: 1468b0419

Time (s): cpu = 00:00:17 ; elapsed = 00:00:12 . Memory (MB): peak = 2242.066 ; gain = 0.000

Phase 4.4 Final Placement Cleanup
Netlist sorting complete. Time (s): cpu = 00:00:00 ; elapsed = 00:00:00.006 . Memory (MB): peak = 2242.066 ; gain = 0.000

Time (s): cpu = 00:00:17 ; elapsed = 00:00:12 . Memory (MB): peak = 2242.066 ; gain = 0.000
Phase 4 Post Placement Optimization and Clean-Up | Checksum: 1ac2e3fce

Time (s): cpu = 00:00:17 ; elapsed = 00:00:12 . Memory (MB): peak = 2242.066 ; gain = 0.000
Ending Placer Task | Checksum: 1816d6604

Time (s): cpu = 00:00:17 ; elapsed = 00:00:12 . Memory (MB): peak = 2242.066 ; gain = 0.000
87 Infos, 7 Warnings, 0 Critical Warnings and 0 Errors encountered.
place_design completed successfully
place_design: Time (s): cpu = 00:00:19 ; elapsed = 00:00:14 . Memory (MB): peak = 2242.066 ; gain = 0.000
INFO: [runtcl-4] Executing : report_io -file top_wrapper_io_placed.rpt
report_io: Time (s): cpu = 00:00:00 ; elapsed = 00:00:00.109 . Memory (MB): peak = 2242.066 ; gain = 0.000
INFO: [runtcl-4] Executing : report_utilization -file top_wrapper_utilization_placed.rpt -pb top_wrapper_utilization_placed.pb
INFO: [runtcl-4] Executing : report_control_sets -verbose -file top_wrapper_control_sets_placed.rpt
report_control_sets: Time (s): cpu = 00:00:00 ; elapsed = 00:00:00.014 . Memory (MB): peak = 2242.066 ; gain = 0.000
INFO: [Timing 38-480] Writing timing data to binary archive.
Write ShapeDB Complete: Time (s): cpu = 00:00:00 ; elapsed = 00:00:00.012 . Memory (MB): peak = 2242.066 ; gain = 0.000
Wrote PlaceDB: Time (s): cpu = 00:00:01 ; elapsed = 00:00:00.383 . Memory (MB): peak = 2242.066 ; gain = 0.000
Wrote PulsedLatchDB: Time (s): cpu = 00:00:00 ; elapsed = 00:00:00 . Memory (MB): peak = 2242.066 ; gain = 0.000
Writing XDEF routing.
Writing XDEF routing logical nets.
Writing XDEF routing special nets.
Wrote RouteStorage: Time (s): cpu = 00:00:00 ; elapsed = 00:00:00.021 . Memory (MB): peak = 2242.066 ; gain = 0.000
Wrote Netlist Cache: Time (s): cpu = 00:00:00 ; elapsed = 00:00:00.009 . Memory (MB): peak = 2242.066 ; gain = 0.000
Wrote Device Cache: Time (s): cpu = 00:00:00 ; elapsed = 00:00:00.006 . Memory (MB): peak = 2242.066 ; gain = 0.000
Write Physdb Complete: Time (s): cpu = 00:00:01 ; elapsed = 00:00:00.428 . Memory (MB): peak = 2242.066 ; gain = 0.000
INFO: [Common 17-1381] The checkpoint 'F:/Git_Repository/DVB-S/FPGA_BU01/FPGA_BU01.runs/impl_1/top_wrapper_placed.dcp' has been generated.
Command: phys_opt_design
Attempting to get a license for feature 'Implementation' and/or device 'xc7k325t'
INFO: [Common 17-349] Got license for feature 'Implementation' and/or device 'xc7k325t'

Starting Initial Update Timing Task

Time (s): cpu = 00:00:01 ; elapsed = 00:00:00.734 . Memory (MB): peak = 2242.066 ; gain = 0.000
INFO: [Vivado_Tcl 4-383] Design worst setup slack (WNS) is greater than or equal to 0.000 ns. Skipping all physical synthesis optimizations.
INFO: [Vivado_Tcl 4-232] No setup violation found. The netlist was not modified.
INFO: [Common 17-83] Releasing license: Implementation
96 Infos, 7 Warnings, 0 Critical Warnings and 0 Errors encountered.
phys_opt_design completed successfully
INFO: [Timing 38-480] Writing timing data to binary archive.
Write ShapeDB Complete: Time (s): cpu = 00:00:00 ; elapsed = 00:00:00.010 . Memory (MB): peak = 2242.066 ; gain = 0.000
Wrote PlaceDB: Time (s): cpu = 00:00:01 ; elapsed = 00:00:00.378 . Memory (MB): peak = 2242.066 ; gain = 0.000
Wrote PulsedLatchDB: Time (s): cpu = 00:00:00 ; elapsed = 00:00:00 . Memory (MB): peak = 2242.066 ; gain = 0.000
Writing XDEF routing.
Writing XDEF routing logical nets.
Writing XDEF routing special nets.
Wrote RouteStorage: Time (s): cpu = 00:00:00 ; elapsed = 00:00:00.019 . Memory (MB): peak = 2242.066 ; gain = 0.000
Wrote Netlist Cache: Time (s): cpu = 00:00:00 ; elapsed = 00:00:00.007 . Memory (MB): peak = 2242.066 ; gain = 0.000
Wrote Device Cache: Time (s): cpu = 00:00:00 ; elapsed = 00:00:00.006 . Memory (MB): peak = 2242.066 ; gain = 0.000
Write Physdb Complete: Time (s): cpu = 00:00:01 ; elapsed = 00:00:00.418 . Memory (MB): peak = 2242.066 ; gain = 0.000
INFO: [Common 17-1381] The checkpoint 'F:/Git_Repository/DVB-S/FPGA_BU01/FPGA_BU01.runs/impl_1/top_wrapper_physopt.dcp' has been generated.
Command: route_design
Attempting to get a license for feature 'Implementation' and/or device 'xc7k325t'
INFO: [Common 17-349] Got license for feature 'Implementation' and/or device 'xc7k325t'
Running DRC as a precondition to command route_design
INFO: [DRC 23-27] Running DRC with 2 threads
INFO: [Vivado_Tcl 4-198] DRC finished with 0 Errors
INFO: [Vivado_Tcl 4-199] Please refer to the DRC report (report_drc) for more information.


Starting Routing Task
INFO: [Route 35-254] Multithreading enabled for route_design using a maximum of 8 CPUs

Phase 1 Build RT Design
Checksum: PlaceDB: bc73789e ConstDB: 0 ShapeSum: c4f9ed66 RouteDB: 0
Post Restoration Checksum: NetGraph: 587407f6 | NumContArr: 234a0e3f | Constraints: c2a8fa9d | Timing: c2a8fa9d
Phase 1 Build RT Design | Checksum: 201100b6f

Time (s): cpu = 00:00:46 ; elapsed = 00:00:34 . Memory (MB): peak = 2516.195 ; gain = 274.129

Phase 2 Router Initialization

Phase 2.1 Fix Topology Constraints
Phase 2.1 Fix Topology Constraints | Checksum: 201100b6f

Time (s): cpu = 00:00:46 ; elapsed = 00:00:34 . Memory (MB): peak = 2516.195 ; gain = 274.129

Phase 2.2 Pre Route Cleanup
Phase 2.2 Pre Route Cleanup | Checksum: 201100b6f

Time (s): cpu = 00:00:46 ; elapsed = 00:00:34 . Memory (MB): peak = 2516.195 ; gain = 274.129
 Number of Nodes with overlaps = 0

Phase 2.3 Update Timing
Phase 2.3 Update Timing | Checksum: 26f10324e

Time (s): cpu = 00:00:52 ; elapsed = 00:00:38 . Memory (MB): peak = 2717.953 ; gain = 475.887
INFO: [Route 35-416] Intermediate Timing Summary | WNS=0.870  | TNS=0.000  | WHS=-0.204 | THS=-514.821|


Router Utilization Summary
  Global Vertical Routing Utilization    = 0 %
  Global Horizontal Routing Utilization  = 0 %
  Routable Net Status*
  *Does not include unroutable nets such as driverless and loadless.
  Run report_route_status for detailed report.
  Number of Failed Nets               = 7011
    (Failed Nets is the sum of unrouted and partially routed nets)
  Number of Unrouted Nets             = 7011
  Number of Partially Routed Nets     = 0
  Number of Node Overlaps             = 0

Phase 2 Router Initialization | Checksum: 1cbc88ad7

Time (s): cpu = 00:00:54 ; elapsed = 00:00:39 . Memory (MB): peak = 2747.043 ; gain = 504.977

Phase 3 Initial Routing

Phase 3.1 Global Routing
Phase 3.1 Global Routing | Checksum: 1cbc88ad7

Time (s): cpu = 00:00:54 ; elapsed = 00:00:39 . Memory (MB): peak = 2747.043 ; gain = 504.977

Phase 3.2 Initial Net Routing
Phase 3.2 Initial Net Routing | Checksum: 3258f790e

Time (s): cpu = 00:00:58 ; elapsed = 00:00:40 . Memory (MB): peak = 2747.043 ; gain = 504.977
Phase 3 Initial Routing | Checksum: 3258f790e

Time (s): cpu = 00:00:58 ; elapsed = 00:00:40 . Memory (MB): peak = 2747.043 ; gain = 504.977

Phase 4 Rip-up And Reroute

Phase 4.1 Global Iteration 0
 Number of Nodes with overlaps = 71
 Number of Nodes with overlaps = 4
 Number of Nodes with overlaps = 3
 Number of Nodes with overlaps = 2
 Number of Nodes with overlaps = 1
 Number of Nodes with overlaps = 0
INFO: [Route 35-416] Intermediate Timing Summary | WNS=0.048  | TNS=0.000  | WHS=N/A    | THS=N/A    |

Phase 4.1 Global Iteration 0 | Checksum: 2d595cbb0

Time (s): cpu = 00:01:02 ; elapsed = 00:00:43 . Memory (MB): peak = 2747.043 ; gain = 504.977

Phase 4.2 Global Iteration 1
 Number of Nodes with overlaps = 0
INFO: [Route 35-416] Intermediate Timing Summary | WNS=0.096  | TNS=0.000  | WHS=N/A    | THS=N/A    |

Phase 4.2 Global Iteration 1 | Checksum: 170df8ff9

Time (s): cpu = 00:01:03 ; elapsed = 00:00:43 . Memory (MB): peak = 2747.043 ; gain = 504.977
Phase 4 Rip-up And Reroute | Checksum: 170df8ff9

Time (s): cpu = 00:01:03 ; elapsed = 00:00:43 . Memory (MB): peak = 2747.043 ; gain = 504.977

Phase 5 Delay and Skew Optimization

Phase 5.1 Delay CleanUp
Phase 5.1 Delay CleanUp | Checksum: 170df8ff9

Time (s): cpu = 00:01:03 ; elapsed = 00:00:43 . Memory (MB): peak = 2747.043 ; gain = 504.977

Phase 5.2 Clock Skew Optimization
Phase 5.2 Clock Skew Optimization | Checksum: 170df8ff9

Time (s): cpu = 00:01:03 ; elapsed = 00:00:43 . Memory (MB): peak = 2747.043 ; gain = 504.977
Phase 5 Delay and Skew Optimization | Checksum: 170df8ff9

Time (s): cpu = 00:01:03 ; elapsed = 00:00:43 . Memory (MB): peak = 2747.043 ; gain = 504.977

Phase 6 Post Hold Fix

Phase 6.1 Hold Fix Iter

Phase 6.1.1 Update Timing
Phase 6.1.1 Update Timing | Checksum: 1ba41a05a

Time (s): cpu = 00:01:04 ; elapsed = 00:00:43 . Memory (MB): peak = 2747.043 ; gain = 504.977
INFO: [Route 35-416] Intermediate Timing Summary | WNS=0.109  | TNS=0.000  | WHS=0.067  | THS=0.000  |

Phase 6.1 Hold Fix Iter | Checksum: 1ba41a05a

Time (s): cpu = 00:01:04 ; elapsed = 00:00:43 . Memory (MB): peak = 2747.043 ; gain = 504.977
Phase 6 Post Hold Fix | Checksum: 1ba41a05a

Time (s): cpu = 00:01:04 ; elapsed = 00:00:43 . Memory (MB): peak = 2747.043 ; gain = 504.977

Phase 7 Route finalize

Router Utilization Summary
  Global Vertical Routing Utilization    = 0.166333 %
  Global Horizontal Routing Utilization  = 0.164057 %
  Routable Net Status*
  *Does not include unroutable nets such as driverless and loadless.
  Run report_route_status for detailed report.
  Number of Failed Nets               = 0
    (Failed Nets is the sum of unrouted and partially routed nets)
  Number of Unrouted Nets             = 0
  Number of Partially Routed Nets     = 0
  Number of Node Overlaps             = 0

Phase 7 Route finalize | Checksum: 1ba41a05a

Time (s): cpu = 00:01:04 ; elapsed = 00:00:43 . Memory (MB): peak = 2747.043 ; gain = 504.977

Phase 8 Verifying routed nets

 Verification completed successfully
Phase 8 Verifying routed nets | Checksum: 1ba41a05a

Time (s): cpu = 00:01:04 ; elapsed = 00:00:43 . Memory (MB): peak = 2747.043 ; gain = 504.977

Phase 9 Depositing Routes
Phase 9 Depositing Routes | Checksum: 199e9a98d

Time (s): cpu = 00:01:04 ; elapsed = 00:00:44 . Memory (MB): peak = 2747.043 ; gain = 504.977

Phase 10 Post Router Timing
INFO: [Route 35-57] Estimated Timing Summary | WNS=0.109  | TNS=0.000  | WHS=0.067  | THS=0.000  |

INFO: [Route 35-327] The final timing numbers are based on the router estimated timing analysis. For a complete and accurate timing signoff, please run report_timing_summary.
Phase 10 Post Router Timing | Checksum: 199e9a98d

Time (s): cpu = 00:01:05 ; elapsed = 00:00:44 . Memory (MB): peak = 2747.043 ; gain = 504.977
INFO: [Route 35-16] Router Completed Successfully

Phase 11 Post-Route Event Processing
Phase 11 Post-Route Event Processing | Checksum: 247529ea3

Time (s): cpu = 00:01:05 ; elapsed = 00:00:44 . Memory (MB): peak = 2747.043 ; gain = 504.977
Ending Routing Task | Checksum: 247529ea3

Time (s): cpu = 00:01:06 ; elapsed = 00:00:45 . Memory (MB): peak = 2747.043 ; gain = 504.977

Routing Is Done.
INFO: [Common 17-83] Releasing license: Implementation
111 Infos, 7 Warnings, 0 Critical Warnings and 0 Errors encountered.
route_design completed successfully
route_design: Time (s): cpu = 00:01:08 ; elapsed = 00:00:46 . Memory (MB): peak = 2747.043 ; gain = 504.977
INFO: [runtcl-4] Executing : report_drc -file top_wrapper_drc_routed.rpt -pb top_wrapper_drc_routed.pb -rpx top_wrapper_drc_routed.rpx
Command: report_drc -file top_wrapper_drc_routed.rpt -pb top_wrapper_drc_routed.pb -rpx top_wrapper_drc_routed.rpx
INFO: [IP_Flow 19-1839] IP Catalog is up to date.
INFO: [DRC 23-27] Running DRC with 2 threads
INFO: [Vivado_Tcl 2-168] The results of DRC are in file F:/Git_Repository/DVB-S/FPGA_BU01/FPGA_BU01.runs/impl_1/top_wrapper_drc_routed.rpt.
report_drc completed successfully
INFO: [runtcl-4] Executing : report_methodology -file top_wrapper_methodology_drc_routed.rpt -pb top_wrapper_methodology_drc_routed.pb -rpx top_wrapper_methodology_drc_routed.rpx
Command: report_methodology -file top_wrapper_methodology_drc_routed.rpt -pb top_wrapper_methodology_drc_routed.pb -rpx top_wrapper_methodology_drc_routed.rpx
INFO: [Timing 38-35] Done setting XDC timing constraints.
INFO: [DRC 23-133] Running Methodology with 2 threads
INFO: [Vivado_Tcl 2-1520] The results of Report Methodology are in file F:/Git_Repository/DVB-S/FPGA_BU01/FPGA_BU01.runs/impl_1/top_wrapper_methodology_drc_routed.rpt.
report_methodology completed successfully
INFO: [runtcl-4] Executing : report_power -file top_wrapper_power_routed.rpt -pb top_wrapper_power_summary_routed.pb -rpx top_wrapper_power_routed.rpx
Command: report_power -file top_wrapper_power_routed.rpt -pb top_wrapper_power_summary_routed.pb -rpx top_wrapper_power_routed.rpx
INFO: [Timing 38-35] Done setting XDC timing constraints.
Running Vector-less Activity Propagation...

Finished Running Vector-less Activity Propagation
121 Infos, 7 Warnings, 0 Critical Warnings and 0 Errors encountered.
report_power completed successfully
INFO: [runtcl-4] Executing : report_route_status -file top_wrapper_route_status.rpt -pb top_wrapper_route_status.pb
INFO: [runtcl-4] Executing : report_timing_summary -max_paths 10 -report_unconstrained -file top_wrapper_timing_summary_routed.rpt -pb top_wrapper_timing_summary_routed.pb -rpx top_wrapper_timing_summary_routed.rpx -warn_on_violation 
INFO: [Timing 38-91] UpdateTimingParams: Speed grade: -2, Delay Type: min_max.
INFO: [Timing 38-191] Multithreading enabled for timing update using a maximum of 2 CPUs
INFO: [runtcl-4] Executing : report_incremental_reuse -file top_wrapper_incremental_reuse_routed.rpt
INFO: [Vivado_Tcl 4-1062] Incremental flow is disabled. No incremental reuse Info to report.
INFO: [runtcl-4] Executing : report_clock_utilization -file top_wrapper_clock_utilization_routed.rpt
INFO: [runtcl-4] Executing : report_bus_skew -warn_on_violation -file top_wrapper_bus_skew_routed.rpt -pb top_wrapper_bus_skew_routed.pb -rpx top_wrapper_bus_skew_routed.rpx
INFO: [Timing 38-91] UpdateTimingParams: Speed grade: -2, Delay Type: min_max.
INFO: [Timing 38-191] Multithreading enabled for timing update using a maximum of 2 CPUs
INFO: [Timing 38-480] Writing timing data to binary archive.
Write ShapeDB Complete: Time (s): cpu = 00:00:00 ; elapsed = 00:00:00.014 . Memory (MB): peak = 2747.043 ; gain = 0.000
Wrote PlaceDB: Time (s): cpu = 00:00:01 ; elapsed = 00:00:00.449 . Memory (MB): peak = 2747.043 ; gain = 0.000
Wrote PulsedLatchDB: Time (s): cpu = 00:00:00 ; elapsed = 00:00:00 . Memory (MB): peak = 2747.043 ; gain = 0.000
Writing XDEF routing.
Writing XDEF routing logical nets.
Writing XDEF routing special nets.
Wrote RouteStorage: Time (s): cpu = 00:00:00 ; elapsed = 00:00:00.108 . Memory (MB): peak = 2747.043 ; gain = 0.000
Wrote Netlist Cache: Time (s): cpu = 00:00:00 ; elapsed = 00:00:00.009 . Memory (MB): peak = 2747.043 ; gain = 0.000
Wrote Device Cache: Time (s): cpu = 00:00:00 ; elapsed = 00:00:00.006 . Memory (MB): peak = 2747.043 ; gain = 0.000
Write Physdb Complete: Time (s): cpu = 00:00:01 ; elapsed = 00:00:00.576 . Memory (MB): peak = 2747.043 ; gain = 0.000
INFO: [Common 17-1381] The checkpoint 'F:/Git_Repository/DVB-S/FPGA_BU01/FPGA_BU01.runs/impl_1/top_wrapper_routed.dcp' has been generated.
INFO: [Common 17-206] Exiting Vivado at Thu Jun  6 19:09:41 2024...
