INFO: [VRFC 10-2263] Analyzing Verilog file "F:/Git_Repository/DVB-S/HDL_Gen/DVBS/MATLAB_Function.v" into library xil_defaultlib
INFO: [VRFC 10-311] analyzing module MATLAB_Function
INFO: [VRFC 10-2263] Analyzing Verilog file "F:/Git_Repository/DVB-S/HDL_Gen/DVBS/sigSource.v" into library xil_defaultlib
INFO: [VRFC 10-311] analyzing module sigSource
INFO: [VRFC 10-2263] Analyzing Verilog file "F:/Git_Repository/DVB-S/FPGA_BU01/FPGA_BU01.srcs/sources_1/new/EN_Gen.v" into library xil_defaultlib
INFO: [VRFC 10-311] analyzing module EN_Gen
INFO: [VRFC 10-2263] Analyzing Verilog file "F:/Git_Repository/DVB-S/HDL_Gen/DVBS/alphaScramble.v" into library xil_defaultlib
INFO: [VRFC 10-311] analyzing module alphaScramble
INFO: [VRFC 10-2263] Analyzing Verilog file "F:/Git_Repository/DVB-S/HDL_Gen/DVBS/Integer_Input_RS_Encoder_HDL_Optimized.v" into library xil_defaultlib
INFO: [VRFC 10-311] analyzing module Integer_Input_RS_Encoder_HDL_Optimized
INFO: [VRFC 10-2263] Analyzing Verilog file "F:/Git_Repository/DVB-S/HDL_Gen/DVBS/RS.v" into library xil_defaultlib
INFO: [VRFC 10-311] analyzing module RS
INFO: [VRFC 10-2263] Analyzing Verilog file "F:/Git_Repository/DVB-S/HDL_Gen/DVBS/Convolutional_Interleaver.v" into library xil_defaultlib
INFO: [VRFC 10-311] analyzing module Convolutional_Interleaver
INFO: [VRFC 10-2263] Analyzing Verilog file "F:/Git_Repository/DVB-S/HDL_Gen/DVBS/Con_Interleaver.v" into library xil_defaultlib
INFO: [VRFC 10-311] analyzing module Con_Interleaver
INFO: [VRFC 10-2263] Analyzing Verilog file "F:/Git_Repository/DVB-S/HDL_Gen/DVBS/Counter_Limited.v" into library xil_defaultlib
INFO: [VRFC 10-311] analyzing module Counter_Limited
INFO: [VRFC 10-2263] Analyzing Verilog file "F:/Git_Repository/DVB-S/HDL_Gen/DVBS/Increment_Real_World.v" into library xil_defaultlib
INFO: [VRFC 10-311] analyzing module Increment_Real_World
INFO: [VRFC 10-2263] Analyzing Verilog file "F:/Git_Repository/DVB-S/HDL_Gen/DVBS/Wrap_To_Zero.v" into library xil_defaultlib
INFO: [VRFC 10-311] analyzing module Wrap_To_Zero
INFO: [VRFC 10-2263] Analyzing Verilog file "F:/Git_Repository/DVB-S/HDL_Gen/DVBS/dec2bin_tc.v" into library xil_defaultlib
INFO: [VRFC 10-311] analyzing module dec2bin_tc
INFO: [VRFC 10-2263] Analyzing Verilog file "F:/Git_Repository/DVB-S/HDL_Gen/DVBS/dec2bin.v" into library xil_defaultlib
INFO: [VRFC 10-311] analyzing module dec2bin
INFO: [VRFC 10-2263] Analyzing Verilog file "F:/Git_Repository/DVB-S/HDL_Gen/DVBS/Convolutional_Encoder2.v" into library xil_defaultlib
INFO: [VRFC 10-311] analyzing module Convolutional_Encoder2
INFO: [VRFC 10-2263] Analyzing Verilog file "F:/Git_Repository/DVB-S/HDL_Gen/DVBS/Con_Encoder.v" into library xil_defaultlib
INFO: [VRFC 10-311] analyzing module Con_Encoder
INFO: [VRFC 10-2263] Analyzing Verilog file "F:/Git_Repository/DVB-S/FPGA_BU01/FPGA_BU01.srcs/sources_1/new/PolarityShift.v" into library xil_defaultlib
INFO: [VRFC 10-311] analyzing module PolarityShift
INFO: [VRFC 10-2263] Analyzing Verilog file "F:/Git_Repository/DVB-S/FPGA_BU01/FPGA_BU01.srcs/sources_1/new/terminal.v" into library xil_defaultlib
INFO: [VRFC 10-311] analyzing module terminal
INFO: [VRFC 10-2263] Analyzing Verilog file "F:/Git_Repository/DVB-S/FPGA_BU01/FPGA_BU01.ip_user_files/bd/top/ip/top_sigSource_0_0/sim/top_sigSource_0_0.v" into library xil_defaultlib
INFO: [VRFC 10-311] analyzing module top_sigSource_0_0
INFO: [VRFC 10-2263] Analyzing Verilog file "F:/Git_Repository/DVB-S/FPGA_BU01/FPGA_BU01.ip_user_files/bd/top/ip/top_EN_Gen_0_0/sim/top_EN_Gen_0_0.v" into library xil_defaultlib
INFO: [VRFC 10-311] analyzing module top_EN_Gen_0_0
INFO: [VRFC 10-2263] Analyzing Verilog file "F:/Git_Repository/DVB-S/FPGA_BU01/FPGA_BU01.ip_user_files/bd/top/ip/top_alphaScramble_0_0/sim/top_alphaScramble_0_0.v" into library xil_defaultlib
INFO: [VRFC 10-311] analyzing module top_alphaScramble_0_0
INFO: [VRFC 10-2263] Analyzing Verilog file "F:/Git_Repository/DVB-S/FPGA_BU01/FPGA_BU01.ip_user_files/bd/top/ip/top_RS_0_0/sim/top_RS_0_0.v" into library xil_defaultlib
INFO: [VRFC 10-311] analyzing module top_RS_0_0
INFO: [VRFC 10-2263] Analyzing Verilog file "F:/Git_Repository/DVB-S/FPGA_BU01/FPGA_BU01.ip_user_files/bd/top/ip/top_Con_Interleaver_0_0/sim/top_Con_Interleaver_0_0.v" into library xil_defaultlib
INFO: [VRFC 10-311] analyzing module top_Con_Interleaver_0_0
INFO: [VRFC 10-2263] Analyzing Verilog file "F:/Git_Repository/DVB-S/FPGA_BU01/FPGA_BU01.ip_user_files/bd/top/ip/top_dec2bin_0_0/sim/top_dec2bin_0_0.v" into library xil_defaultlib
INFO: [VRFC 10-311] analyzing module top_dec2bin_0_0
INFO: [VRFC 10-2263] Analyzing Verilog file "F:/Git_Repository/DVB-S/FPGA_BU01/FPGA_BU01.ip_user_files/bd/top/ip/top_Con_Encoder_0_0/sim/top_Con_Encoder_0_0.v" into library xil_defaultlib
INFO: [VRFC 10-311] analyzing module top_Con_Encoder_0_0
INFO: [VRFC 10-2263] Analyzing Verilog file "F:/Git_Repository/DVB-S/FPGA_BU01/FPGA_BU01.ip_user_files/bd/top/ip/top_PolarityShift_0_0/sim/top_PolarityShift_0_0.v" into library xil_defaultlib
INFO: [VRFC 10-311] analyzing module top_PolarityShift_0_0
INFO: [VRFC 10-2263] Analyzing Verilog file "F:/Git_Repository/DVB-S/FPGA_BU01/FPGA_BU01.ip_user_files/bd/top/ip/top_PolarityShift_1_0/sim/top_PolarityShift_1_0.v" into library xil_defaultlib
INFO: [VRFC 10-311] analyzing module top_PolarityShift_1_0
INFO: [VRFC 10-2263] Analyzing Verilog file "F:/Git_Repository/DVB-S/FPGA_BU01/FPGA_BU01.ip_user_files/bd/top/ip/top_terminal_0_0/sim/top_terminal_0_0.v" into library xil_defaultlib
INFO: [VRFC 10-311] analyzing module top_terminal_0_0
INFO: [VRFC 10-2263] Analyzing Verilog file "F:/Git_Repository/DVB-S/FPGA_BU01/FPGA_BU01.ip_user_files/bd/top/sim/top.v" into library xil_defaultlib
INFO: [VRFC 10-311] analyzing module top
INFO: [VRFC 10-2263] Analyzing Verilog file "F:/Git_Repository/DVB-S/FPGA_BU01/FPGA_BU01.gen/sources_1/bd/top/hdl/top_wrapper.v" into library xil_defaultlib
INFO: [VRFC 10-311] analyzing module top_wrapper
INFO: [VRFC 10-2263] Analyzing Verilog file "F:/Git_Repository/DVB-S/FPGA_BU01/FPGA_BU01.srcs/sim_1/new/top_tb.v" into library xil_defaultlib
INFO: [VRFC 10-311] analyzing module top_tb
