Copyright 1986-2022 Xilinx, Inc. All Rights Reserved. Copyright 2022-2023 Advanced Micro Devices, Inc. All Rights Reserved.
---------------------------------------------------------------------------------------------------------------------------------------------
| Tool Version : Vivado v.2023.2 (win64) Build 4029153 Fri Oct 13 20:14:34 MDT 2023
| Date         : Wed May 15 14:55:11 2024
| Host         : MOERJIE_PC running 64-bit major release  (build 9200)
| Command      : upgrade_ip
| Device       : xc7z020clg400-3
---------------------------------------------------------------------------------------------------------------------------------------------

Upgrade Log for IP 'top_xlconstant_0_0'

1. Summary
----------

SUCCESS in the update of top_xlconstant_0_0 (xilinx.com:ip:xlconstant:1.1 (Rev. 8)) to current project options.






Copyright 1986-2022 Xilinx, Inc. All Rights Reserved. Copyright 2022-2023 Advanced Micro Devices, Inc. All Rights Reserved.
---------------------------------------------------------------------------------------------------------------------------------------------
| Tool Version : Vivado v.2023.2 (win64) Build 4029153 Fri Oct 13 20:14:34 MDT 2023
| Date         : Wed May 15 14:55:11 2024
| Host         : MOERJIE_PC running 64-bit major release  (build 9200)
| Command      : upgrade_ip
| Device       : xc7z020clg400-3
---------------------------------------------------------------------------------------------------------------------------------------------

Upgrade Log for IP 'top_ila_0_0'

1. Summary
----------

SUCCESS in the update of top_ila_0_0 (xilinx.com:ip:ila:6.2 (Rev. 14)) to current project options.

