INFO: [VRFC 10-2263] Analyzing Verilog file "F:/Git_Repository/DVB-S/FPGA_BU01/FPGA_BU01.sim/sim_1/impl/timing/xsim/top_tb_time_impl.v" into library xil_defaultlib
INFO: [VRFC 10-311] analyzing module top
INFO: [VRFC 10-311] analyzing module top_Con_Encoder_0_0
INFO: [VRFC 10-311] analyzing module top_Con_Encoder_0_0_Con_Encoder
INFO: [VRFC 10-311] analyzing module top_Con_Encoder_0_0_Convolutional_Encoder2
INFO: [VRFC 10-311] analyzing module top_DataSource_Scrambler_0_1
INFO: [VRFC 10-311] analyzing module top_DataSource_Scrambler_0_1_CLKdivide
INFO: [VRFC 10-311] analyzing module top_DataSource_Scrambler_0_1_DataSource_Scrambler
INFO: [VRFC 10-311] analyzing module top_DataSource_Scrambler_0_1_Detect_Rise_Positive
INFO: [VRFC 10-311] analyzing module top_DataSource_Scrambler_0_1_Detect_Rise_Positive1
INFO: [VRFC 10-311] analyzing module top_DataSource_Scrambler_0_1_Detect_Rise_Positive_block
INFO: [VRFC 10-311] analyzing module top_DataSource_Scrambler_0_1_HeaderProcess
INFO: [VRFC 10-311] analyzing module top_DataSource_Scrambler_0_1_MATLAB_Function
INFO: [VRFC 10-311] analyzing module top_DataSource_Scrambler_0_1_RS_Gen
INFO: [VRFC 10-311] analyzing module top_DataSource_Scrambler_0_1_myScrambler
INFO: [VRFC 10-311] analyzing module top_DataSource_Scrambler_0_1_sigSource
INFO: [VRFC 10-311] analyzing module top_Interleaver_0_0
INFO: [VRFC 10-311] analyzing module top_Interleaver_0_0_Con_Interleaver
INFO: [VRFC 10-311] analyzing module top_Interleaver_0_0_Convolutional_Interleaver
INFO: [VRFC 10-311] analyzing module top_Interleaver_0_0_Interleaver
INFO: [VRFC 10-311] analyzing module top_PolarityShift_0_0
INFO: [VRFC 10-311] analyzing module top_PolarityShift_0_0_PolarityShift
INFO: [VRFC 10-311] analyzing module top_PolarityShift_1_0
INFO: [VRFC 10-311] analyzing module top_PolarityShift_1_0_PolarityShift
INFO: [VRFC 10-311] analyzing module top_RS_Enc_0_0
INFO: [VRFC 10-311] analyzing module top_RS_Enc_0_0_Integer_Input_RS_Encoder_HDL_Optimized
INFO: [VRFC 10-311] analyzing module top_RS_Enc_0_0_RS
INFO: [VRFC 10-311] analyzing module top_RS_Enc_0_0_RS_Enc
INFO: [VRFC 10-311] analyzing module top_c_addsub_0_0
INFO: [VRFC 10-311] analyzing module top_dds_compiler_0_0
INFO: [VRFC 10-311] analyzing module top_dds_compiler_0_1
INFO: [VRFC 10-311] analyzing module top_dec2bin_0_3
INFO: [VRFC 10-311] analyzing module top_dec2bin_0_3_dec2bin
INFO: [VRFC 10-311] analyzing module top_fir_compiler_0_0
INFO: [VRFC 10-311] analyzing module top_fir_compiler_0_2
INFO: [VRFC 10-311] analyzing module top_mult_gen_0_0
INFO: [VRFC 10-311] analyzing module top_mult_gen_0_1
INFO: [VRFC 10-311] analyzing module top_terminal_0_0
INFO: [VRFC 10-311] analyzing module top_terminal_0_0_terminal
INFO: [VRFC 10-311] analyzing module top_util_ds_buf_0_0
INFO: [VRFC 10-311] analyzing module top_util_ds_buf_0_0_util_ds_buf
INFO: [VRFC 10-311] analyzing module top_wrapper
INFO: [VRFC 10-311] analyzing module top_c_addsub_0_0_c_addsub_v12_0_16
INFO: [VRFC 10-311] analyzing module top_dds_compiler_0_0_dds_compiler_v6_0_23
INFO: [VRFC 10-311] analyzing module top_dds_compiler_0_1_dds_compiler_v6_0_23
INFO: [VRFC 10-311] analyzing module top_fir_compiler_0_0_fir_compiler_v7_2_20
INFO: [VRFC 10-311] analyzing module top_fir_compiler_0_2_fir_compiler_v7_2_20
INFO: [VRFC 10-311] analyzing module top_mult_gen_0_0_mult_gen_v12_0_19
INFO: [VRFC 10-311] analyzing module top_mult_gen_0_1_mult_gen_v12_0_19
INFO: [VRFC 10-311] analyzing module top_c_addsub_0_0_c_addsub_v12_0_16_viv
INFO: [VRFC 10-311] analyzing module top_c_addsub_0_0_xbip_addsub_v3_0_7_viv
INFO: [VRFC 10-311] analyzing module top_c_addsub_0_0_xbip_dsp48_addsub_synth
INFO: [VRFC 10-311] analyzing module top_c_addsub_0_0_xbip_dsp48_addsub_v3_0_7_viv
INFO: [VRFC 10-311] analyzing module top_c_addsub_0_0_xbip_dsp48e1_wrapper_v3_0
INFO: [VRFC 10-311] analyzing module top_dds_compiler_0_0_accum
INFO: [VRFC 10-311] analyzing module top_dds_compiler_0_0_dds_compiler_v6_0_23_core
INFO: [VRFC 10-311] analyzing module top_dds_compiler_0_0_dds_compiler_v6_0_23_viv
INFO: [VRFC 10-311] analyzing module top_dds_compiler_0_0_dither_wrap
INFO: [VRFC 10-311] analyzing module top_dds_compiler_0_0_pipe_add
INFO: [VRFC 10-311] analyzing module top_dds_compiler_0_0_sin_cos
INFO: [VRFC 10-311] analyzing module top_dds_compiler_0_0_xbip_pipe_v3_0_7_viv__parameterized12
INFO: [VRFC 10-311] analyzing module top_dds_compiler_0_0_xbip_pipe_v3_0_7_viv__parameterized14
INFO: [VRFC 10-311] analyzing module top_dds_compiler_0_0_xbip_pipe_v3_0_7_viv__parameterized16_2
INFO: [VRFC 10-311] analyzing module top_dds_compiler_0_0_xbip_pipe_v3_0_7_viv__parameterized16_3
INFO: [VRFC 10-311] analyzing module top_dds_compiler_0_0_xbip_pipe_v3_0_7_viv__parameterized16_6
INFO: [VRFC 10-311] analyzing module top_dds_compiler_0_0_xbip_pipe_v3_0_7_viv__parameterized18_5
INFO: [VRFC 10-311] analyzing module top_dds_compiler_0_0_xbip_pipe_v3_0_7_viv__parameterized7
INFO: [VRFC 10-311] analyzing module top_dds_compiler_0_0_xbip_pipe_v3_0_7_viv__parameterized7_8
INFO: [VRFC 10-311] analyzing module top_dds_compiler_0_1_accum
INFO: [VRFC 10-311] analyzing module top_dds_compiler_0_1_dds_compiler_v6_0_23_core
INFO: [VRFC 10-311] analyzing module top_dds_compiler_0_1_dds_compiler_v6_0_23_viv
INFO: [VRFC 10-311] analyzing module top_dds_compiler_0_1_dither_wrap
INFO: [VRFC 10-311] analyzing module top_dds_compiler_0_1_pipe_add
INFO: [VRFC 10-311] analyzing module top_dds_compiler_0_1_sin_cos
INFO: [VRFC 10-311] analyzing module top_dds_compiler_0_1_xbip_pipe_v3_0_7_viv__parameterized12
INFO: [VRFC 10-311] analyzing module top_dds_compiler_0_1_xbip_pipe_v3_0_7_viv__parameterized14
INFO: [VRFC 10-311] analyzing module top_dds_compiler_0_1_xbip_pipe_v3_0_7_viv__parameterized16_2
INFO: [VRFC 10-311] analyzing module top_dds_compiler_0_1_xbip_pipe_v3_0_7_viv__parameterized16_3
INFO: [VRFC 10-311] analyzing module top_dds_compiler_0_1_xbip_pipe_v3_0_7_viv__parameterized16_6
INFO: [VRFC 10-311] analyzing module top_dds_compiler_0_1_xbip_pipe_v3_0_7_viv__parameterized18_5
INFO: [VRFC 10-311] analyzing module top_dds_compiler_0_1_xbip_pipe_v3_0_7_viv__parameterized7
INFO: [VRFC 10-311] analyzing module top_dds_compiler_0_1_xbip_pipe_v3_0_7_viv__parameterized7_8
INFO: [VRFC 10-311] analyzing module top_fir_compiler_0_0_addsub_mult_add
INFO: [VRFC 10-311] analyzing module top_fir_compiler_0_0_addsub_mult_add_100
INFO: [VRFC 10-311] analyzing module top_fir_compiler_0_0_addsub_mult_add_101
INFO: [VRFC 10-311] analyzing module top_fir_compiler_0_0_addsub_mult_add_102
INFO: [VRFC 10-311] analyzing module top_fir_compiler_0_0_addsub_mult_add_103
INFO: [VRFC 10-311] analyzing module top_fir_compiler_0_0_addsub_mult_add_104
INFO: [VRFC 10-311] analyzing module top_fir_compiler_0_0_addsub_mult_add_105
INFO: [VRFC 10-311] analyzing module top_fir_compiler_0_0_addsub_mult_add_106
INFO: [VRFC 10-311] analyzing module top_fir_compiler_0_0_addsub_mult_add_107
INFO: [VRFC 10-311] analyzing module top_fir_compiler_0_0_addsub_mult_add_108
INFO: [VRFC 10-311] analyzing module top_fir_compiler_0_0_addsub_mult_add_109
INFO: [VRFC 10-311] analyzing module top_fir_compiler_0_0_addsub_mult_add_110
INFO: [VRFC 10-311] analyzing module top_fir_compiler_0_0_addsub_mult_add_111
INFO: [VRFC 10-311] analyzing module top_fir_compiler_0_0_addsub_mult_add_112
INFO: [VRFC 10-311] analyzing module top_fir_compiler_0_0_addsub_mult_add_113
INFO: [VRFC 10-311] analyzing module top_fir_compiler_0_0_addsub_mult_add_114
INFO: [VRFC 10-311] analyzing module top_fir_compiler_0_0_addsub_mult_add_115
INFO: [VRFC 10-311] analyzing module top_fir_compiler_0_0_addsub_mult_add_116
INFO: [VRFC 10-311] analyzing module top_fir_compiler_0_0_addsub_mult_add_78
INFO: [VRFC 10-311] analyzing module top_fir_compiler_0_0_addsub_mult_add_79
INFO: [VRFC 10-311] analyzing module top_fir_compiler_0_0_addsub_mult_add_80
INFO: [VRFC 10-311] analyzing module top_fir_compiler_0_0_addsub_mult_add_81
INFO: [VRFC 10-311] analyzing module top_fir_compiler_0_0_addsub_mult_add_82
INFO: [VRFC 10-311] analyzing module top_fir_compiler_0_0_addsub_mult_add_83
INFO: [VRFC 10-311] analyzing module top_fir_compiler_0_0_addsub_mult_add_84
INFO: [VRFC 10-311] analyzing module top_fir_compiler_0_0_addsub_mult_add_85
INFO: [VRFC 10-311] analyzing module top_fir_compiler_0_0_addsub_mult_add_86
INFO: [VRFC 10-311] analyzing module top_fir_compiler_0_0_addsub_mult_add_87
INFO: [VRFC 10-311] analyzing module top_fir_compiler_0_0_addsub_mult_add_88
INFO: [VRFC 10-311] analyzing module top_fir_compiler_0_0_addsub_mult_add_89
INFO: [VRFC 10-311] analyzing module top_fir_compiler_0_0_addsub_mult_add_90
INFO: [VRFC 10-311] analyzing module top_fir_compiler_0_0_addsub_mult_add_91
INFO: [VRFC 10-311] analyzing module top_fir_compiler_0_0_addsub_mult_add_92
INFO: [VRFC 10-311] analyzing module top_fir_compiler_0_0_addsub_mult_add_93
INFO: [VRFC 10-311] analyzing module top_fir_compiler_0_0_addsub_mult_add_94
INFO: [VRFC 10-311] analyzing module top_fir_compiler_0_0_addsub_mult_add_95
INFO: [VRFC 10-311] analyzing module top_fir_compiler_0_0_addsub_mult_add_96
INFO: [VRFC 10-311] analyzing module top_fir_compiler_0_0_addsub_mult_add_97
INFO: [VRFC 10-311] analyzing module top_fir_compiler_0_0_addsub_mult_add_98
INFO: [VRFC 10-311] analyzing module top_fir_compiler_0_0_addsub_mult_add_99
INFO: [VRFC 10-311] analyzing module top_fir_compiler_0_0_addsub_mult_add__parameterized0
INFO: [VRFC 10-311] analyzing module top_fir_compiler_0_0_buff
INFO: [VRFC 10-311] analyzing module top_fir_compiler_0_0_buff_0
INFO: [VRFC 10-311] analyzing module top_fir_compiler_0_0_buff_1
INFO: [VRFC 10-311] analyzing module top_fir_compiler_0_0_buff_10
INFO: [VRFC 10-311] analyzing module top_fir_compiler_0_0_buff_11
INFO: [VRFC 10-311] analyzing module top_fir_compiler_0_0_buff_12
INFO: [VRFC 10-311] analyzing module top_fir_compiler_0_0_buff_13
INFO: [VRFC 10-311] analyzing module top_fir_compiler_0_0_buff_14
INFO: [VRFC 10-311] analyzing module top_fir_compiler_0_0_buff_15
INFO: [VRFC 10-311] analyzing module top_fir_compiler_0_0_buff_16
INFO: [VRFC 10-311] analyzing module top_fir_compiler_0_0_buff_17
INFO: [VRFC 10-311] analyzing module top_fir_compiler_0_0_buff_18
INFO: [VRFC 10-311] analyzing module top_fir_compiler_0_0_buff_19
INFO: [VRFC 10-311] analyzing module top_fir_compiler_0_0_buff_2
INFO: [VRFC 10-311] analyzing module top_fir_compiler_0_0_buff_20
INFO: [VRFC 10-311] analyzing module top_fir_compiler_0_0_buff_21
INFO: [VRFC 10-311] analyzing module top_fir_compiler_0_0_buff_22
INFO: [VRFC 10-311] analyzing module top_fir_compiler_0_0_buff_23
INFO: [VRFC 10-311] analyzing module top_fir_compiler_0_0_buff_24
INFO: [VRFC 10-311] analyzing module top_fir_compiler_0_0_buff_25
INFO: [VRFC 10-311] analyzing module top_fir_compiler_0_0_buff_26
INFO: [VRFC 10-311] analyzing module top_fir_compiler_0_0_buff_27
INFO: [VRFC 10-311] analyzing module top_fir_compiler_0_0_buff_28
INFO: [VRFC 10-311] analyzing module top_fir_compiler_0_0_buff_29
INFO: [VRFC 10-311] analyzing module top_fir_compiler_0_0_buff_3
INFO: [VRFC 10-311] analyzing module top_fir_compiler_0_0_buff_30
INFO: [VRFC 10-311] analyzing module top_fir_compiler_0_0_buff_31
INFO: [VRFC 10-311] analyzing module top_fir_compiler_0_0_buff_32
INFO: [VRFC 10-311] analyzing module top_fir_compiler_0_0_buff_33
INFO: [VRFC 10-311] analyzing module top_fir_compiler_0_0_buff_34
INFO: [VRFC 10-311] analyzing module top_fir_compiler_0_0_buff_35
INFO: [VRFC 10-311] analyzing module top_fir_compiler_0_0_buff_36
INFO: [VRFC 10-311] analyzing module top_fir_compiler_0_0_buff_37
INFO: [VRFC 10-311] analyzing module top_fir_compiler_0_0_buff_38
INFO: [VRFC 10-311] analyzing module top_fir_compiler_0_0_buff_4
INFO: [VRFC 10-311] analyzing module top_fir_compiler_0_0_buff_5
INFO: [VRFC 10-311] analyzing module top_fir_compiler_0_0_buff_6
INFO: [VRFC 10-311] analyzing module top_fir_compiler_0_0_buff_7
INFO: [VRFC 10-311] analyzing module top_fir_compiler_0_0_buff_8
INFO: [VRFC 10-311] analyzing module top_fir_compiler_0_0_buff_9
INFO: [VRFC 10-311] analyzing module top_fir_compiler_0_0_buff__parameterized0
INFO: [VRFC 10-311] analyzing module top_fir_compiler_0_0_buff__parameterized0_39
INFO: [VRFC 10-311] analyzing module top_fir_compiler_0_0_buff__parameterized0_40
INFO: [VRFC 10-311] analyzing module top_fir_compiler_0_0_buff__parameterized0_41
INFO: [VRFC 10-311] analyzing module top_fir_compiler_0_0_buff__parameterized0_42
INFO: [VRFC 10-311] analyzing module top_fir_compiler_0_0_buff__parameterized0_43
INFO: [VRFC 10-311] analyzing module top_fir_compiler_0_0_buff__parameterized0_44
INFO: [VRFC 10-311] analyzing module top_fir_compiler_0_0_buff__parameterized0_45
INFO: [VRFC 10-311] analyzing module top_fir_compiler_0_0_buff__parameterized0_46
INFO: [VRFC 10-311] analyzing module top_fir_compiler_0_0_buff__parameterized0_47
INFO: [VRFC 10-311] analyzing module top_fir_compiler_0_0_buff__parameterized0_48
INFO: [VRFC 10-311] analyzing module top_fir_compiler_0_0_buff__parameterized0_49
INFO: [VRFC 10-311] analyzing module top_fir_compiler_0_0_buff__parameterized0_50
INFO: [VRFC 10-311] analyzing module top_fir_compiler_0_0_buff__parameterized0_51
INFO: [VRFC 10-311] analyzing module top_fir_compiler_0_0_buff__parameterized0_52
INFO: [VRFC 10-311] analyzing module top_fir_compiler_0_0_buff__parameterized0_53
INFO: [VRFC 10-311] analyzing module top_fir_compiler_0_0_buff__parameterized0_54
INFO: [VRFC 10-311] analyzing module top_fir_compiler_0_0_buff__parameterized0_55
INFO: [VRFC 10-311] analyzing module top_fir_compiler_0_0_buff__parameterized0_56
INFO: [VRFC 10-311] analyzing module top_fir_compiler_0_0_buff__parameterized0_57
INFO: [VRFC 10-311] analyzing module top_fir_compiler_0_0_buff__parameterized0_58
INFO: [VRFC 10-311] analyzing module top_fir_compiler_0_0_buff__parameterized0_59
INFO: [VRFC 10-311] analyzing module top_fir_compiler_0_0_buff__parameterized0_60
INFO: [VRFC 10-311] analyzing module top_fir_compiler_0_0_buff__parameterized0_61
INFO: [VRFC 10-311] analyzing module top_fir_compiler_0_0_buff__parameterized0_62
INFO: [VRFC 10-311] analyzing module top_fir_compiler_0_0_buff__parameterized0_63
INFO: [VRFC 10-311] analyzing module top_fir_compiler_0_0_buff__parameterized0_64
INFO: [VRFC 10-311] analyzing module top_fir_compiler_0_0_buff__parameterized0_65
INFO: [VRFC 10-311] analyzing module top_fir_compiler_0_0_buff__parameterized0_66
INFO: [VRFC 10-311] analyzing module top_fir_compiler_0_0_buff__parameterized0_67
INFO: [VRFC 10-311] analyzing module top_fir_compiler_0_0_buff__parameterized0_68
INFO: [VRFC 10-311] analyzing module top_fir_compiler_0_0_buff__parameterized0_69
INFO: [VRFC 10-311] analyzing module top_fir_compiler_0_0_buff__parameterized0_70
INFO: [VRFC 10-311] analyzing module top_fir_compiler_0_0_buff__parameterized0_71
INFO: [VRFC 10-311] analyzing module top_fir_compiler_0_0_buff__parameterized0_72
INFO: [VRFC 10-311] analyzing module top_fir_compiler_0_0_buff__parameterized0_73
INFO: [VRFC 10-311] analyzing module top_fir_compiler_0_0_buff__parameterized0_74
INFO: [VRFC 10-311] analyzing module top_fir_compiler_0_0_buff__parameterized0_75
INFO: [VRFC 10-311] analyzing module top_fir_compiler_0_0_buff__parameterized0_76
INFO: [VRFC 10-311] analyzing module top_fir_compiler_0_0_buff__parameterized0_77
INFO: [VRFC 10-311] analyzing module top_fir_compiler_0_0_calc
INFO: [VRFC 10-311] analyzing module top_fir_compiler_0_0_calc_118
INFO: [VRFC 10-311] analyzing module top_fir_compiler_0_0_calc_119
INFO: [VRFC 10-311] analyzing module top_fir_compiler_0_0_calc_120
INFO: [VRFC 10-311] analyzing module top_fir_compiler_0_0_calc_121
INFO: [VRFC 10-311] analyzing module top_fir_compiler_0_0_calc_122
INFO: [VRFC 10-311] analyzing module top_fir_compiler_0_0_calc_123
INFO: [VRFC 10-311] analyzing module top_fir_compiler_0_0_calc_124
INFO: [VRFC 10-311] analyzing module top_fir_compiler_0_0_calc_125
INFO: [VRFC 10-311] analyzing module top_fir_compiler_0_0_calc_126
INFO: [VRFC 10-311] analyzing module top_fir_compiler_0_0_calc_127
INFO: [VRFC 10-311] analyzing module top_fir_compiler_0_0_calc_128
INFO: [VRFC 10-311] analyzing module top_fir_compiler_0_0_calc_129
INFO: [VRFC 10-311] analyzing module top_fir_compiler_0_0_calc_130
INFO: [VRFC 10-311] analyzing module top_fir_compiler_0_0_calc_131
INFO: [VRFC 10-311] analyzing module top_fir_compiler_0_0_calc_132
INFO: [VRFC 10-311] analyzing module top_fir_compiler_0_0_calc_133
INFO: [VRFC 10-311] analyzing module top_fir_compiler_0_0_calc_134
INFO: [VRFC 10-311] analyzing module top_fir_compiler_0_0_calc_135
INFO: [VRFC 10-311] analyzing module top_fir_compiler_0_0_calc_136
INFO: [VRFC 10-311] analyzing module top_fir_compiler_0_0_calc_137
INFO: [VRFC 10-311] analyzing module top_fir_compiler_0_0_calc_138
INFO: [VRFC 10-311] analyzing module top_fir_compiler_0_0_calc_139
INFO: [VRFC 10-311] analyzing module top_fir_compiler_0_0_calc_140
INFO: [VRFC 10-311] analyzing module top_fir_compiler_0_0_calc_141
INFO: [VRFC 10-311] analyzing module top_fir_compiler_0_0_calc_142
INFO: [VRFC 10-311] analyzing module top_fir_compiler_0_0_calc_143
INFO: [VRFC 10-311] analyzing module top_fir_compiler_0_0_calc_144
INFO: [VRFC 10-311] analyzing module top_fir_compiler_0_0_calc_145
INFO: [VRFC 10-311] analyzing module top_fir_compiler_0_0_calc_146
INFO: [VRFC 10-311] analyzing module top_fir_compiler_0_0_calc_147
INFO: [VRFC 10-311] analyzing module top_fir_compiler_0_0_calc_148
INFO: [VRFC 10-311] analyzing module top_fir_compiler_0_0_calc_149
INFO: [VRFC 10-311] analyzing module top_fir_compiler_0_0_calc_150
INFO: [VRFC 10-311] analyzing module top_fir_compiler_0_0_calc_151
INFO: [VRFC 10-311] analyzing module top_fir_compiler_0_0_calc_152
INFO: [VRFC 10-311] analyzing module top_fir_compiler_0_0_calc_153
INFO: [VRFC 10-311] analyzing module top_fir_compiler_0_0_calc_154
INFO: [VRFC 10-311] analyzing module top_fir_compiler_0_0_calc_155
INFO: [VRFC 10-311] analyzing module top_fir_compiler_0_0_calc_156
INFO: [VRFC 10-311] analyzing module top_fir_compiler_0_0_calc_157
INFO: [VRFC 10-311] analyzing module top_fir_compiler_0_0_delay
INFO: [VRFC 10-311] analyzing module top_fir_compiler_0_0_delay_117
INFO: [VRFC 10-311] analyzing module top_fir_compiler_0_0_delay__parameterized0
INFO: [VRFC 10-311] analyzing module top_fir_compiler_0_0_delay__parameterized10
INFO: [VRFC 10-311] analyzing module top_fir_compiler_0_0_delay__parameterized11
INFO: [VRFC 10-311] analyzing module top_fir_compiler_0_0_delay__parameterized12
INFO: [VRFC 10-311] analyzing module top_fir_compiler_0_0_delay__parameterized13
INFO: [VRFC 10-311] analyzing module top_fir_compiler_0_0_delay__parameterized14
INFO: [VRFC 10-311] analyzing module top_fir_compiler_0_0_delay__parameterized15
INFO: [VRFC 10-311] analyzing module top_fir_compiler_0_0_delay__parameterized16
INFO: [VRFC 10-311] analyzing module top_fir_compiler_0_0_delay__parameterized17
INFO: [VRFC 10-311] analyzing module top_fir_compiler_0_0_delay__parameterized18
INFO: [VRFC 10-311] analyzing module top_fir_compiler_0_0_delay__parameterized19
INFO: [VRFC 10-311] analyzing module top_fir_compiler_0_0_delay__parameterized2
INFO: [VRFC 10-311] analyzing module top_fir_compiler_0_0_delay__parameterized20
INFO: [VRFC 10-311] analyzing module top_fir_compiler_0_0_delay__parameterized21
INFO: [VRFC 10-311] analyzing module top_fir_compiler_0_0_delay__parameterized22
INFO: [VRFC 10-311] analyzing module top_fir_compiler_0_0_delay__parameterized23
INFO: [VRFC 10-311] analyzing module top_fir_compiler_0_0_delay__parameterized24
INFO: [VRFC 10-311] analyzing module top_fir_compiler_0_0_delay__parameterized25
INFO: [VRFC 10-311] analyzing module top_fir_compiler_0_0_delay__parameterized26
INFO: [VRFC 10-311] analyzing module top_fir_compiler_0_0_delay__parameterized27
INFO: [VRFC 10-311] analyzing module top_fir_compiler_0_0_delay__parameterized28
INFO: [VRFC 10-311] analyzing module top_fir_compiler_0_0_delay__parameterized29
INFO: [VRFC 10-311] analyzing module top_fir_compiler_0_0_delay__parameterized2_197
INFO: [VRFC 10-311] analyzing module top_fir_compiler_0_0_delay__parameterized2_198
INFO: [VRFC 10-311] analyzing module top_fir_compiler_0_0_delay__parameterized2_199
INFO: [VRFC 10-311] analyzing module top_fir_compiler_0_0_delay__parameterized2_200
INFO: [VRFC 10-311] analyzing module top_fir_compiler_0_0_delay__parameterized2_201
INFO: [VRFC 10-311] analyzing module top_fir_compiler_0_0_delay__parameterized2_202
INFO: [VRFC 10-311] analyzing module top_fir_compiler_0_0_delay__parameterized2_203
INFO: [VRFC 10-311] analyzing module top_fir_compiler_0_0_delay__parameterized2_204
INFO: [VRFC 10-311] analyzing module top_fir_compiler_0_0_delay__parameterized2_205
INFO: [VRFC 10-311] analyzing module top_fir_compiler_0_0_delay__parameterized2_206
INFO: [VRFC 10-311] analyzing module top_fir_compiler_0_0_delay__parameterized2_207
INFO: [VRFC 10-311] analyzing module top_fir_compiler_0_0_delay__parameterized2_208
INFO: [VRFC 10-311] analyzing module top_fir_compiler_0_0_delay__parameterized2_209
INFO: [VRFC 10-311] analyzing module top_fir_compiler_0_0_delay__parameterized2_210
INFO: [VRFC 10-311] analyzing module top_fir_compiler_0_0_delay__parameterized2_211
INFO: [VRFC 10-311] analyzing module top_fir_compiler_0_0_delay__parameterized2_212
INFO: [VRFC 10-311] analyzing module top_fir_compiler_0_0_delay__parameterized2_213
INFO: [VRFC 10-311] analyzing module top_fir_compiler_0_0_delay__parameterized2_214
INFO: [VRFC 10-311] analyzing module top_fir_compiler_0_0_delay__parameterized2_215
INFO: [VRFC 10-311] analyzing module top_fir_compiler_0_0_delay__parameterized2_216
INFO: [VRFC 10-311] analyzing module top_fir_compiler_0_0_delay__parameterized2_217
INFO: [VRFC 10-311] analyzing module top_fir_compiler_0_0_delay__parameterized2_218
INFO: [VRFC 10-311] analyzing module top_fir_compiler_0_0_delay__parameterized2_219
INFO: [VRFC 10-311] analyzing module top_fir_compiler_0_0_delay__parameterized2_220
INFO: [VRFC 10-311] analyzing module top_fir_compiler_0_0_delay__parameterized2_221
INFO: [VRFC 10-311] analyzing module top_fir_compiler_0_0_delay__parameterized2_222
INFO: [VRFC 10-311] analyzing module top_fir_compiler_0_0_delay__parameterized2_223
INFO: [VRFC 10-311] analyzing module top_fir_compiler_0_0_delay__parameterized2_224
INFO: [VRFC 10-311] analyzing module top_fir_compiler_0_0_delay__parameterized2_225
INFO: [VRFC 10-311] analyzing module top_fir_compiler_0_0_delay__parameterized2_226
INFO: [VRFC 10-311] analyzing module top_fir_compiler_0_0_delay__parameterized2_227
INFO: [VRFC 10-311] analyzing module top_fir_compiler_0_0_delay__parameterized2_228
INFO: [VRFC 10-311] analyzing module top_fir_compiler_0_0_delay__parameterized2_229
INFO: [VRFC 10-311] analyzing module top_fir_compiler_0_0_delay__parameterized2_230
INFO: [VRFC 10-311] analyzing module top_fir_compiler_0_0_delay__parameterized2_231
INFO: [VRFC 10-311] analyzing module top_fir_compiler_0_0_delay__parameterized2_232
INFO: [VRFC 10-311] analyzing module top_fir_compiler_0_0_delay__parameterized2_233
INFO: [VRFC 10-311] analyzing module top_fir_compiler_0_0_delay__parameterized2_234
INFO: [VRFC 10-311] analyzing module top_fir_compiler_0_0_delay__parameterized2_235
INFO: [VRFC 10-311] analyzing module top_fir_compiler_0_0_delay__parameterized3
INFO: [VRFC 10-311] analyzing module top_fir_compiler_0_0_delay__parameterized30
INFO: [VRFC 10-311] analyzing module top_fir_compiler_0_0_delay__parameterized31
INFO: [VRFC 10-311] analyzing module top_fir_compiler_0_0_delay__parameterized32
INFO: [VRFC 10-311] analyzing module top_fir_compiler_0_0_delay__parameterized33
INFO: [VRFC 10-311] analyzing module top_fir_compiler_0_0_delay__parameterized34
INFO: [VRFC 10-311] analyzing module top_fir_compiler_0_0_delay__parameterized35
INFO: [VRFC 10-311] analyzing module top_fir_compiler_0_0_delay__parameterized36
INFO: [VRFC 10-311] analyzing module top_fir_compiler_0_0_delay__parameterized37
INFO: [VRFC 10-311] analyzing module top_fir_compiler_0_0_delay__parameterized38
INFO: [VRFC 10-311] analyzing module top_fir_compiler_0_0_delay__parameterized39
INFO: [VRFC 10-311] analyzing module top_fir_compiler_0_0_delay__parameterized4
INFO: [VRFC 10-311] analyzing module top_fir_compiler_0_0_delay__parameterized40
INFO: [VRFC 10-311] analyzing module top_fir_compiler_0_0_delay__parameterized41
INFO: [VRFC 10-311] analyzing module top_fir_compiler_0_0_delay__parameterized44
INFO: [VRFC 10-311] analyzing module top_fir_compiler_0_0_delay__parameterized44_158
INFO: [VRFC 10-311] analyzing module top_fir_compiler_0_0_delay__parameterized44_159
INFO: [VRFC 10-311] analyzing module top_fir_compiler_0_0_delay__parameterized44_160
INFO: [VRFC 10-311] analyzing module top_fir_compiler_0_0_delay__parameterized44_161
INFO: [VRFC 10-311] analyzing module top_fir_compiler_0_0_delay__parameterized44_162
INFO: [VRFC 10-311] analyzing module top_fir_compiler_0_0_delay__parameterized44_163
INFO: [VRFC 10-311] analyzing module top_fir_compiler_0_0_delay__parameterized44_164
INFO: [VRFC 10-311] analyzing module top_fir_compiler_0_0_delay__parameterized44_165
INFO: [VRFC 10-311] analyzing module top_fir_compiler_0_0_delay__parameterized44_166
INFO: [VRFC 10-311] analyzing module top_fir_compiler_0_0_delay__parameterized44_167
INFO: [VRFC 10-311] analyzing module top_fir_compiler_0_0_delay__parameterized44_168
INFO: [VRFC 10-311] analyzing module top_fir_compiler_0_0_delay__parameterized44_169
INFO: [VRFC 10-311] analyzing module top_fir_compiler_0_0_delay__parameterized44_170
INFO: [VRFC 10-311] analyzing module top_fir_compiler_0_0_delay__parameterized44_171
INFO: [VRFC 10-311] analyzing module top_fir_compiler_0_0_delay__parameterized44_172
INFO: [VRFC 10-311] analyzing module top_fir_compiler_0_0_delay__parameterized44_173
INFO: [VRFC 10-311] analyzing module top_fir_compiler_0_0_delay__parameterized44_174
INFO: [VRFC 10-311] analyzing module top_fir_compiler_0_0_delay__parameterized44_175
INFO: [VRFC 10-311] analyzing module top_fir_compiler_0_0_delay__parameterized44_176
INFO: [VRFC 10-311] analyzing module top_fir_compiler_0_0_delay__parameterized44_177
INFO: [VRFC 10-311] analyzing module top_fir_compiler_0_0_delay__parameterized44_178
INFO: [VRFC 10-311] analyzing module top_fir_compiler_0_0_delay__parameterized44_179
INFO: [VRFC 10-311] analyzing module top_fir_compiler_0_0_delay__parameterized44_180
INFO: [VRFC 10-311] analyzing module top_fir_compiler_0_0_delay__parameterized44_181
INFO: [VRFC 10-311] analyzing module top_fir_compiler_0_0_delay__parameterized44_182
INFO: [VRFC 10-311] analyzing module top_fir_compiler_0_0_delay__parameterized44_183
INFO: [VRFC 10-311] analyzing module top_fir_compiler_0_0_delay__parameterized44_184
INFO: [VRFC 10-311] analyzing module top_fir_compiler_0_0_delay__parameterized44_185
INFO: [VRFC 10-311] analyzing module top_fir_compiler_0_0_delay__parameterized44_186
INFO: [VRFC 10-311] analyzing module top_fir_compiler_0_0_delay__parameterized44_187
INFO: [VRFC 10-311] analyzing module top_fir_compiler_0_0_delay__parameterized44_188
INFO: [VRFC 10-311] analyzing module top_fir_compiler_0_0_delay__parameterized44_189
INFO: [VRFC 10-311] analyzing module top_fir_compiler_0_0_delay__parameterized44_190
INFO: [VRFC 10-311] analyzing module top_fir_compiler_0_0_delay__parameterized44_191
INFO: [VRFC 10-311] analyzing module top_fir_compiler_0_0_delay__parameterized44_192
INFO: [VRFC 10-311] analyzing module top_fir_compiler_0_0_delay__parameterized44_193
INFO: [VRFC 10-311] analyzing module top_fir_compiler_0_0_delay__parameterized44_194
INFO: [VRFC 10-311] analyzing module top_fir_compiler_0_0_delay__parameterized44_195
INFO: [VRFC 10-311] analyzing module top_fir_compiler_0_0_delay__parameterized44_196
INFO: [VRFC 10-311] analyzing module top_fir_compiler_0_0_delay__parameterized48
INFO: [VRFC 10-311] analyzing module top_fir_compiler_0_0_delay__parameterized5
INFO: [VRFC 10-311] analyzing module top_fir_compiler_0_0_delay__parameterized6
INFO: [VRFC 10-311] analyzing module top_fir_compiler_0_0_delay__parameterized7
INFO: [VRFC 10-311] analyzing module top_fir_compiler_0_0_delay__parameterized8
INFO: [VRFC 10-311] analyzing module top_fir_compiler_0_0_delay__parameterized9
INFO: [VRFC 10-311] analyzing module top_fir_compiler_0_0_fir_compiler_v7_2_20_viv
INFO: [VRFC 10-311] analyzing module top_fir_compiler_0_0_glb_ifx_slave
INFO: [VRFC 10-311] analyzing module top_fir_compiler_0_0_glb_srl_fifo
INFO: [VRFC 10-311] analyzing module top_fir_compiler_0_0_single_rate
INFO: [VRFC 10-311] analyzing module top_fir_compiler_0_2_addsub_mult_add
INFO: [VRFC 10-311] analyzing module top_fir_compiler_0_2_addsub_mult_add_100
INFO: [VRFC 10-311] analyzing module top_fir_compiler_0_2_addsub_mult_add_101
INFO: [VRFC 10-311] analyzing module top_fir_compiler_0_2_addsub_mult_add_102
INFO: [VRFC 10-311] analyzing module top_fir_compiler_0_2_addsub_mult_add_103
INFO: [VRFC 10-311] analyzing module top_fir_compiler_0_2_addsub_mult_add_104
INFO: [VRFC 10-311] analyzing module top_fir_compiler_0_2_addsub_mult_add_105
INFO: [VRFC 10-311] analyzing module top_fir_compiler_0_2_addsub_mult_add_106
INFO: [VRFC 10-311] analyzing module top_fir_compiler_0_2_addsub_mult_add_107
INFO: [VRFC 10-311] analyzing module top_fir_compiler_0_2_addsub_mult_add_108
INFO: [VRFC 10-311] analyzing module top_fir_compiler_0_2_addsub_mult_add_109
INFO: [VRFC 10-311] analyzing module top_fir_compiler_0_2_addsub_mult_add_110
INFO: [VRFC 10-311] analyzing module top_fir_compiler_0_2_addsub_mult_add_111
INFO: [VRFC 10-311] analyzing module top_fir_compiler_0_2_addsub_mult_add_112
INFO: [VRFC 10-311] analyzing module top_fir_compiler_0_2_addsub_mult_add_113
INFO: [VRFC 10-311] analyzing module top_fir_compiler_0_2_addsub_mult_add_114
INFO: [VRFC 10-311] analyzing module top_fir_compiler_0_2_addsub_mult_add_115
INFO: [VRFC 10-311] analyzing module top_fir_compiler_0_2_addsub_mult_add_116
INFO: [VRFC 10-311] analyzing module top_fir_compiler_0_2_addsub_mult_add_78
INFO: [VRFC 10-311] analyzing module top_fir_compiler_0_2_addsub_mult_add_79
INFO: [VRFC 10-311] analyzing module top_fir_compiler_0_2_addsub_mult_add_80
INFO: [VRFC 10-311] analyzing module top_fir_compiler_0_2_addsub_mult_add_81
INFO: [VRFC 10-311] analyzing module top_fir_compiler_0_2_addsub_mult_add_82
INFO: [VRFC 10-311] analyzing module top_fir_compiler_0_2_addsub_mult_add_83
INFO: [VRFC 10-311] analyzing module top_fir_compiler_0_2_addsub_mult_add_84
INFO: [VRFC 10-311] analyzing module top_fir_compiler_0_2_addsub_mult_add_85
INFO: [VRFC 10-311] analyzing module top_fir_compiler_0_2_addsub_mult_add_86
INFO: [VRFC 10-311] analyzing module top_fir_compiler_0_2_addsub_mult_add_87
INFO: [VRFC 10-311] analyzing module top_fir_compiler_0_2_addsub_mult_add_88
INFO: [VRFC 10-311] analyzing module top_fir_compiler_0_2_addsub_mult_add_89
INFO: [VRFC 10-311] analyzing module top_fir_compiler_0_2_addsub_mult_add_90
INFO: [VRFC 10-311] analyzing module top_fir_compiler_0_2_addsub_mult_add_91
INFO: [VRFC 10-311] analyzing module top_fir_compiler_0_2_addsub_mult_add_92
INFO: [VRFC 10-311] analyzing module top_fir_compiler_0_2_addsub_mult_add_93
INFO: [VRFC 10-311] analyzing module top_fir_compiler_0_2_addsub_mult_add_94
INFO: [VRFC 10-311] analyzing module top_fir_compiler_0_2_addsub_mult_add_95
INFO: [VRFC 10-311] analyzing module top_fir_compiler_0_2_addsub_mult_add_96
INFO: [VRFC 10-311] analyzing module top_fir_compiler_0_2_addsub_mult_add_97
INFO: [VRFC 10-311] analyzing module top_fir_compiler_0_2_addsub_mult_add_98
INFO: [VRFC 10-311] analyzing module top_fir_compiler_0_2_addsub_mult_add_99
INFO: [VRFC 10-311] analyzing module top_fir_compiler_0_2_addsub_mult_add__parameterized0
INFO: [VRFC 10-311] analyzing module top_fir_compiler_0_2_buff
INFO: [VRFC 10-311] analyzing module top_fir_compiler_0_2_buff_0
INFO: [VRFC 10-311] analyzing module top_fir_compiler_0_2_buff_1
INFO: [VRFC 10-311] analyzing module top_fir_compiler_0_2_buff_10
INFO: [VRFC 10-311] analyzing module top_fir_compiler_0_2_buff_11
INFO: [VRFC 10-311] analyzing module top_fir_compiler_0_2_buff_12
INFO: [VRFC 10-311] analyzing module top_fir_compiler_0_2_buff_13
INFO: [VRFC 10-311] analyzing module top_fir_compiler_0_2_buff_14
INFO: [VRFC 10-311] analyzing module top_fir_compiler_0_2_buff_15
INFO: [VRFC 10-311] analyzing module top_fir_compiler_0_2_buff_16
INFO: [VRFC 10-311] analyzing module top_fir_compiler_0_2_buff_17
INFO: [VRFC 10-311] analyzing module top_fir_compiler_0_2_buff_18
INFO: [VRFC 10-311] analyzing module top_fir_compiler_0_2_buff_19
INFO: [VRFC 10-311] analyzing module top_fir_compiler_0_2_buff_2
INFO: [VRFC 10-311] analyzing module top_fir_compiler_0_2_buff_20
INFO: [VRFC 10-311] analyzing module top_fir_compiler_0_2_buff_21
INFO: [VRFC 10-311] analyzing module top_fir_compiler_0_2_buff_22
INFO: [VRFC 10-311] analyzing module top_fir_compiler_0_2_buff_23
INFO: [VRFC 10-311] analyzing module top_fir_compiler_0_2_buff_24
INFO: [VRFC 10-311] analyzing module top_fir_compiler_0_2_buff_25
INFO: [VRFC 10-311] analyzing module top_fir_compiler_0_2_buff_26
INFO: [VRFC 10-311] analyzing module top_fir_compiler_0_2_buff_27
INFO: [VRFC 10-311] analyzing module top_fir_compiler_0_2_buff_28
INFO: [VRFC 10-311] analyzing module top_fir_compiler_0_2_buff_29
INFO: [VRFC 10-311] analyzing module top_fir_compiler_0_2_buff_3
INFO: [VRFC 10-311] analyzing module top_fir_compiler_0_2_buff_30
INFO: [VRFC 10-311] analyzing module top_fir_compiler_0_2_buff_31
INFO: [VRFC 10-311] analyzing module top_fir_compiler_0_2_buff_32
INFO: [VRFC 10-311] analyzing module top_fir_compiler_0_2_buff_33
INFO: [VRFC 10-311] analyzing module top_fir_compiler_0_2_buff_34
INFO: [VRFC 10-311] analyzing module top_fir_compiler_0_2_buff_35
INFO: [VRFC 10-311] analyzing module top_fir_compiler_0_2_buff_36
INFO: [VRFC 10-311] analyzing module top_fir_compiler_0_2_buff_37
INFO: [VRFC 10-311] analyzing module top_fir_compiler_0_2_buff_38
INFO: [VRFC 10-311] analyzing module top_fir_compiler_0_2_buff_4
INFO: [VRFC 10-311] analyzing module top_fir_compiler_0_2_buff_5
INFO: [VRFC 10-311] analyzing module top_fir_compiler_0_2_buff_6
INFO: [VRFC 10-311] analyzing module top_fir_compiler_0_2_buff_7
INFO: [VRFC 10-311] analyzing module top_fir_compiler_0_2_buff_8
INFO: [VRFC 10-311] analyzing module top_fir_compiler_0_2_buff_9
INFO: [VRFC 10-311] analyzing module top_fir_compiler_0_2_buff__parameterized0
INFO: [VRFC 10-311] analyzing module top_fir_compiler_0_2_buff__parameterized0_39
INFO: [VRFC 10-311] analyzing module top_fir_compiler_0_2_buff__parameterized0_40
INFO: [VRFC 10-311] analyzing module top_fir_compiler_0_2_buff__parameterized0_41
INFO: [VRFC 10-311] analyzing module top_fir_compiler_0_2_buff__parameterized0_42
INFO: [VRFC 10-311] analyzing module top_fir_compiler_0_2_buff__parameterized0_43
INFO: [VRFC 10-311] analyzing module top_fir_compiler_0_2_buff__parameterized0_44
INFO: [VRFC 10-311] analyzing module top_fir_compiler_0_2_buff__parameterized0_45
INFO: [VRFC 10-311] analyzing module top_fir_compiler_0_2_buff__parameterized0_46
INFO: [VRFC 10-311] analyzing module top_fir_compiler_0_2_buff__parameterized0_47
INFO: [VRFC 10-311] analyzing module top_fir_compiler_0_2_buff__parameterized0_48
INFO: [VRFC 10-311] analyzing module top_fir_compiler_0_2_buff__parameterized0_49
INFO: [VRFC 10-311] analyzing module top_fir_compiler_0_2_buff__parameterized0_50
INFO: [VRFC 10-311] analyzing module top_fir_compiler_0_2_buff__parameterized0_51
INFO: [VRFC 10-311] analyzing module top_fir_compiler_0_2_buff__parameterized0_52
INFO: [VRFC 10-311] analyzing module top_fir_compiler_0_2_buff__parameterized0_53
INFO: [VRFC 10-311] analyzing module top_fir_compiler_0_2_buff__parameterized0_54
INFO: [VRFC 10-311] analyzing module top_fir_compiler_0_2_buff__parameterized0_55
INFO: [VRFC 10-311] analyzing module top_fir_compiler_0_2_buff__parameterized0_56
INFO: [VRFC 10-311] analyzing module top_fir_compiler_0_2_buff__parameterized0_57
INFO: [VRFC 10-311] analyzing module top_fir_compiler_0_2_buff__parameterized0_58
INFO: [VRFC 10-311] analyzing module top_fir_compiler_0_2_buff__parameterized0_59
INFO: [VRFC 10-311] analyzing module top_fir_compiler_0_2_buff__parameterized0_60
INFO: [VRFC 10-311] analyzing module top_fir_compiler_0_2_buff__parameterized0_61
INFO: [VRFC 10-311] analyzing module top_fir_compiler_0_2_buff__parameterized0_62
INFO: [VRFC 10-311] analyzing module top_fir_compiler_0_2_buff__parameterized0_63
INFO: [VRFC 10-311] analyzing module top_fir_compiler_0_2_buff__parameterized0_64
INFO: [VRFC 10-311] analyzing module top_fir_compiler_0_2_buff__parameterized0_65
INFO: [VRFC 10-311] analyzing module top_fir_compiler_0_2_buff__parameterized0_66
INFO: [VRFC 10-311] analyzing module top_fir_compiler_0_2_buff__parameterized0_67
INFO: [VRFC 10-311] analyzing module top_fir_compiler_0_2_buff__parameterized0_68
INFO: [VRFC 10-311] analyzing module top_fir_compiler_0_2_buff__parameterized0_69
INFO: [VRFC 10-311] analyzing module top_fir_compiler_0_2_buff__parameterized0_70
INFO: [VRFC 10-311] analyzing module top_fir_compiler_0_2_buff__parameterized0_71
INFO: [VRFC 10-311] analyzing module top_fir_compiler_0_2_buff__parameterized0_72
INFO: [VRFC 10-311] analyzing module top_fir_compiler_0_2_buff__parameterized0_73
INFO: [VRFC 10-311] analyzing module top_fir_compiler_0_2_buff__parameterized0_74
INFO: [VRFC 10-311] analyzing module top_fir_compiler_0_2_buff__parameterized0_75
INFO: [VRFC 10-311] analyzing module top_fir_compiler_0_2_buff__parameterized0_76
INFO: [VRFC 10-311] analyzing module top_fir_compiler_0_2_buff__parameterized0_77
INFO: [VRFC 10-311] analyzing module top_fir_compiler_0_2_calc
INFO: [VRFC 10-311] analyzing module top_fir_compiler_0_2_calc_118
INFO: [VRFC 10-311] analyzing module top_fir_compiler_0_2_calc_119
INFO: [VRFC 10-311] analyzing module top_fir_compiler_0_2_calc_120
INFO: [VRFC 10-311] analyzing module top_fir_compiler_0_2_calc_121
INFO: [VRFC 10-311] analyzing module top_fir_compiler_0_2_calc_122
INFO: [VRFC 10-311] analyzing module top_fir_compiler_0_2_calc_123
INFO: [VRFC 10-311] analyzing module top_fir_compiler_0_2_calc_124
INFO: [VRFC 10-311] analyzing module top_fir_compiler_0_2_calc_125
INFO: [VRFC 10-311] analyzing module top_fir_compiler_0_2_calc_126
INFO: [VRFC 10-311] analyzing module top_fir_compiler_0_2_calc_127
INFO: [VRFC 10-311] analyzing module top_fir_compiler_0_2_calc_128
INFO: [VRFC 10-311] analyzing module top_fir_compiler_0_2_calc_129
INFO: [VRFC 10-311] analyzing module top_fir_compiler_0_2_calc_130
INFO: [VRFC 10-311] analyzing module top_fir_compiler_0_2_calc_131
INFO: [VRFC 10-311] analyzing module top_fir_compiler_0_2_calc_132
INFO: [VRFC 10-311] analyzing module top_fir_compiler_0_2_calc_133
INFO: [VRFC 10-311] analyzing module top_fir_compiler_0_2_calc_134
INFO: [VRFC 10-311] analyzing module top_fir_compiler_0_2_calc_135
INFO: [VRFC 10-311] analyzing module top_fir_compiler_0_2_calc_136
INFO: [VRFC 10-311] analyzing module top_fir_compiler_0_2_calc_137
INFO: [VRFC 10-311] analyzing module top_fir_compiler_0_2_calc_138
INFO: [VRFC 10-311] analyzing module top_fir_compiler_0_2_calc_139
INFO: [VRFC 10-311] analyzing module top_fir_compiler_0_2_calc_140
INFO: [VRFC 10-311] analyzing module top_fir_compiler_0_2_calc_141
INFO: [VRFC 10-311] analyzing module top_fir_compiler_0_2_calc_142
INFO: [VRFC 10-311] analyzing module top_fir_compiler_0_2_calc_143
INFO: [VRFC 10-311] analyzing module top_fir_compiler_0_2_calc_144
INFO: [VRFC 10-311] analyzing module top_fir_compiler_0_2_calc_145
INFO: [VRFC 10-311] analyzing module top_fir_compiler_0_2_calc_146
INFO: [VRFC 10-311] analyzing module top_fir_compiler_0_2_calc_147
INFO: [VRFC 10-311] analyzing module top_fir_compiler_0_2_calc_148
INFO: [VRFC 10-311] analyzing module top_fir_compiler_0_2_calc_149
INFO: [VRFC 10-311] analyzing module top_fir_compiler_0_2_calc_150
INFO: [VRFC 10-311] analyzing module top_fir_compiler_0_2_calc_151
INFO: [VRFC 10-311] analyzing module top_fir_compiler_0_2_calc_152
INFO: [VRFC 10-311] analyzing module top_fir_compiler_0_2_calc_153
INFO: [VRFC 10-311] analyzing module top_fir_compiler_0_2_calc_154
INFO: [VRFC 10-311] analyzing module top_fir_compiler_0_2_calc_155
INFO: [VRFC 10-311] analyzing module top_fir_compiler_0_2_calc_156
INFO: [VRFC 10-311] analyzing module top_fir_compiler_0_2_calc_157
INFO: [VRFC 10-311] analyzing module top_fir_compiler_0_2_delay
INFO: [VRFC 10-311] analyzing module top_fir_compiler_0_2_delay_117
INFO: [VRFC 10-311] analyzing module top_fir_compiler_0_2_delay__parameterized0
INFO: [VRFC 10-311] analyzing module top_fir_compiler_0_2_delay__parameterized10
INFO: [VRFC 10-311] analyzing module top_fir_compiler_0_2_delay__parameterized11
INFO: [VRFC 10-311] analyzing module top_fir_compiler_0_2_delay__parameterized12
INFO: [VRFC 10-311] analyzing module top_fir_compiler_0_2_delay__parameterized13
INFO: [VRFC 10-311] analyzing module top_fir_compiler_0_2_delay__parameterized14
INFO: [VRFC 10-311] analyzing module top_fir_compiler_0_2_delay__parameterized15
INFO: [VRFC 10-311] analyzing module top_fir_compiler_0_2_delay__parameterized16
INFO: [VRFC 10-311] analyzing module top_fir_compiler_0_2_delay__parameterized17
INFO: [VRFC 10-311] analyzing module top_fir_compiler_0_2_delay__parameterized18
INFO: [VRFC 10-311] analyzing module top_fir_compiler_0_2_delay__parameterized19
INFO: [VRFC 10-311] analyzing module top_fir_compiler_0_2_delay__parameterized2
INFO: [VRFC 10-311] analyzing module top_fir_compiler_0_2_delay__parameterized20
INFO: [VRFC 10-311] analyzing module top_fir_compiler_0_2_delay__parameterized21
INFO: [VRFC 10-311] analyzing module top_fir_compiler_0_2_delay__parameterized22
INFO: [VRFC 10-311] analyzing module top_fir_compiler_0_2_delay__parameterized23
INFO: [VRFC 10-311] analyzing module top_fir_compiler_0_2_delay__parameterized24
INFO: [VRFC 10-311] analyzing module top_fir_compiler_0_2_delay__parameterized25
INFO: [VRFC 10-311] analyzing module top_fir_compiler_0_2_delay__parameterized26
INFO: [VRFC 10-311] analyzing module top_fir_compiler_0_2_delay__parameterized27
INFO: [VRFC 10-311] analyzing module top_fir_compiler_0_2_delay__parameterized28
INFO: [VRFC 10-311] analyzing module top_fir_compiler_0_2_delay__parameterized29
INFO: [VRFC 10-311] analyzing module top_fir_compiler_0_2_delay__parameterized2_197
INFO: [VRFC 10-311] analyzing module top_fir_compiler_0_2_delay__parameterized2_198
INFO: [VRFC 10-311] analyzing module top_fir_compiler_0_2_delay__parameterized2_199
INFO: [VRFC 10-311] analyzing module top_fir_compiler_0_2_delay__parameterized2_200
INFO: [VRFC 10-311] analyzing module top_fir_compiler_0_2_delay__parameterized2_201
INFO: [VRFC 10-311] analyzing module top_fir_compiler_0_2_delay__parameterized2_202
INFO: [VRFC 10-311] analyzing module top_fir_compiler_0_2_delay__parameterized2_203
INFO: [VRFC 10-311] analyzing module top_fir_compiler_0_2_delay__parameterized2_204
INFO: [VRFC 10-311] analyzing module top_fir_compiler_0_2_delay__parameterized2_205
INFO: [VRFC 10-311] analyzing module top_fir_compiler_0_2_delay__parameterized2_206
INFO: [VRFC 10-311] analyzing module top_fir_compiler_0_2_delay__parameterized2_207
INFO: [VRFC 10-311] analyzing module top_fir_compiler_0_2_delay__parameterized2_208
INFO: [VRFC 10-311] analyzing module top_fir_compiler_0_2_delay__parameterized2_209
INFO: [VRFC 10-311] analyzing module top_fir_compiler_0_2_delay__parameterized2_210
INFO: [VRFC 10-311] analyzing module top_fir_compiler_0_2_delay__parameterized2_211
INFO: [VRFC 10-311] analyzing module top_fir_compiler_0_2_delay__parameterized2_212
INFO: [VRFC 10-311] analyzing module top_fir_compiler_0_2_delay__parameterized2_213
INFO: [VRFC 10-311] analyzing module top_fir_compiler_0_2_delay__parameterized2_214
INFO: [VRFC 10-311] analyzing module top_fir_compiler_0_2_delay__parameterized2_215
INFO: [VRFC 10-311] analyzing module top_fir_compiler_0_2_delay__parameterized2_216
INFO: [VRFC 10-311] analyzing module top_fir_compiler_0_2_delay__parameterized2_217
INFO: [VRFC 10-311] analyzing module top_fir_compiler_0_2_delay__parameterized2_218
INFO: [VRFC 10-311] analyzing module top_fir_compiler_0_2_delay__parameterized2_219
INFO: [VRFC 10-311] analyzing module top_fir_compiler_0_2_delay__parameterized2_220
INFO: [VRFC 10-311] analyzing module top_fir_compiler_0_2_delay__parameterized2_221
INFO: [VRFC 10-311] analyzing module top_fir_compiler_0_2_delay__parameterized2_222
INFO: [VRFC 10-311] analyzing module top_fir_compiler_0_2_delay__parameterized2_223
INFO: [VRFC 10-311] analyzing module top_fir_compiler_0_2_delay__parameterized2_224
INFO: [VRFC 10-311] analyzing module top_fir_compiler_0_2_delay__parameterized2_225
INFO: [VRFC 10-311] analyzing module top_fir_compiler_0_2_delay__parameterized2_226
INFO: [VRFC 10-311] analyzing module top_fir_compiler_0_2_delay__parameterized2_227
INFO: [VRFC 10-311] analyzing module top_fir_compiler_0_2_delay__parameterized2_228
INFO: [VRFC 10-311] analyzing module top_fir_compiler_0_2_delay__parameterized2_229
INFO: [VRFC 10-311] analyzing module top_fir_compiler_0_2_delay__parameterized2_230
INFO: [VRFC 10-311] analyzing module top_fir_compiler_0_2_delay__parameterized2_231
INFO: [VRFC 10-311] analyzing module top_fir_compiler_0_2_delay__parameterized2_232
INFO: [VRFC 10-311] analyzing module top_fir_compiler_0_2_delay__parameterized2_233
INFO: [VRFC 10-311] analyzing module top_fir_compiler_0_2_delay__parameterized2_234
INFO: [VRFC 10-311] analyzing module top_fir_compiler_0_2_delay__parameterized2_235
INFO: [VRFC 10-311] analyzing module top_fir_compiler_0_2_delay__parameterized3
INFO: [VRFC 10-311] analyzing module top_fir_compiler_0_2_delay__parameterized30
INFO: [VRFC 10-311] analyzing module top_fir_compiler_0_2_delay__parameterized31
INFO: [VRFC 10-311] analyzing module top_fir_compiler_0_2_delay__parameterized32
INFO: [VRFC 10-311] analyzing module top_fir_compiler_0_2_delay__parameterized33
INFO: [VRFC 10-311] analyzing module top_fir_compiler_0_2_delay__parameterized34
INFO: [VRFC 10-311] analyzing module top_fir_compiler_0_2_delay__parameterized35
INFO: [VRFC 10-311] analyzing module top_fir_compiler_0_2_delay__parameterized36
INFO: [VRFC 10-311] analyzing module top_fir_compiler_0_2_delay__parameterized37
INFO: [VRFC 10-311] analyzing module top_fir_compiler_0_2_delay__parameterized38
INFO: [VRFC 10-311] analyzing module top_fir_compiler_0_2_delay__parameterized39
INFO: [VRFC 10-311] analyzing module top_fir_compiler_0_2_delay__parameterized4
INFO: [VRFC 10-311] analyzing module top_fir_compiler_0_2_delay__parameterized40
INFO: [VRFC 10-311] analyzing module top_fir_compiler_0_2_delay__parameterized41
INFO: [VRFC 10-311] analyzing module top_fir_compiler_0_2_delay__parameterized44
INFO: [VRFC 10-311] analyzing module top_fir_compiler_0_2_delay__parameterized44_158
INFO: [VRFC 10-311] analyzing module top_fir_compiler_0_2_delay__parameterized44_159
INFO: [VRFC 10-311] analyzing module top_fir_compiler_0_2_delay__parameterized44_160
INFO: [VRFC 10-311] analyzing module top_fir_compiler_0_2_delay__parameterized44_161
INFO: [VRFC 10-311] analyzing module top_fir_compiler_0_2_delay__parameterized44_162
INFO: [VRFC 10-311] analyzing module top_fir_compiler_0_2_delay__parameterized44_163
INFO: [VRFC 10-311] analyzing module top_fir_compiler_0_2_delay__parameterized44_164
INFO: [VRFC 10-311] analyzing module top_fir_compiler_0_2_delay__parameterized44_165
INFO: [VRFC 10-311] analyzing module top_fir_compiler_0_2_delay__parameterized44_166
INFO: [VRFC 10-311] analyzing module top_fir_compiler_0_2_delay__parameterized44_167
INFO: [VRFC 10-311] analyzing module top_fir_compiler_0_2_delay__parameterized44_168
INFO: [VRFC 10-311] analyzing module top_fir_compiler_0_2_delay__parameterized44_169
INFO: [VRFC 10-311] analyzing module top_fir_compiler_0_2_delay__parameterized44_170
INFO: [VRFC 10-311] analyzing module top_fir_compiler_0_2_delay__parameterized44_171
INFO: [VRFC 10-311] analyzing module top_fir_compiler_0_2_delay__parameterized44_172
INFO: [VRFC 10-311] analyzing module top_fir_compiler_0_2_delay__parameterized44_173
INFO: [VRFC 10-311] analyzing module top_fir_compiler_0_2_delay__parameterized44_174
INFO: [VRFC 10-311] analyzing module top_fir_compiler_0_2_delay__parameterized44_175
INFO: [VRFC 10-311] analyzing module top_fir_compiler_0_2_delay__parameterized44_176
INFO: [VRFC 10-311] analyzing module top_fir_compiler_0_2_delay__parameterized44_177
INFO: [VRFC 10-311] analyzing module top_fir_compiler_0_2_delay__parameterized44_178
INFO: [VRFC 10-311] analyzing module top_fir_compiler_0_2_delay__parameterized44_179
INFO: [VRFC 10-311] analyzing module top_fir_compiler_0_2_delay__parameterized44_180
INFO: [VRFC 10-311] analyzing module top_fir_compiler_0_2_delay__parameterized44_181
INFO: [VRFC 10-311] analyzing module top_fir_compiler_0_2_delay__parameterized44_182
INFO: [VRFC 10-311] analyzing module top_fir_compiler_0_2_delay__parameterized44_183
INFO: [VRFC 10-311] analyzing module top_fir_compiler_0_2_delay__parameterized44_184
INFO: [VRFC 10-311] analyzing module top_fir_compiler_0_2_delay__parameterized44_185
INFO: [VRFC 10-311] analyzing module top_fir_compiler_0_2_delay__parameterized44_186
INFO: [VRFC 10-311] analyzing module top_fir_compiler_0_2_delay__parameterized44_187
INFO: [VRFC 10-311] analyzing module top_fir_compiler_0_2_delay__parameterized44_188
INFO: [VRFC 10-311] analyzing module top_fir_compiler_0_2_delay__parameterized44_189
INFO: [VRFC 10-311] analyzing module top_fir_compiler_0_2_delay__parameterized44_190
INFO: [VRFC 10-311] analyzing module top_fir_compiler_0_2_delay__parameterized44_191
INFO: [VRFC 10-311] analyzing module top_fir_compiler_0_2_delay__parameterized44_192
INFO: [VRFC 10-311] analyzing module top_fir_compiler_0_2_delay__parameterized44_193
INFO: [VRFC 10-311] analyzing module top_fir_compiler_0_2_delay__parameterized44_194
INFO: [VRFC 10-311] analyzing module top_fir_compiler_0_2_delay__parameterized44_195
INFO: [VRFC 10-311] analyzing module top_fir_compiler_0_2_delay__parameterized44_196
INFO: [VRFC 10-311] analyzing module top_fir_compiler_0_2_delay__parameterized48
INFO: [VRFC 10-311] analyzing module top_fir_compiler_0_2_delay__parameterized5
INFO: [VRFC 10-311] analyzing module top_fir_compiler_0_2_delay__parameterized6
INFO: [VRFC 10-311] analyzing module top_fir_compiler_0_2_delay__parameterized7
INFO: [VRFC 10-311] analyzing module top_fir_compiler_0_2_delay__parameterized8
INFO: [VRFC 10-311] analyzing module top_fir_compiler_0_2_delay__parameterized9
INFO: [VRFC 10-311] analyzing module top_fir_compiler_0_2_fir_compiler_v7_2_20_viv
INFO: [VRFC 10-311] analyzing module top_fir_compiler_0_2_glb_ifx_slave
INFO: [VRFC 10-311] analyzing module top_fir_compiler_0_2_glb_srl_fifo
INFO: [VRFC 10-311] analyzing module top_fir_compiler_0_2_single_rate
INFO: [VRFC 10-311] analyzing module top_mult_gen_0_0_delay_line
INFO: [VRFC 10-311] analyzing module top_mult_gen_0_0_dsp
INFO: [VRFC 10-311] analyzing module top_mult_gen_0_0_mult_gen_v12_0_19_viv
INFO: [VRFC 10-311] analyzing module top_mult_gen_0_1_delay_line
INFO: [VRFC 10-311] analyzing module top_mult_gen_0_1_dsp
INFO: [VRFC 10-311] analyzing module top_mult_gen_0_1_mult_gen_v12_0_19_viv
INFO: [VRFC 10-311] analyzing module glbl
INFO: [VRFC 10-2263] Analyzing Verilog file "F:/Git_Repository/DVB-S/FPGA_BU01/FPGA_BU01.srcs/sim_1/new/top_tb.v" into library xil_defaultlib
INFO: [VRFC 10-311] analyzing module top_tb
